------------------------------------------------------------------------------
                           GCC Code Coverage Report
Directory: ../src
------------------------------------------------------------------------------
File                                       Lines    Exec  Cover   Missing
------------------------------------------------------------------------------
file1.cpp                                      2       2   100%
main.cpp                                       7       6    85%   7
------------------------------------------------------------------------------
TOTAL                                          9       8    88%
------------------------------------------------------------------------------
