------------------------------------------------------------------------------
                           GCC Code Coverage Report
Directory: .
------------------------------------------------------------------------------
File                                       Lines    Exec  Cover   Missing
------------------------------------------------------------------------------
main.cpp                                       6       6   100%
file1.cpp                                      4       3    75%   4
file4.cpp                                      2       0     0%   1,3
file2.cpp                                      7       4    57%   8,10-11
file3.cpp                                      9       4    44%   8,10-12,14
------------------------------------------------------------------------------
TOTAL                                         28      17    60%
------------------------------------------------------------------------------
