<?xml version='1.0' encoding='UTF-8'?>
<!DOCTYPE coverage SYSTEM 'http://cobertura.sourceforge.net/xml/coverage-04.dtd'>
<coverage line-rate="0.77778" branch-rate="0.5" lines-covered="7" lines-valid="9" branches-covered="2" branches-valid="4" complexity="0.0" timestamp="1759082961" version="gcovr 8.4+main">
  <sources>
    <source>tests/shadow</source>
  </sources>
  <packages>
    <package name="" line-rate="0.77778" branch-rate="0.5" complexity="0.0">
      <classes>
        <class name="main_cpp" filename="main.cpp" line-rate="0.77778" branch-rate="0.5" complexity="0.0">
          <methods>
            <method name="foo" signature="(int)" line-rate="0.75" branch-rate="0.5" complexity="0.0">
              <lines>
                <line number="4" hits="1" branch="false"/>
                <line number="5" hits="1" branch="true" condition-coverage="50% (1/2)">
                  <conditions>
                    <condition number="0" type="jump" coverage="50%"/>
                  </conditions>
                </line>
                <line number="6" hits="0" branch="false"/>
                <line number="8" hits="1" branch="false"/>
              </lines>
            </method>
            <method name="main" signature="" line-rate="0.8" branch-rate="0.5" complexity="0.0">
              <lines>
                <line number="13" hits="1" branch="false"/>
                <line number="17" hits="1" branch="false"/>
                <line number="18" hits="1" branch="true" condition-coverage="50% (1/2)">
                  <conditions>
                    <condition number="0" type="jump" coverage="50%"/>
                  </conditions>
                </line>
                <line number="22" hits="0" branch="false"/>
                <line number="25" hits="1" branch="false"/>
              </lines>
            </method>
          </methods>
          <lines>
            <line number="4" hits="1" branch="false"/>
            <line number="5" hits="1" branch="true" condition-coverage="50% (1/2)">
              <conditions>
                <condition number="0" type="jump" coverage="50%"/>
              </conditions>
            </line>
            <line number="6" hits="0" branch="false"/>
            <line number="8" hits="1" branch="false"/>
            <line number="13" hits="1" branch="false"/>
            <line number="17" hits="1" branch="false"/>
            <line number="18" hits="1" branch="true" condition-coverage="50% (1/2)">
              <conditions>
                <condition number="0" type="jump" coverage="50%"/>
              </conditions>
            </line>
            <line number="22" hits="0" branch="false"/>
            <line number="25" hits="1" branch="false"/>
          </lines>
        </class>
      </classes>
    </package>
  </packages>
</coverage>
