<?xml version='1.0' encoding='UTF-8'?>
<!DOCTYPE coverage SYSTEM 'http://cobertura.sourceforge.net/xml/coverage-04.dtd'>
<coverage line-rate="0.71429" branch-rate="0.66667" lines-covered="10" lines-valid="14" branches-covered="4" branches-valid="6" complexity="0.0" timestamp="1759082961" version="gcovr 8.4+main">
  <sources>
    <source>tests/exclude-source-branch-without-hit</source>
  </sources>
  <packages>
    <package name="" line-rate="0.71429" branch-rate="0.66667" complexity="0.0">
      <classes>
        <class name="main_cpp" filename="main.cpp" line-rate="0.71429" branch-rate="0.66667" complexity="0.0">
          <methods>
            <method name="_Z3fooi" signature="" line-rate="0.625" branch-rate="1.0" complexity="0.0">
              <lines>
                <line number="3" hits="2" branch="false"/>
                <line number="5" hits="2" branch="true" condition-coverage="100% (2/2)">
                  <conditions>
                    <condition number="0" type="jump" coverage="100%"/>
                  </conditions>
                </line>
                <line number="7" hits="1" branch="false"/>
                <line number="9" hits="0" branch="false"/>
                <line number="11" hits="0" branch="false"/>
                <line number="13" hits="1" branch="false"/>
                <line number="15" hits="0" branch="false"/>
                <line number="17" hits="2" branch="false"/>
              </lines>
            </method>
            <method name="main" signature="" line-rate="0.83333" branch-rate="0.5" complexity="0.0">
              <lines>
                <line number="19" hits="1" branch="false"/>
                <line number="20" hits="1" branch="true" condition-coverage="50% (2/4)">
                  <conditions>
                    <condition number="0" type="jump" coverage="50%"/>
                  </conditions>
                </line>
                <line number="21" hits="1" branch="false"/>
                <line number="22" hits="1" branch="false"/>
                <line number="24" hits="0" branch="false"/>
                <line number="27" hits="1" branch="false"/>
              </lines>
            </method>
          </methods>
          <lines>
            <line number="3" hits="2" branch="false"/>
            <line number="5" hits="2" branch="true" condition-coverage="100% (2/2)">
              <conditions>
                <condition number="0" type="jump" coverage="100%"/>
              </conditions>
            </line>
            <line number="7" hits="1" branch="false"/>
            <line number="9" hits="0" branch="false"/>
            <line number="11" hits="0" branch="false"/>
            <line number="13" hits="1" branch="false"/>
            <line number="15" hits="0" branch="false"/>
            <line number="17" hits="2" branch="false"/>
            <line number="19" hits="1" branch="false"/>
            <line number="20" hits="1" branch="true" condition-coverage="50% (2/4)">
              <conditions>
                <condition number="0" type="jump" coverage="50%"/>
              </conditions>
            </line>
            <line number="21" hits="1" branch="false"/>
            <line number="22" hits="1" branch="false"/>
            <line number="24" hits="0" branch="false"/>
            <line number="27" hits="1" branch="false"/>
          </lines>
        </class>
      </classes>
    </package>
  </packages>
</coverage>
