<?xml version='1.0' encoding='UTF-8'?>
<!DOCTYPE coverage SYSTEM 'http://cobertura.sourceforge.net/xml/coverage-04.dtd'>
<coverage line-rate="0.8" branch-rate="0.4" lines-covered="4" lines-valid="5" branches-covered="4" branches-valid="10" complexity="0.0" timestamp="" version="gcovr 8.2+main">
  <sources>
    <source>.</source>
  </sources>
  <packages>
    <package name="" line-rate="0.8" branch-rate="0.4" complexity="0.0">
      <classes>
        <class name="main_cpp" filename="main.cpp" line-rate="0.8" branch-rate="0.4" complexity="0.0">
          <methods/>
          <lines>
            <line number="4" hits="1" branch="false"/>
            <line number="6" hits="1" branch="true" condition-coverage="50% (2/4)">
              <conditions>
                <condition number="0" type="jump" coverage="50%"/>
              </conditions>
            </line>
            <line number="7" hits="1" branch="false"/>
            <line number="9" hits="0" branch="false"/>
            <line number="12" hits="4" branch="true" condition-coverage="33% (2/6)">
              <conditions>
                <condition number="0" type="jump" coverage="33%"/>
              </conditions>
            </line>
          </lines>
        </class>
      </classes>
    </package>
  </packages>
</coverage>
