TN:GCOVR report
SF:tests/excl-line-branch/main.cpp
VER:74860102d61efa7bb5a068579d0bfe40
FN:38,_Z3bari
FNDA:0,_Z3bari
FN:16,_Z3fooi
FNDA:5,_Z3fooi
FN:7,_ZN3BarC2Ev
FNDA:1,_ZN3BarC2Ev
FN:9,_ZN3BarD0Ev
FNDA:0,_ZN3BarD0Ev
FN:9,_ZN3BarD2Ev
FNDA:1,_ZN3BarD2Ev
FN:46,main
FNDA:1,main
FNF:6
FNH:4
BRDA:17,2,0,4
BRDA:17,2,1,1
BRDA:17,3,2,1
BRDA:17,3,3,3
BRDA:21,8,0,-
BRDA:21,8,1,2
BRDA:23,10,0,-
BRDA:23,10,1,2
BRDA:47,5,0,5
BRDA:47,5,1,1
BRF:10
BRH:8
DA:7,1,f0d54fc3718423907ffe35d82be9e65c
DA:8,1,5efee26ba06711f9395b3c3bc7a9d94a
DA:9,1,ef89afadbfb397fa2428716379142419
DA:10,1,a20b7177cd45e825b1ba777bd4a25133
DA:16,5,bb4aae5e443f387349849f9a5a813e31
DA:17,5,69d7cb531f90045147347c360a0d81d2
DA:18,2,2c49a86f5754f8103995fc6d32bc207e
DA:20,1,9e509d19a37174e72bead0ea24176228
DA:21,2,189a346e59b4b9eb1653c629e9e00396
DA:22,0,30947b981b8563f1d1a6690c87ba3db6
DA:23,2,d4dfe4cbc7a957b4db133508a4597ed6
DA:24,0,3b131baf29a59cf4c789f42a8cb54194
DA:35,1,c26ba559a5f34d46a49fafed87946fb7
DA:46,1,2a787a1309f19379bb0e3d8434d2a18d
DA:47,6,3aac4e3adb4400cb9a56145130946d99
DA:48,5,ce31d2067628e009ca3ca41fc3d5f044
DA:61,1,c26ba559a5f34d46a49fafed87946fb7
LH:15
LF:17
end_of_record
