------------------------------------------------------------------------------
                           GCC Code Coverage Report
Directory: ../symlink
------------------------------------------------------------------------------
File                                       Lines    Exec  Cover   Missing
------------------------------------------------------------------------------
main.cpp                                       2       2   100%
------------------------------------------------------------------------------
TOTAL                                          2       2   100%
------------------------------------------------------------------------------
