------------------------------------------------------------------------------
                           GCC Code Coverage Report
Directory: .
------------------------------------------------------------------------------
File                                       Lines    Exec  Cover   Missing
------------------------------------------------------------------------------
relevant-library/src/yes.cpp                   2       2   100%   
src/main.cpp                                   5       4    80%   7
------------------------------------------------------------------------------
TOTAL                                          7       6    85%
------------------------------------------------------------------------------
