<?xml version='1.0' encoding='UTF-8'?>
<!DOCTYPE coverage SYSTEM 'http://cobertura.sourceforge.net/xml/coverage-04.dtd'>
<coverage line-rate="0.8571428571428571" branch-rate="0.25" lines-covered="6" lines-valid="7" branches-covered="1" branches-valid="4" complexity="0.0" timestamp="1729689126" version="gcovr 8.2+main">
  <sources>
    <source>.</source>
  </sources>
  <packages>
    <package name="" line-rate="0.8571428571428571" branch-rate="0.25" complexity="0.0">
      <classes>
        <class name="main_c" filename="main.c" line-rate="0.8571428571428571" branch-rate="0.25" complexity="0.0">
          <methods/>
          <lines>
            <line number="3" hits="2" branch="false"/>
            <line number="4" hits="2" branch="true" condition-coverage="25% (1/4)">
              <conditions>
                <condition number="0" type="jump" coverage="25%"/>
              </conditions>
            </line>
            <line number="5" hits="0" branch="false"/>
            <line number="7" hits="2" branch="false"/>
            <line number="11" hits="2" branch="false"/>
            <line number="12" hits="2" branch="false"/>
            <line number="14" hits="2" branch="false"/>
          </lines>
        </class>
      </classes>
    </package>
  </packages>
</coverage>
