------------------------------------------------------------------------------
                           GCC Code Coverage Report
Directory: .
------------------------------------------------------------------------------
File                                       Lines    Exec  Cover   Missing
------------------------------------------------------------------------------
exclude-line-branch/bar.cpp                    0       0    --%
exclude-line-branch/foo.cpp                    9       7    77%   8,10
exclude-line-branch/main.cpp                  10       8    80%   12-13
------------------------------------------------------------------------------
TOTAL                                         19      15    78%
------------------------------------------------------------------------------
