TN:GCOVR report
SF:tests/virtual-classes/output/main.cpp
VER:b886ade13bcdf26378ac76876e02cded
FN:8,ns1::Bar1::Bar1()
FNDA:3,ns1::Bar1::Bar1()
FN:10,ns1::Bar1::~Bar1()
FNDA:3,ns1::Bar1::~Bar1()
FN:24,ns2::Bar2::Bar2()
FNDA:2,ns2::Bar2::Bar2()
FN:26,ns2::Bar2::~Bar2()
FNDA:2,ns2::Bar2::~Bar2()
FN:40,ns3::Bar3::Bar3()
FNDA:1,ns3::Bar3::Bar3()
FN:42,ns3::Bar3::~Bar3()
FNDA:1,ns3::Bar3::~Bar3()
FN:51,main
FNDA:1,main
FNF:7
FNH:7
BRDA:11,1,0,-
BRDA:11,1,1,3
BRDA:27,1,0,-
BRDA:27,1,1,2
BRDA:43,1,0,-
BRDA:43,1,1,1
BRDA:53,3,0,-
BRDA:53,3,1,-
BRDA:54,4,0,1
BRDA:54,e4,1,-
BRDA:54,0,2,1
BRDA:54,e0,3,-
BRDA:54,1,4,1
BRDA:54,e1,5,-
BRDA:56,1,0,1
BRDA:56,e1,1,-
BRDA:56,0,2,1
BRDA:56,e0,3,-
BRDA:56,1,4,1
BRDA:56,e1,5,-
BRDA:57,0,0,1
BRDA:57,e0,1,-
BRDA:57,1,2,1
BRDA:57,e1,3,-
BRDA:57,2,4,1
BRDA:57,e2,5,-
BRDA:59,2,0,1
BRDA:59,e2,1,-
BRDA:59,0,2,1
BRDA:59,e0,3,-
BRDA:59,1,4,1
BRDA:59,e1,5,-
BRDA:60,0,0,1
BRDA:60,e0,1,-
BRDA:60,1,2,1
BRDA:60,e1,3,-
BRDA:60,2,4,1
BRDA:60,e2,5,-
BRDA:61,0,0,1
BRDA:61,e0,1,-
BRDA:61,1,2,1
BRDA:61,e1,3,-
BRDA:61,2,4,1
BRDA:61,e2,5,-
BRF:44
BRH:21
DA:8,3,601116bb7f972822f71830e1433951bd
DA:9,3,78c3860abebb28f3bf72e51c4621fef3
DA:10,3,1d6ff0e31f80fb5f58616ac936759cdf
DA:11,3,060565ea354b7bca4b553bac6c4740ed
DA:24,4,2598ea30dbb711a590a1617919c5cfba
DA:25,2,82188094c000f89d4df0eee592868072
DA:26,2,0ccb106e6d18dd8e9dcd60c0ed8182fc
DA:27,2,0fe98953f15971380c96945eb7c57f18
DA:40,2,5e4fd23a42f87556b2a43f098251e8c7
DA:41,1,a18e41118e36e1ef68607175dc1b592f
DA:42,1,85fc251b48f22264177f49e1836b6458
DA:43,1,345e9b1d29966e451401206797f7ad22
DA:51,1,2a787a1309f19379bb0e3d8434d2a18d
DA:53,2,7889012628b20062a6750840f5e81ec7
DA:54,1,5336964c912a66290b6604e90b172abb
DA:55,2,3a47500e65c552706f582f1293cf2a18
DA:56,1,e957e4f8902c1c42f540dc8c31b14c16
DA:57,1,4e29cd99a75408f6184cd5f2da17bf4b
DA:58,2,b8ca8f7bb408d9ed3293ae26eaa9573c
DA:59,1,a73247510c9604c43ca8cfeb1cbe1e5c
DA:60,1,f199d76205e3f206214ea2c7f1d273b1
DA:61,1,7eaf42f0e8e357e2dfa91b4013c3750d
DA:68,1,c26ba559a5f34d46a49fafed87946fb7
LH:23
LF:23
end_of_record
