------------------------------------------------------------------------------
                           GCC Code Coverage Report
Directory: .
------------------------------------------------------------------------------
File                                       Lines    Exec  Cover   Covered
------------------------------------------------------------------------------
main.cpp                                       2       2   100%   2-3
------------------------------------------------------------------------------
TOTAL                                          2       2   100%
------------------------------------------------------------------------------
