<?xml version='1.0' encoding='UTF-8'?>
<!DOCTYPE coverage SYSTEM 'http://cobertura.sourceforge.net/xml/coverage-04.dtd'>
<coverage line-rate="0.8571428571428571" branch-rate="0.5" lines-covered="6" lines-valid="7" branches-covered="1" branches-valid="2" complexity="0.0" timestamp="1662755112" version="gcovr 5.2">
  <sources>
    <source>.</source>
  </sources>
  <packages>
    <package name="relevant-library.src" line-rate="1.0" branch-rate="0.0" complexity="0.0">
      <classes>
        <class name="yes_cpp" filename="relevant-library/src/yes.cpp" line-rate="1.0" branch-rate="0.0" complexity="0.0">
          <methods/>
          <lines>
            <line number="1" hits="1" branch="false"/>
            <line number="2" hits="1" branch="false"/>
          </lines>
        </class>
      </classes>
    </package>
    <package name="src" line-rate="0.8" branch-rate="0.5" complexity="0.0">
      <classes>
        <class name="main_cpp" filename="src/main.cpp" line-rate="0.8" branch-rate="0.5" complexity="0.0">
          <methods/>
          <lines>
            <line number="4" hits="1" branch="false"/>
            <line number="6" hits="1" branch="true" condition-coverage="50% (1/2)">
              <conditions>
                <condition number="0" type="jump" coverage="50%"/>
              </conditions>
            </line>
            <line number="7" hits="0" branch="false"/>
            <line number="10" hits="1" branch="false"/>
            <line number="12" hits="1" branch="false"/>
          </lines>
        </class>
      </classes>
    </package>
  </packages>
</coverage>
