TN:GCOVR report
SF:tests/exclude-branch/output/exclude-branch/main_exclude_branch.cpp
VER:6d3285119b8ab4620218bf24baa23923
FN:4,foo(int)
FNDA:1,foo(int)
FN:26,main
FNDA:1,main
FNF:2
FNH:2
BRDA:10,0,0,-
BRDA:10,0,1,1
BRF:2
BRH:1
DA:4,1,bb4aae5e443f387349849f9a5a813e31
DA:5,1,1f75572ae0564be4a3859e6b52e9087c
DA:6,0,64ec5cef577563bace82970087694de4
DA:7,0,6cba61c5865ea7f66ac538d12604b7cf
DA:8,1,ee6ba24d738b3a523af06e5841029292
DA:10,1,9aec6e9f39e083955a45d75c49ebcda0
DA:11,1,64ec5cef577563bace82970087694de4
DA:12,1,6cba61c5865ea7f66ac538d12604b7cf
DA:13,0,ee6ba24d738b3a523af06e5841029292
DA:16,1,9aec6e9f39e083955a45d75c49ebcda0
DA:17,0,64ec5cef577563bace82970087694de4
DA:18,0,6cba61c5865ea7f66ac538d12604b7cf
DA:19,1,ee6ba24d738b3a523af06e5841029292
DA:22,1,6304eee57366eeaaf7da439e3dcbbf8a
DA:26,1,2a787a1309f19379bb0e3d8434d2a18d
DA:27,1,c18608b3fe9a00042c41d97d382d1e07
DA:29,1,c26ba559a5f34d46a49fafed87946fb7
LH:12
LF:17
end_of_record
