<?xml version='1.0' encoding='UTF-8'?>
<!DOCTYPE coverage SYSTEM 'http://cobertura.sourceforge.net/xml/coverage-04.dtd'>
<coverage line-rate="1.0" branch-rate="0.6666666666666666" lines-covered="4" lines-valid="4" branches-covered="4" branches-valid="6" complexity="0.0" timestamp="1737404287" version="gcovr 8.3+main">
  <sources>
    <source>/Users/runner/work/gcovr/gcovr/tests/noncode</source>
  </sources>
  <packages>
    <package name="" line-rate="1.0" branch-rate="0.6666666666666666" complexity="0.0">
      <classes>
        <class name="main_cpp" filename="main.cpp" line-rate="1.0" branch-rate="0.6666666666666666" complexity="0.0">
          <methods/>
          <lines>
            <line number="4" hits="2" branch="false"/>
            <line number="6" hits="2" branch="true" condition-coverage="75% (3/4)">
              <conditions>
                <condition number="0" type="jump" coverage="75%"/>
              </conditions>
            </line>
            <line number="7" hits="1" branch="true" condition-coverage="50% (1/2)">
              <conditions>
                <condition number="0" type="jump" coverage="50%"/>
              </conditions>
            </line>
            <line number="12" hits="2" branch="false"/>
          </lines>
        </class>
      </classes>
    </package>
  </packages>
</coverage>
