<?xml version='1.0' encoding='UTF-8'?>
<!DOCTYPE coverage SYSTEM 'http://cobertura.sourceforge.net/xml/coverage-04.dtd'>
<coverage line-rate="1.0" branch-rate="0.66667" lines-covered="4" lines-valid="4" branches-covered="4" branches-valid="6" complexity="0.0" timestamp="1759082961" version="gcovr 8.4+main">
  <sources>
    <source>tests/noncode</source>
  </sources>
  <packages>
    <package name="" line-rate="1.0" branch-rate="0.66667" complexity="0.0">
      <classes>
        <class name="main_cpp" filename="main.cpp" line-rate="1.0" branch-rate="0.66667" complexity="0.0">
          <methods>
            <method name="main" signature="" line-rate="1.0" branch-rate="0.66667" complexity="0.0">
              <lines>
                <line number="4" hits="2" branch="false"/>
                <line number="6" hits="2" branch="true" condition-coverage="75% (3/4)">
                  <conditions>
                    <condition number="0" type="jump" coverage="75%"/>
                  </conditions>
                </line>
                <line number="7" hits="1" branch="true" condition-coverage="50% (1/2)">
                  <conditions>
                    <condition number="0" type="jump" coverage="50%"/>
                  </conditions>
                </line>
                <line number="12" hits="2" branch="false"/>
              </lines>
            </method>
          </methods>
          <lines>
            <line number="4" hits="2" branch="false"/>
            <line number="6" hits="2" branch="true" condition-coverage="75% (3/4)">
              <conditions>
                <condition number="0" type="jump" coverage="75%"/>
              </conditions>
            </line>
            <line number="7" hits="1" branch="true" condition-coverage="50% (1/2)">
              <conditions>
                <condition number="0" type="jump" coverage="50%"/>
              </conditions>
            </line>
            <line number="12" hits="2" branch="false"/>
          </lines>
        </class>
      </classes>
    </package>
  </packages>
</coverage>
