------------------------------------------------------------------------------
                           GCC Code Coverage Report
Directory: .
------------------------------------------------------------------------------
File                                       Lines    Exec  Cover   Missing
------------------------------------------------------------------------------
main.cpp                                       4       4   100%
------------------------------------------------------------------------------
TOTAL                                          4       4   100%
------------------------------------------------------------------------------
