TN:GCOVR report
SF:tests/nested3/subdir/A/C/D/file6.cpp
VER:51c81752202f160b25ffc07fb9134018
FN:1,_Z4foo6i
FNDA:1,_Z4foo6i
FNF:1
FNH:1
BRDA:3,0,0,-
BRDA:3,0,1,1
BRF:2
BRH:1
DA:3,1,81fff94209b659e33b1459a477e1e747
DA:4,0,2c49a86f5754f8103995fc6d32bc207e
DA:6,1,9e509d19a37174e72bead0ea24176228
DA:8,1,cbb184dd8e05c9709e5dcaedaa0495cf
LH:3
LF:4
end_of_record
SF:tests/nested3/subdir/A/C/file5.cpp
VER:994904d7cb6f33c4235bc1f132c029f9
FN:1,_Z4foo5i
FNDA:1,_Z4foo5i
FNF:1
FNH:1
BRDA:3,0,0,-
BRDA:3,0,1,1
BRF:2
BRH:1
DA:3,1,81fff94209b659e33b1459a477e1e747
DA:4,0,2c49a86f5754f8103995fc6d32bc207e
DA:6,1,9e509d19a37174e72bead0ea24176228
DA:8,1,cbb184dd8e05c9709e5dcaedaa0495cf
LH:3
LF:4
end_of_record
SF:tests/nested3/subdir/A/file1.cpp
VER:cf6b72cbb3c9c004a97684f1495332fd
FN:1,_Z3fooi
FNDA:1,_Z3fooi
FNF:1
FNH:1
BRDA:3,0,0,-
BRDA:3,0,1,1
BRF:2
BRH:1
DA:3,1,81fff94209b659e33b1459a477e1e747
DA:4,0,2c49a86f5754f8103995fc6d32bc207e
DA:6,1,9e509d19a37174e72bead0ea24176228
DA:8,1,cbb184dd8e05c9709e5dcaedaa0495cf
LH:3
LF:4
end_of_record
SF:tests/nested3/subdir/A/file2.cpp
VER:44683de2597fa27a9410e0f65f71fde0
FN:1,_Z3barv
FNDA:1,_Z3barv
FN:8,_Z4bar_v
FNDA:0,_Z4bar_v
FNF:2
FNH:1
BRF:0
BRH:0
DA:3,1,13847171c9ac9ee50c67f6c9b494b03c
DA:4,1,524766693a21dc700232729ac36807d7
DA:5,1,c745797c27df531f2e2d3d23f80088c9
DA:10,0,13847171c9ac9ee50c67f6c9b494b03c
DA:11,0,e4b0e3a6768bef118c4318103f20b805
LH:3
LF:5
end_of_record
SF:tests/nested3/subdir/A/file3.cpp
VER:17749ac4040d8e71ff948fceb4e522d9
FN:1,_Z8four_barv
FNDA:1,_Z8four_barv
FN:8,_Z9four_bar_v
FNDA:0,_Z9four_bar_v
FNF:2
FNH:1
BRDA:11,0,0,-
BRDA:11,0,1,-
BRF:2
BRH:0
DA:3,1,13847171c9ac9ee50c67f6c9b494b03c
DA:4,1,524766693a21dc700232729ac36807d7
DA:5,1,c745797c27df531f2e2d3d23f80088c9
DA:10,0,13847171c9ac9ee50c67f6c9b494b03c
DA:11,0,9434a5cf95e3d6216db37a5c606f758c
DA:12,0,9c3c3237650659f0d0c38a1ec7b9b7b1
DA:14,0,4cc8fff4a918e9ece82b2b5ebba1dd71
DA:15,0,cbb184dd8e05c9709e5dcaedaa0495cf
LH:3
LF:8
end_of_record
SF:tests/nested3/subdir/A/file4.cpp
VER:7451828cfb58f0fefc6e5fbf44d9a6f4
FN:1,_Z6foobari
FNDA:1,_Z6foobari
FNF:1
FNH:1
BRDA:3,0,0,1
BRDA:3,0,1,-
BRF:2
BRH:1
DA:3,1,81fff94209b659e33b1459a477e1e747
DA:4,1,2c49a86f5754f8103995fc6d32bc207e
DA:6,0,9e509d19a37174e72bead0ea24176228
DA:8,1,cbb184dd8e05c9709e5dcaedaa0495cf
LH:3
LF:4
end_of_record
SF:tests/nested3/subdir/A/file7.cpp
VER:cbd3974ad5ed983ce0a47c7a7d8b5725
FN:1,_Z9uncoveredv
FNDA:0,_Z9uncoveredv
FNF:1
FNH:0
BRF:0
BRH:0
DA:3,0,05bb1004c704227bb4fdf1a90d37ad91
LH:0
LF:1
end_of_record
SF:tests/nested3/subdir/B/main.cpp
VER:c95232e53ac0253b638414c18fd6ba6c
FN:12,main
FNDA:1,main
FNF:1
FNH:1
BRF:0
BRH:0
DA:13,1,c18608b3fe9a00042c41d97d382d1e07
DA:14,1,a16b1758a01395f320d0ffe89a85defc
DA:15,1,86e212ad9e6f4e2f6aeed5ebd8f2d4b2
DA:16,1,ac4921f7e0ce489b8e00d83bb18e8474
DA:17,1,537738ff9ea76bce1fbf48f1f7ec6a56
DA:18,1,1e069fab499b18f31b84dea8d0b9f13d
DA:20,1,c26ba559a5f34d46a49fafed87946fb7
LH:7
LF:7
end_of_record
