------------------------------------------------------------------------------
                           GCC Code Coverage Report
Directory: .
------------------------------------------------------------------------------
File                                       Lines    Exec  Cover   Missing
------------------------------------------------------------------------------
file3.cpp                                      9       4    44%   8,10-12,14
file2.cpp                                      7       4    57%   8,10-11
file1.cpp                                      4       3    75%   4
main.cpp                                       5       5   100%
file4.cpp                                      2       0     0%   1,3
------------------------------------------------------------------------------
TOTAL                                         27      16    59%
------------------------------------------------------------------------------
