------------------------------------------------------------------------------
File                                       Lines    Exec  Cover   Missing
------------------------------------------------------------------------------
lib/lib.cpp                                    6       5    83%   8
testApp/tmp.cpp                                4       3    75%   6
------------------------------------------------------------------------------
TOTAL                                         10       8    80%
------------------------------------------------------------------------------
