------------------------------------------------------------------------------
                           GCC Code Coverage Report
Directory: .
------------------------------------------------------------------------------
File                                       Lines    Exec  Cover   Missing
------------------------------------------------------------------------------
lib/lib.cpp                                    5       4    80%   8
tmp.cpp                                        5       4    80%   6
------------------------------------------------------------------------------
TOTAL                                          9       7    77%
------------------------------------------------------------------------------
