TN:GCOVR report
SF:tests/exclude-lines-by-pattern/main.cpp
VER:6bc26001ff07bea6b3466fcf1f18d4a5
FN:10,foo(int)
FNDA:1,foo(int)
FN:20,main
FNDA:1,main
FN:5,panic()
FNDA:0,panic()
FNF:3
FNH:2
BRDA:12,0,0,1
BRDA:12,0,1,-
BRDA:24,3,1,1
BRDA:24,3,2,-
BRDA:24,4,3,1
BRDA:24,4,4,-
BRF:6
BRH:3
DA:5,0,164797e5b2877c1e145f135ff57aae5a
DA:7,0,e48003f7edf13ec2be7f3c593bc4140b
DA:10,1,2cfc07b9a0f8cdd3eb4553562d5875b6
DA:12,1,6975c0c3fe24b2e77b1ca272c574923d
DA:13,1,3b131baf29a59cf4c789f42a8cb54194
DA:20,1,2a787a1309f19379bb0e3d8434d2a18d
DA:21,1,0760d780590a0ac7ed11a61c328fc49c
DA:23,1,c26ba559a5f34d46a49fafed87946fb7
DA:24,4,cbb184dd8e05c9709e5dcaedaa0495cf
LH:7
LF:9
end_of_record
