------------------------------------------------------------------------------
                           GCC Code Coverage Report
Directory: .
------------------------------------------------------------------------------
File                                       Lines    Exec  Cover   Missing
------------------------------------------------------------------------------
main.cpp                                      15      13    86%   11,21
------------------------------------------------------------------------------
TOTAL                                         15      13    86%
------------------------------------------------------------------------------
