------------------------------------------------------------------------------
                           GCC Code Coverage Report
Directory: .
------------------------------------------------------------------------------
File                                       Lines    Exec  Cover   Missing
------------------------------------------------------------------------------
main_exclude_branch.cpp                       14      11    78%   6,13,17
------------------------------------------------------------------------------
TOTAL                                         14      11    78%
------------------------------------------------------------------------------
