<?xml version='1.0' encoding='UTF-8'?>
<!DOCTYPE coverage SYSTEM 'http://cobertura.sourceforge.net/xml/coverage-04.dtd'>
<coverage line-rate="0.875" function-rate="1.0" branch-rate="0.5" lines-covered="7" lines-valid="8" functions-covered="2" functions-valid="2" branches-covered="1" branches-valid="2" complexity="0.0" timestamp="1630936704" version="gcovr 5.0"><sources><source>.</source></sources><packages><package name="" line-rate="0.875" function-rate="1.0" branch-rate="0.5" complexity="0.0"><classes><class name="main_cpp" filename="main.cpp" line-rate="0.875" branch-rate="0.5" complexity="0.0"><methods/><lines><line number="4" hits="1" branch="false"/><line number="5" hits="1" branch="true" condition-coverage="50% (1/2)"><conditions><condition number="0" type="jump" coverage="50%"/></conditions></line><line number="6" hits="0" branch="false"/><line number="8" hits="1" branch="false"/><line number="10" hits="1" branch="false"/><line number="13" hits="1" branch="false"/><line number="14" hits="1" branch="false"/><line number="16" hits="1" branch="false"/></lines></class></classes></package></packages></coverage>