------------------------------------------------------------------------------
                           GCC Code Coverage Report
Directory: .
------------------------------------------------------------------------------
File                                       Lines    Exec  Cover   Missing
------------------------------------------------------------------------------
------------------------------------------------------------------------------
TOTAL                                          0       0    --%
------------------------------------------------------------------------------
