------------------------------------------------------------------------------
File                                       Lines    Exec  Cover   Missing
------------------------------------------------------------------------------
main.cpp                                       9       8    88%   6
------------------------------------------------------------------------------
TOTAL                                          9       8    88%
------------------------------------------------------------------------------
