<?xml version='1.0' encoding='UTF-8'?>
<!DOCTYPE coverage SYSTEM 'http://cobertura.sourceforge.net/xml/coverage-04.dtd'>
<coverage line-rate="0.75" function-rate="0.6666666666666666" branch-rate="0.5" lines-covered="6" lines-valid="8" functions-covered="2" functions-valid="3" branches-covered="1" branches-valid="2" complexity="0.0" timestamp="1626723343" version="gcovr 5.0"><sources><source>.</source></sources><packages><package name="" line-rate="0.75" function-rate="0.6666666666666666" branch-rate="0.5" complexity="0.0"><classes><class name="main_cpp" filename="main.cpp" line-rate="0.75" branch-rate="0.5" complexity="0.0"><methods/><lines><line number="5" hits="0" branch="false"/><line number="7" hits="0" branch="false"/><line number="10" hits="1" branch="false"/><line number="12" hits="1" branch="true" condition-coverage="50% (1/2)"><conditions><condition number="0" type="jump" coverage="50%"/></conditions></line><line number="13" hits="1" branch="false"/><line number="20" hits="1" branch="false"/><line number="21" hits="1" branch="false"/><line number="23" hits="1" branch="false"/></lines></class></classes></package></packages></coverage>