TN:GCOVR report
SF:tests/exclude-source-branch/output/exclude-source-branch-without-hit/main.cpp
VER:ad68b522871ff29d7dbaddeadb2cd4a3
FN:3,foo(int)
FNDA:2,foo(int)
FN:20,main
FNDA:1,main
FNF:2
FNH:2
BRDA:6,0,0,1
BRDA:6,0,1,-
BRDA:6,0,2,-
BRDA:6,0,3,1
BRDA:6,0,4,-
BRDA:21,0,0,1
BRDA:21,0,1,-
BRDA:21,1,2,1
BRDA:21,1,3,-
BRDA:21,4,4,1
BRDA:21,4,5,-
BRF:11
BRH:5
DA:3,2,bb4aae5e443f387349849f9a5a813e31
DA:6,2,5ec0cbba530e4271e6c3e16510104b94
DA:8,1,50693ade9b664175e88de8e274c13f7c
DA:10,0,c6a12444de573b2c2b7b0a174f0ebdcc
DA:12,0,56c3379ff05bc32bf6babb7ed531a8b1
DA:14,1,b5e3841cc68726671ff96723b9908f65
DA:16,0,bde54037495f26edcc82eb674b76f961
DA:20,1,a6d9c6b11c5c5fa89740c54d827e092e
DA:21,1,7da57d519363fc0e805bd7637ccc6384
DA:22,1,08770eaa1cf66e1aa1474b46fccbcbba
DA:25,0,d015ff958fad6b368cc84408e7ff74a6
DA:28,1,7483dc5d2ba8642b2a3fed7915b6f508
LH:8
LF:12
end_of_record
