------------------------------------------------------------------------------
                           GCC Code Coverage Report
Directory: .
------------------------------------------------------------------------------
File                                       Lines    Exec  Cover   Missing
------------------------------------------------------------------------------
main.cpp                                      12       8    66%   10,12,16,25
------------------------------------------------------------------------------
TOTAL                                         12       8    66%
------------------------------------------------------------------------------
