TN:GCOVR report
SF:tests/excl-function/main.cpp
VER:887ee1f7bf93bfe1de81bdffe787e744
FN:9,foo(int)
FNDA:1,foo(int)
FN:81,main
FNDA:1,main
FNF:2
FNH:2
BRDA:10,0,0,-
BRDA:10,0,1,1
BRDA:15,0,0,1
BRDA:15,0,1,-
BRDA:21,0,0,-
BRDA:21,0,1,1
BRF:6
BRH:3
DA:9,1,2b952df6e530d87e0f25f9d1d6989888
DA:10,1,9aec6e9f39e083955a45d75c49ebcda0
DA:11,0,bc8f319d98d85752829e7a6015d60296
DA:13,1,1292cb5abbd08f6b8595e6ca37fc841a
DA:15,1,9aec6e9f39e083955a45d75c49ebcda0
DA:16,1,bc8f319d98d85752829e7a6015d60296
DA:18,0,1292cb5abbd08f6b8595e6ca37fc841a
DA:21,1,9aec6e9f39e083955a45d75c49ebcda0
DA:22,0,bc8f319d98d85752829e7a6015d60296
DA:24,1,1292cb5abbd08f6b8595e6ca37fc841a
DA:27,1,6304eee57366eeaaf7da439e3dcbbf8a
DA:81,1,2a787a1309f19379bb0e3d8434d2a18d
DA:82,1,666f8f06d06141336f41aebe519a6ea3
DA:88,1,7483dc5d2ba8642b2a3fed7915b6f508
LH:11
LF:14
end_of_record
