TN:GCOVR_report
SF:tests/merging/output/different-functions-merge-use-line-0/func.h
VER:038c9fe6d002775301b38c63c7aa5e6c
FN:0,foo(int)
FNDA:2,foo(int)
FNF:1
FNH:1
BRDA:7,2,0,-
BRDA:7,2,1,2
BRF:2
BRH:1
DA:3,1,bb4aae5e443f387349849f9a5a813e31
DA:5,1,bb4aae5e443f387349849f9a5a813e31
DA:7,2,81fff94209b659e33b1459a477e1e747
DA:8,0,2c49a86f5754f8103995fc6d32bc207e
DA:10,2,9e509d19a37174e72bead0ea24176228
LH:4
LF:5
end_of_record
SF:tests/merging/output/different-functions-merge-use-line-0/main.c
VER:5e9dc757e8533396ceb462a0d827e003
FN:5,main
FNDA:2,main
FNF:1
FNH:1
BRF:0
BRH:0
DA:5,2,2a787a1309f19379bb0e3d8434d2a18d
DA:6,2,c18608b3fe9a00042c41d97d382d1e07
DA:8,2,c26ba559a5f34d46a49fafed87946fb7
LH:3
LF:3
end_of_record
