TN:GCOVR report
SF:tests/excl-source-branch/main.cpp
VER:416cd0acfae77cf2b4209515774d7f37
FN:3,foo(int)
FNDA:2,foo(int)
FN:18,main
FNDA:1,main
FNF:2
FNH:2
BRDA:4,0,0,1
BRDA:4,0,1,-
BRDA:4,0,2,-
BRDA:4,0,3,1
BRDA:4,0,4,-
BRDA:19,0,0,1
BRDA:19,0,1,-
BRDA:19,1,2,1
BRDA:19,1,3,-
BRDA:19,4,4,1
BRDA:19,4,5,-
BRDA:27,3,0,1
BRDA:27,3,1,-
BRDA:27,4,2,1
BRDA:27,4,3,-
BRF:15
BRH:7
DA:3,2,bb4aae5e443f387349849f9a5a813e31
DA:4,2,2f75aa6a28200bafd87f531f56142cc9
DA:6,1,50693ade9b664175e88de8e274c13f7c
DA:8,0,c6a12444de573b2c2b7b0a174f0ebdcc
DA:10,0,60d20e6ac2afe704b88a663f169c4271
DA:12,1,b5e3841cc68726671ff96723b9908f65
DA:14,0,bde54037495f26edcc82eb674b76f961
DA:18,1,2a787a1309f19379bb0e3d8434d2a18d
DA:19,1,6062586c70805c0b5ba0188b4261aa8f
DA:20,1,08770eaa1cf66e1aa1474b46fccbcbba
DA:23,0,b9af7714c6cc5709c6ff74a7eb5d5fc7
DA:26,1,7483dc5d2ba8642b2a3fed7915b6f508
DA:27,4,cbb184dd8e05c9709e5dcaedaa0495cf
LH:9
LF:13
end_of_record
