------------------------------------------------------------------------------
                           GCC Code Coverage Report
Directory: .
------------------------------------------------------------------------------
File                                       Lines    Exec  Cover   Missing
------------------------------------------------------------------------------
main.cpp                                      13       9    69%   9,11,15,24
------------------------------------------------------------------------------
TOTAL                                         13       9    69%
------------------------------------------------------------------------------
