------------------------------------------------------------------------------
                           GCC Code Coverage Report
Directory: .
------------------------------------------------------------------------------
File                                       Lines    Exec  Cover   Missing
------------------------------------------------------------------------------
main.cpp                                      13       9    69%   8,10,14,23
------------------------------------------------------------------------------
TOTAL                                         13       9    69%
------------------------------------------------------------------------------
