------------------------------------------------------------------------------
                           GCC Code Coverage Report
Directory: .
------------------------------------------------------------------------------
File                                       Lines    Exec  Cover   Missing
------------------------------------------------------------------------------
output/bar.cpp                                 1       0     0%   19
output/foo.cpp                                10       8    80%   8,10
output/main.cpp                               11       9    81%   30,33
------------------------------------------------------------------------------
TOTAL                                         22      17    77%
------------------------------------------------------------------------------
