------------------------------------------------------------------------------
                           GCC Code Coverage Report
Directory: .
------------------------------------------------------------------------------
File                                       Lines    Exec  Cover   Missing
------------------------------------------------------------------------------
include/lib.h                                  2       2   100%   
subfolder/lib.cpp                              2       2   100%   
subfolder/main.cpp                             4       4   100%   
------------------------------------------------------------------------------
TOTAL                                          8       8   100%
------------------------------------------------------------------------------
