------------------------------------------------------------------------------
                           GCC Code Coverage Report
Directory: .
------------------------------------------------------------------------------
File                                       Lines    Exec  Cover   Missing
------------------------------------------------------------------------------
main.cpp                                      10       8    80%   7,15
------------------------------------------------------------------------------
TOTAL                                         10       8    80%
------------------------------------------------------------------------------
