<?xml version='1.0' encoding='UTF-8'?>
<!DOCTYPE coverage SYSTEM 'http://cobertura.sourceforge.net/xml/coverage-04.dtd'>
<coverage line-rate="0.95238" branch-rate="0.6875" lines-covered="20" lines-valid="21" branches-covered="11" branches-valid="16" complexity="0.0" timestamp="1759082961" version="gcovr 8.4+main">
  <sources>
    <source>tests/exclude-function</source>
  </sources>
  <packages>
    <package name="" line-rate="0.95238" branch-rate="0.6875" complexity="0.0">
      <classes>
        <class name="main_cpp" filename="main.cpp" line-rate="0.95238" branch-rate="0.6875" complexity="0.0">
          <methods>
            <method name="foo" signature="(int)" line-rate="1.0" branch-rate="1.0" complexity="0.0">
              <lines/>
            </method>
            <method name="bar" signature="(int)" line-rate="0.8" branch-rate="0.5" complexity="0.0">
              <lines>
                <line number="19" hits="1" branch="false"/>
                <line number="20" hits="1" branch="true" condition-coverage="50% (1/2)">
                  <conditions>
                    <condition number="0" type="jump" coverage="50%"/>
                  </conditions>
                </line>
                <line number="21" hits="0" branch="false"/>
                <line number="23" hits="1" branch="false"/>
                <line number="25" hits="1" branch="false"/>
              </lines>
            </method>
            <method name="sort_excluded" signature="()" line-rate="1.0" branch-rate="0.5" complexity="0.0">
              <lines>
                <line number="44" hits="3" branch="true" condition-coverage="50% (1/2)">
                  <conditions>
                    <condition number="0" type="jump" coverage="50%"/>
                  </conditions>
                </line>
                <line number="45" hits="3" branch="true" condition-coverage="50% (1/2)">
                  <conditions>
                    <condition number="0" type="jump" coverage="50%"/>
                  </conditions>
                </line>
              </lines>
            </method>
            <method name="sort_excluded()::{lambda(int, int)#1}::operator()" signature="(int, int) const" line-rate="1.0" branch-rate="1.0" complexity="0.0">
              <lines>
                <line number="44" hits="41" branch="true" condition-coverage="100% (2/2)">
                  <conditions>
                    <condition number="0" type="jump" coverage="100%"/>
                  </conditions>
                </line>
              </lines>
            </method>
            <method name="sort_excluded()::{lambda(int, int)#2}::operator()" signature="(int, int) const" line-rate="1.0" branch-rate="1.0" complexity="0.0">
              <lines>
                <line number="45" hits="41" branch="true" condition-coverage="100% (2/2)">
                  <conditions>
                    <condition number="0" type="jump" coverage="100%"/>
                  </conditions>
                </line>
              </lines>
            </method>
            <method name="sort_lambda_excluded" signature="()" line-rate="1.0" branch-rate="0.5" complexity="0.0">
              <lines>
                <line number="48" hits="1" branch="false"/>
                <line number="52" hits="1" branch="false"/>
                <line number="54" hits="2" branch="true" condition-coverage="50% (1/2)">
                  <conditions>
                    <condition number="0" type="jump" coverage="50%"/>
                  </conditions>
                </line>
                <line number="64" hits="1" branch="false"/>
              </lines>
            </method>
            <method name="sort_lambda_excluded()::{lambda(int, int)#1}::operator()" signature="(int, int) const" line-rate="1.0" branch-rate="0.75" complexity="0.0">
              <lines>
                <line number="50" hits="44" branch="true" condition-coverage="75% (3/4)">
                  <conditions>
                    <condition number="0" type="jump" coverage="75%"/>
                  </conditions>
                </line>
              </lines>
            </method>
            <method name="sort_lambda_excluded()::{lambda(int, int)#2}::operator()" signature="(int, int) const" line-rate="1.0" branch-rate="1.0" complexity="0.0">
              <lines/>
            </method>
            <method name="sort_excluded_both" signature="()" line-rate="1.0" branch-rate="1.0" complexity="0.0">
              <lines/>
            </method>
            <method name="sort_excluded_both()::{lambda(int, int)#1}::operator()" signature="(int, int) const" line-rate="1.0" branch-rate="1.0" complexity="0.0">
              <lines/>
            </method>
            <method name="sort_excluded_both()::{lambda(int, int)#2}::operator()" signature="(int, int) const" line-rate="1.0" branch-rate="1.0" complexity="0.0">
              <lines/>
            </method>
            <method name="main" signature="" line-rate="1.0" branch-rate="1.0" complexity="0.0">
              <lines>
                <line number="95" hits="1" branch="false"/>
                <line number="96" hits="1" branch="false"/>
                <line number="97" hits="1" branch="false"/>
                <line number="99" hits="1" branch="false"/>
                <line number="100" hits="1" branch="false"/>
                <line number="101" hits="1" branch="false"/>
                <line number="103" hits="1" branch="false"/>
              </lines>
            </method>
          </methods>
          <lines>
            <line number="19" hits="1" branch="false"/>
            <line number="20" hits="1" branch="true" condition-coverage="50% (1/2)">
              <conditions>
                <condition number="0" type="jump" coverage="50%"/>
              </conditions>
            </line>
            <line number="21" hits="0" branch="false"/>
            <line number="23" hits="1" branch="false"/>
            <line number="25" hits="1" branch="false"/>
            <line number="44" hits="3" branch="true" condition-coverage="50% (1/2)">
              <conditions>
                <condition number="0" type="jump" coverage="50%"/>
              </conditions>
            </line>
            <line number="44" hits="41" branch="true" condition-coverage="100% (2/2)">
              <conditions>
                <condition number="0" type="jump" coverage="100%"/>
              </conditions>
            </line>
            <line number="45" hits="3" branch="true" condition-coverage="50% (1/2)">
              <conditions>
                <condition number="0" type="jump" coverage="50%"/>
              </conditions>
            </line>
            <line number="45" hits="41" branch="true" condition-coverage="100% (2/2)">
              <conditions>
                <condition number="0" type="jump" coverage="100%"/>
              </conditions>
            </line>
            <line number="48" hits="1" branch="false"/>
            <line number="50" hits="44" branch="true" condition-coverage="75% (3/4)">
              <conditions>
                <condition number="0" type="jump" coverage="75%"/>
              </conditions>
            </line>
            <line number="52" hits="1" branch="false"/>
            <line number="54" hits="2" branch="true" condition-coverage="50% (1/2)">
              <conditions>
                <condition number="0" type="jump" coverage="50%"/>
              </conditions>
            </line>
            <line number="64" hits="1" branch="false"/>
            <line number="95" hits="1" branch="false"/>
            <line number="96" hits="1" branch="false"/>
            <line number="97" hits="1" branch="false"/>
            <line number="99" hits="1" branch="false"/>
            <line number="100" hits="1" branch="false"/>
            <line number="101" hits="1" branch="false"/>
            <line number="103" hits="1" branch="false"/>
          </lines>
        </class>
      </classes>
    </package>
  </packages>
</coverage>
