TN:GCOVR report
SF:tests/exclude-function/main.cpp
VER:1c290a863c4be067f27e2a61b6458b9e
FN:19,bar(int)
FNDA:1,bar(int)
FN:9,foo(int)
FNDA:0,foo(int)
FN:95,main
FNDA:1,main
FN:44,sort_excluded()
FNDA:1,sort_excluded()
FN:44,sort_excluded()::{lambda(int, int)#1}::operator()(int, int) const
FNDA:41,sort_excluded()::{lambda(int, int)#1}::operator()(int, int) const
FN:45,sort_excluded()::{lambda(int, int)#2}::operator()(int, int) const
FNDA:41,sort_excluded()::{lambda(int, int)#2}::operator()(int, int) const
FN:66,sort_excluded_both()
FNDA:0,sort_excluded_both()
FN:73,sort_excluded_both()::{lambda(int, int)#1}::operator()(int, int) const
FNDA:0,sort_excluded_both()::{lambda(int, int)#1}::operator()(int, int) const
FN:84,sort_excluded_both()::{lambda(int, int)#2}::operator()(int, int) const
FNDA:0,sort_excluded_both()::{lambda(int, int)#2}::operator()(int, int) const
FN:48,sort_lambda_excluded()
FNDA:1,sort_lambda_excluded()
FN:50,sort_lambda_excluded()::{lambda(int, int)#1}::operator()(int, int) const
FNDA:41,sort_lambda_excluded()::{lambda(int, int)#1}::operator()(int, int) const
FN:57,sort_lambda_excluded()::{lambda(int, int)#2}::operator()(int, int) const
FNDA:0,sort_lambda_excluded()::{lambda(int, int)#2}::operator()(int, int) const
FNF:12
FNH:7
BRDA:20,2,0,-
BRDA:20,2,1,1
BRDA:44,6,0,1
BRDA:44,e6,1,-
BRDA:44,2,0,25
BRDA:44,2,1,16
BRDA:45,11,0,1
BRDA:45,e11,1,-
BRDA:45,2,0,25
BRDA:45,2,1,16
BRDA:50,2,0,25
BRDA:50,2,1,16
BRDA:50,6,2,1
BRDA:50,e6,3,-
BRDA:54,11,0,1
BRDA:54,e11,1,-
BRF:16
BRH:11
DA:19,1,eb7c6a66049a2c7d308e81041abe132b
DA:20,1,9aec6e9f39e083955a45d75c49ebcda0
DA:21,0,64ec5cef577563bace82970087694de4
DA:23,1,ee6ba24d738b3a523af06e5841029292
DA:25,1,6304eee57366eeaaf7da439e3dcbbf8a
DA:44,3,f016c358cdf0f308f07a7505c148cf65
DA:44,41,f016c358cdf0f308f07a7505c148cf65
DA:45,3,0e23f483ee2d1c8ae8a72f3ad0cb806c
DA:45,41,0e23f483ee2d1c8ae8a72f3ad0cb806c
DA:48,1,2d0f37458d0ced87fa8bd5fbb15181e0
DA:50,44,32aa62aaaf291ad675c5d40c9b2dfa29
DA:52,1,03e86c738e9509c13c4de2fc9cc35509
DA:54,2,859bb7d6c6c31753231ab01258dc14c8
DA:64,1,cbb184dd8e05c9709e5dcaedaa0495cf
DA:95,1,2a787a1309f19379bb0e3d8434d2a18d
DA:96,1,666f8f06d06141336f41aebe519a6ea3
DA:97,1,4afe9620b96896879f660418c6ebe038
DA:99,1,95c0c8af7dd68953f1c57a1fe3bb99e5
DA:100,1,7d9dd85f5271259543827cc3b508152e
DA:101,1,c2e11bfa1ed5de109a6dc48624a82ff2
DA:103,1,7483dc5d2ba8642b2a3fed7915b6f508
LH:20
LF:21
end_of_record
