------------------------------------------------------------------------------
                           GCC Code Coverage Report
Directory: .
------------------------------------------------------------------------------
File                                       Lines    Exec  Cover   Missing
------------------------------------------------------------------------------
main.cpp                                      21      20    95%   21
------------------------------------------------------------------------------
TOTAL                                         21      20    95%
------------------------------------------------------------------------------
