TN:GCOVR report
SF:tests/exclude-line-custom/main.cpp
VER:946992153a16ca487416932e28191a83
FN:4,foo(int)
FNDA:1,foo(int)
FN:31,main
FNDA:1,main
FNF:2
FNH:2
BRDA:5,0,0,-
BRDA:5,0,1,1
BRF:2
BRH:1
DA:4,1,bb4aae5e443f387349849f9a5a813e31
DA:5,1,81fff94209b659e33b1459a477e1e747
DA:7,0,7941e88bbc29e13c47185370feeea41a
DA:15,0,8ee1e28d6ff96a2f778a09108eb5e98c
DA:18,1,bf5be2a3bc0ecc42e120b71a7eebd727
DA:26,1,e28c6c49d3acebcbddfd7e7e642d7bc5
DA:28,1,cbb184dd8e05c9709e5dcaedaa0495cf
DA:31,1,2a787a1309f19379bb0e3d8434d2a18d
DA:32,1,c18608b3fe9a00042c41d97d382d1e07
DA:34,1,c26ba559a5f34d46a49fafed87946fb7
LH:8
LF:10
end_of_record
