------------------------------------------------------------------------------
                           GCC Code Coverage Report
Directory: subdir
------------------------------------------------------------------------------
File                                       Lines    Exec  Cover   Missing
------------------------------------------------------------------------------
A/C/D/file6.cpp                                4       3    75%   4
A/C/file5.cpp                                  4       3    75%   4
A/file1.cpp                                    4       3    75%   4
A/file2.cpp                                    5       3    60%   10-11
A/file3.cpp                                    7       3    42%   10-12,14
A/file4.cpp                                    4       3    75%   6
A/file7.cpp                                    1       0     0%   3
B/main.cpp                                     7       7   100%   
------------------------------------------------------------------------------
TOTAL                                         36      25    69%
------------------------------------------------------------------------------
