TN:GCOVR report
SF:tests/source_from_pipe/code.cpp
VER:f6c5b94686e43537860a1364ddf21730
FN:3,_Z4foo1i
FNDA:1,_Z4foo1i
FN:12,_Z4foo2i
FNDA:1,_Z4foo2i
FNF:2
FNH:2
BRDA:4,0,0,-
BRDA:4,0,1,1
BRDA:13,0,0,1
BRDA:13,0,1,-
BRF:4
BRH:2
DA:3,1,d202d6f6b151ca991538c418a08707bd
DA:4,1,81fff94209b659e33b1459a477e1e747
DA:5,0,2c49a86f5754f8103995fc6d32bc207e
DA:7,1,9e509d19a37174e72bead0ea24176228
DA:9,1,cbb184dd8e05c9709e5dcaedaa0495cf
DA:12,1,2ab67b7c6eda50a1c284dd3b7cac701c
DA:13,1,81fff94209b659e33b1459a477e1e747
DA:14,1,2c49a86f5754f8103995fc6d32bc207e
DA:16,0,9e509d19a37174e72bead0ea24176228
DA:18,1,cbb184dd8e05c9709e5dcaedaa0495cf
LH:8
LF:10
end_of_record
