TN:GCOVR_report
SF:tests/exclusion/output/exclude-line/main.cpp
VER:66aceb0a241f4b80949ca5f212bf166f
FN:4,_Z3fooi
FNDA:1,_Z3fooi
FN:20,_Z3barv
FNDA:0,_Z3barv
FN:25,main
FNDA:1,main
FNF:3
FNH:2
BRDA:5,0,0,-
BRDA:5,0,1,1
BRF:2
BRH:1
DA:4,1,bb4aae5e443f387349849f9a5a813e31
DA:5,1,81fff94209b659e33b1459a477e1e747
DA:6,0,b4b831953973cd241268abf30a147d62
DA:17,1,cbb184dd8e05c9709e5dcaedaa0495cf
DA:25,1,2a787a1309f19379bb0e3d8434d2a18d
DA:26,1,c18608b3fe9a00042c41d97d382d1e07
DA:29,1,c26ba559a5f34d46a49fafed87946fb7
LH:6
LF:7
end_of_record
