------------------------------------------------------------------------------
                           GCC Code Coverage Report
Directory: .
------------------------------------------------------------------------------
File                                       Lines    Exec  Cover   Missing
------------------------------------------------------------------------------
bar.cpp                                        4       4   100%
foo.cpp                                        4       4   100%
main.cpp                                       4       4   100%
------------------------------------------------------------------------------
TOTAL                                         12      12   100%
------------------------------------------------------------------------------
