------------------------------------------------------------------------------
                           GCC Code Coverage Report
Directory: .
------------------------------------------------------------------------------
File                                       Lines    Exec  Cover   Missing
------------------------------------------------------------------------------
file1.cpp                                      0       0    --%
main.cpp                                       8       7    87%   7
------------------------------------------------------------------------------
TOTAL                                          8       7    87%
------------------------------------------------------------------------------
