TN:GCOVR report
SF:/Users/runner/work/gcovr/gcovr/tests/excl-line-branch/main.cpp
VER:cd30d47dece5663b7a84e38c9344b4ab
FN:7,Bar::Bar()
FNDA:2,Bar::Bar()
FN:9,Bar::~Bar()
FNDA:2,Bar::~Bar()
FN:38,bar(int)
FNDA:0,bar(int)
FN:16,foo(int)
FNDA:5,foo(int)
FN:46,main
FNDA:1,main
FNF:5
FNH:4
BRDA:17,0,0,4
BRDA:17,0,1,1
BRDA:17,1,2,1
BRDA:17,1,3,3
BRDA:21,0,0,-
BRDA:21,0,1,2
BRDA:23,0,0,-
BRDA:23,0,1,2
BRDA:47,1,0,5
BRDA:47,1,1,1
BRF:10
BRH:8
DA:7,3,7d2f282a8746c23f7f938eb7b5592e06
DA:8,3,5efee26ba06711f9395b3c3bc7a9d94a
DA:9,2,ef89afadbfb397fa2428716379142419
DA:10,2,a20b7177cd45e825b1ba777bd4a25133
DA:16,5,bb4aae5e443f387349849f9a5a813e31
DA:17,5,69d7cb531f90045147347c360a0d81d2
DA:18,2,2c49a86f5754f8103995fc6d32bc207e
DA:20,1,9e509d19a37174e72bead0ea24176228
DA:21,2,189a346e59b4b9eb1653c629e9e00396
DA:22,0,30947b981b8563f1d1a6690c87ba3db6
DA:23,2,d4dfe4cbc7a957b4db133508a4597ed6
DA:24,0,3b131baf29a59cf4c789f42a8cb54194
DA:35,1,c26ba559a5f34d46a49fafed87946fb7
DA:36,5,cbb184dd8e05c9709e5dcaedaa0495cf
DA:43,0,205490e389e7a37a48abc32a5303ab7f
DA:46,1,2a787a1309f19379bb0e3d8434d2a18d
DA:47,6,3aac4e3adb4400cb9a56145130946d99
DA:48,5,ce31d2067628e009ca3ca41fc3d5f044
DA:49,5,7eefb90de6682989ef933bcadcbb7de9
DA:57,0,a90dacea889bc9c99fe5a3b7b5d65d25
DA:59,1,c26ba559a5f34d46a49fafed87946fb7
DA:60,0,9e7ce02d034587718cd3b6c29d789ef0
LH:17
LF:22
end_of_record
