TN:GCOVR report
SF:/Users/runner/work/gcovr/gcovr/tests/excl-line-branch/bar.cpp
VER:7c2adb8c2d04277ae316f0bc581968cc
FN:14,bar(int)
FNDA:0,bar(int)
FNF:1
FNH:0
BRF:0
BRH:0
DA:19,0,205490e389e7a37a48abc32a5303ab7f
LH:0
LF:1
end_of_record
SF:/Users/runner/work/gcovr/gcovr/tests/excl-line-branch/foo.cpp
VER:3d3327303c689440297b037f75ff9f29
FN:2,foo(int)
FNDA:5,foo(int)
FNF:1
FNH:1
BRDA:3,0,0,4
BRDA:3,0,1,1
BRDA:3,1,2,1
BRDA:3,1,3,3
BRDA:7,0,0,-
BRDA:7,0,1,2
BRDA:9,0,0,-
BRDA:9,0,1,2
BRF:8
BRH:6
DA:2,5,bb4aae5e443f387349849f9a5a813e31
DA:3,5,69d7cb531f90045147347c360a0d81d2
DA:4,2,2c49a86f5754f8103995fc6d32bc207e
DA:6,1,9e509d19a37174e72bead0ea24176228
DA:7,2,189a346e59b4b9eb1653c629e9e00396
DA:8,0,30947b981b8563f1d1a6690c87ba3db6
DA:9,2,d4dfe4cbc7a957b4db133508a4597ed6
DA:10,0,3b131baf29a59cf4c789f42a8cb54194
DA:21,1,c26ba559a5f34d46a49fafed87946fb7
DA:22,5,cbb184dd8e05c9709e5dcaedaa0495cf
LH:8
LF:10
end_of_record
SF:/Users/runner/work/gcovr/gcovr/tests/excl-line-branch/main.cpp
VER:5f51924059b39181646c5b2d21604f3b
FN:10,Bar::Bar()
FNDA:2,Bar::Bar()
FN:12,Bar::~Bar()
FNDA:2,Bar::~Bar()
FN:19,main
FNDA:1,main
FNF:3
FNH:3
BRDA:20,1,0,5
BRDA:20,1,1,1
BRF:2
BRH:2
DA:10,3,7d2f282a8746c23f7f938eb7b5592e06
DA:11,3,5efee26ba06711f9395b3c3bc7a9d94a
DA:12,2,ef89afadbfb397fa2428716379142419
DA:13,2,a20b7177cd45e825b1ba777bd4a25133
DA:19,1,2a787a1309f19379bb0e3d8434d2a18d
DA:20,6,3aac4e3adb4400cb9a56145130946d99
DA:21,5,ce31d2067628e009ca3ca41fc3d5f044
DA:22,5,7eefb90de6682989ef933bcadcbb7de9
DA:30,0,a90dacea889bc9c99fe5a3b7b5d65d25
DA:32,1,c26ba559a5f34d46a49fafed87946fb7
DA:33,0,9e7ce02d034587718cd3b6c29d789ef0
LH:9
LF:11
end_of_record
