        -:    0:Source:/home/abrown/Catena/sdks/cpp/common/include/ParamWithValue.h
        -:    0:Graph:build/cpp/unittests/common/CMakeFiles/common_ParamWithValue.dir/tests/ParamWithValue_test/ParamWithIntArray_test.cpp.gcno
        -:    0:Data:build/cpp/unittests/common/CMakeFiles/common_ParamWithValue.dir/tests/ParamWithValue_test/ParamWithIntArray_test.cpp.gcda
        -:    0:Runs:1
        -:    1:#pragma once
        -:    2:
        -:    3:/*
        -:    4: * Copyright 2025 Ross Video Ltd
        -:    5: *
        -:    6: * Redistribution and use in source and binary forms, with or without
        -:    7: * modification, are permitted provided that the following conditions are met:
        -:    8: *
        -:    9: * 1. Redistributions of source code must retain the above copyright notice,
        -:   10: * this list of conditions and the following disclaimer.
        -:   11: *
        -:   12: * 2. Redistributions in binary form must reproduce the above copyright notice,
        -:   13: * this list of conditions and the following disclaimer in the documentation
        -:   14: * and/or other materials provided with the distribution.
        -:   15: *
        -:   16: * 3. Neither the name of the copyright holder nor the names of its
        -:   17: * contributors may be used to endorse or promote products derived from this
        -:   18: * software without specific prior written permission.
        -:   19: *
        -:   20: * THIS SOFTWARE IS PROVIDED BY THE COPYRIGHT HOLDERS AND CONTRIBUTORS "AS IS"
        -:   21: * AND ANY EXPRESS OR IMPLIED WARRANTIES, INCLUDING, BUT NOT LIMITED TO, THE
        -:   22: * IMPLIED WARRANTIES OF MERCHANTABILITY AND FITNESS FOR A PARTICULAR PURPOSE
        -:   23: * RE DISCLAIMED. IN NO EVENT SHALL THE COPYRIGHT HOLDER OR CONTRIBUTORS BE
        -:   24: * LIABLE FOR ANY DIRECT, INDIRECT, INCIDENTAL, SPECIAL, EXEMPLARY, OR
        -:   25: * CONSEQUENTIAL DAMAGES (INCLUDING, BUT NOT LIMITED TO, PROCUREMENT OF
        -:   26: * SUBSTITUTE GOODS OR SERVICES; LOSS OF USE, DATA, OR PROFITS; OR BUSINESS
        -:   27: * INTERRUPTION) HOWEVER CAUSED AND ON ANY THEORY OF LIABILITY, WHETHER IN
        -:   28: * CONTRACT, STRICT LIABILITY, OR TORT (INCLUDING NEGLIGENCE OR OTHERWISE)
        -:   29: * ARISING IN ANY WAY OUT OF THE USE OF THIS SOFTWARE, EVEN IF ADVISED OF THE
        -:   30: * POSSIBILITY OF SUCH DAMAGE.
        -:   31: */
        -:   32:
        -:   33:/**
        -:   34: * @file ParamWithValue.h
        -:   35: * @brief Interface for acessing parameter values
        -:   36: * @author John R. Naylor
        -:   37: * @author John Danen
        -:   38: * @author jason.chen@rossvideo.com
        -:   39: * @date 2025-10-08
        -:   40: * @copyright Copyright (c) 2025 Ross Video
        -:   41: */
        -:   42:
        -:   43:// common
        -:   44:#include <IParam.h>
        -:   45:#include <Tags.h>
        -:   46:#include <Path.h>
        -:   47:#include <IParamDescriptor.h>
        -:   48:#include <IDevice.h>
        -:   49:#include <StructInfo.h>
        -:   50:#include <PolyglotText.h>
        -:   51:#include <IAuthorizer.h>
        -:   52:
        -:   53:// protobuf interface
        -:   54:#include <interface/param.pb.h>
        -:   55:
        -:   56:#include <functional>
        -:   57:#include <string>
        -:   58:#include <memory>
        -:   59:
        -:   60:namespace catena {
        -:   61:namespace common {
        -:   62:
        -:   63:/**
        -:   64: * @brief ParamWithValue is a class that implements the IParam interface
        -:   65: * for each param type in the device model
        -:   66: */
        -:   67:template <typename T>
        -:   68:class ParamWithValue : public catena::common::IParam {
        -:   69:  public:
        -:   70:    using TSizeTracker = std::vector<std::size_t>;
        -:   71:
        -:   72:    ParamWithValue() = delete;
        -:   73:
        -:   74:    /**
        -:   75:     * @brief Constructs a new ParamWithValue object and adds it to the device.
        -:   76:     *
        -:   77:     * @param value The value of the parameter.
        -:   78:     * @param descriptor The descriptor associated with the parameter.
        -:   79:     * @param dev The device to add the parameter to.
        -:   80:     */
function catena::common::ParamWithValue<std::vector<int, std::allocator<int> > >::ParamWithValue(std::vector<int, std::allocator<int> >&, catena::common::IParamDescriptor&, catena::common::IDevice&, bool) called 1 returned 100% blocks executed 56%
        1:   81:    ParamWithValue(T& value, IParamDescriptor& descriptor, IDevice& dev, bool isCommand)
       13:   82:        : value_{value}, descriptor_{descriptor} {
        1:   82-block  0
call    0 returned 1
        1:   82-block  1
call    1 returned 1
branch  2 taken 1 (fallthrough)
branch  3 taken 0 (throw)
        1:   82-block  2
       11:   82-block  3
branch  4 taken 10 (fallthrough)
branch  5 taken 1
       10:   82-block  4
call    6 returned 10
        1:   82-block  5
call    7 returned 1
call    8 returned 1
call    9 returned 1
    $$$$$:   82-block  6
    $$$$$:   82-block  7
    $$$$$:   82-block  8
branch 10 never executed (fallthrough)
branch 11 never executed
    $$$$$:   82-block  9
call   12 never executed
    $$$$$:   82-block 10
        1:   83:            dev.addItem(descriptor.getOid(), this);
call    0 returned 1
branch  1 taken 1 (fallthrough)
branch  2 taken 0 (throw)
        1:   83-block  0
call    3 returned 1
branch  4 taken 1 (fallthrough)
branch  5 taken 0 (throw)
        2:   84:    }
        1:   84-block  0
    $$$$$:   84-block  1
branch  0 never executed (fallthrough)
branch  1 never executed
    $$$$$:   84-block  2
    $$$$$:   84-block  3
branch  2 never executed (fallthrough)
branch  3 never executed
    $$$$$:   84-block  4
call    4 never executed
    $$$$$:   84-block  5
call    5 never executed
    $$$$$:   84-block  6
call    6 never executed
    $$$$$:   84-block  7
call    7 never executed
    $$$$$:   84-block  8
call    8 never executed
        -:   85:
        -:   86:    /**
        -:   87:     * @brief Constructs a new ParamWithValue object without adding it to
        -:   88:     * the device.
        -:   89:     *
        -:   90:     * @param value The value of the parameter.
        -:   91:     * @param descriptor The descriptor associated with the parameter.
        -:   92:     */
       31:   93:    ParamWithValue(T& value, IParamDescriptor& descriptor)
      434:   94:        : value_{value}, descriptor_{descriptor} {}
------------------
catena::common::ParamWithValue<int>::ParamWithValue(int&, catena::common::IParamDescriptor&):
function catena::common::ParamWithValue<int>::ParamWithValue(int&, catena::common::IParamDescriptor&) called 15 returned 100% blocks executed 62%
       15:   93:    ParamWithValue(T& value, IParamDescriptor& descriptor)
      210:   94:        : value_{value}, descriptor_{descriptor} {}
       15:   94-block  0
call    0 returned 15
       15:   94-block  1
call    1 returned 15
branch  2 taken 15 (fallthrough)
branch  3 taken 0 (throw)
       15:   94-block  2
      165:   94-block  3
branch  4 taken 150 (fallthrough)
branch  5 taken 15
      150:   94-block  4
call    6 returned 150
       15:   94-block  5
call    7 returned 15
call    8 returned 15
call    9 returned 15
    $$$$$:   94-block  6
    $$$$$:   94-block  7
    $$$$$:   94-block  8
branch 10 never executed (fallthrough)
branch 11 never executed
    $$$$$:   94-block  9
call   12 never executed
    $$$$$:   94-block 10
branch 13 never executed (fallthrough)
branch 14 never executed
    $$$$$:   94-block 11
    $$$$$:   94-block 12
branch 15 never executed (fallthrough)
branch 16 never executed
    $$$$$:   94-block 13
call   17 never executed
    $$$$$:   94-block 14
    $$$$$:   94-block 15
call   18 never executed
------------------
catena::common::ParamWithValue<std::vector<int, std::allocator<int> > >::ParamWithValue(std::vector<int, std::allocator<int> >&, catena::common::IParamDescriptor&):
function catena::common::ParamWithValue<std::vector<int, std::allocator<int> > >::ParamWithValue(std::vector<int, std::allocator<int> >&, catena::common::IParamDescriptor&) called 16 returned 100% blocks executed 62%
       16:   93:    ParamWithValue(T& value, IParamDescriptor& descriptor)
      224:   94:        : value_{value}, descriptor_{descriptor} {}
       16:   94-block  0
call    0 returned 16
       16:   94-block  1
call    1 returned 16
branch  2 taken 16 (fallthrough)
branch  3 taken 0 (throw)
       16:   94-block  2
      176:   94-block  3
branch  4 taken 160 (fallthrough)
branch  5 taken 16
      160:   94-block  4
call    6 returned 160
       16:   94-block  5
call    7 returned 16
call    8 returned 16
call    9 returned 16
    $$$$$:   94-block  6
    $$$$$:   94-block  7
    $$$$$:   94-block  8
branch 10 never executed (fallthrough)
branch 11 never executed
    $$$$$:   94-block  9
call   12 never executed
    $$$$$:   94-block 10
branch 13 never executed (fallthrough)
branch 14 never executed
    $$$$$:   94-block 11
    $$$$$:   94-block 12
branch 15 never executed (fallthrough)
branch 16 never executed
    $$$$$:   94-block 13
call   17 never executed
    $$$$$:   94-block 14
    $$$$$:   94-block 15
call   18 never executed
------------------
        -:   95:
        -:   96:    /**
        -:   97:     * @brief Construct a new ParamWithValue object without adding it to
        -:   98:     * the device.
        -:   99:     * Also carries over size trackers for array parameters.
        -:  100:     *
        -:  101:     * @param value The value of the parameter.
        -:  102:     * @param descriptor The descriptor associated with the parameter.
        -:  103:     * @param mSizeTracker A shared pointer to the max size tracker.
        -:  104:     * @param tSizeTracker A shared pointer to the total size tracker.
        -:  105:     */
        3:  106:    ParamWithValue(
        -:  107:        T& value,
        -:  108:        IParamDescriptor& descriptor,
        -:  109:        std::shared_ptr<std::size_t> mSizeTracker,
        -:  110:        std::shared_ptr<TSizeTracker> tSizeTracker
       39:  111:    ) : value_{value}, descriptor_{descriptor} {
        3:  112:        mSizeTracker_ = mSizeTracker;
        3:  113:        tSizeTracker_ = tSizeTracker;
        6:  114:    }
------------------
catena::common::ParamWithValue<int>::ParamWithValue(int&, catena::common::IParamDescriptor&, std::shared_ptr<unsigned long>, std::shared_ptr<std::vector<unsigned long, std::allocator<unsigned long> > >):
function catena::common::ParamWithValue<int>::ParamWithValue(int&, catena::common::IParamDescriptor&, std::shared_ptr<unsigned long>, std::shared_ptr<std::vector<unsigned long, std::allocator<unsigned long> > >) called 2 returned 100% blocks executed 64%
        2:  106:    ParamWithValue(
        -:  107:        T& value,
        -:  108:        IParamDescriptor& descriptor,
        -:  109:        std::shared_ptr<std::size_t> mSizeTracker,
        -:  110:        std::shared_ptr<TSizeTracker> tSizeTracker
       26:  111:    ) : value_{value}, descriptor_{descriptor} {
        2:  111-block  0
call    0 returned 2
        2:  111-block  1
call    1 returned 2
branch  2 taken 2 (fallthrough)
branch  3 taken 0 (throw)
        2:  111-block  2
       22:  111-block  3
branch  4 taken 20 (fallthrough)
branch  5 taken 2
       20:  111-block  4
call    6 returned 20
        2:  111-block  5
call    7 returned 2
call    8 returned 2
call    9 returned 2
    $$$$$:  111-block  6
    $$$$$:  111-block  7
    $$$$$:  111-block  8
branch 10 never executed (fallthrough)
branch 11 never executed
    $$$$$:  111-block  9
call   12 never executed
    $$$$$:  111-block 10
        2:  112:        mSizeTracker_ = mSizeTracker;
call    0 returned 2
        2:  113:        tSizeTracker_ = tSizeTracker;
call    0 returned 2
        4:  114:    }
    $$$$$:  114-block  0
branch  0 never executed (fallthrough)
branch  1 never executed
    $$$$$:  114-block  1
    $$$$$:  114-block  2
branch  2 never executed (fallthrough)
branch  3 never executed
    $$$$$:  114-block  3
call    4 never executed
    $$$$$:  114-block  4
call    5 never executed
------------------
catena::common::ParamWithValue<std::vector<int, std::allocator<int> > >::ParamWithValue(std::vector<int, std::allocator<int> >&, catena::common::IParamDescriptor&, std::shared_ptr<unsigned long>, std::shared_ptr<std::vector<unsigned long, std::allocator<unsigned long> > >):
function catena::common::ParamWithValue<std::vector<int, std::allocator<int> > >::ParamWithValue(std::vector<int, std::allocator<int> >&, catena::common::IParamDescriptor&, std::shared_ptr<unsigned long>, std::shared_ptr<std::vector<unsigned long, std::allocator<unsigned long> > >) called 1 returned 100% blocks executed 64%
        1:  106:    ParamWithValue(
        -:  107:        T& value,
        -:  108:        IParamDescriptor& descriptor,
        -:  109:        std::shared_ptr<std::size_t> mSizeTracker,
        -:  110:        std::shared_ptr<TSizeTracker> tSizeTracker
       13:  111:    ) : value_{value}, descriptor_{descriptor} {
        1:  111-block  0
call    0 returned 1
        1:  111-block  1
call    1 returned 1
branch  2 taken 1 (fallthrough)
branch  3 taken 0 (throw)
        1:  111-block  2
       11:  111-block  3
branch  4 taken 10 (fallthrough)
branch  5 taken 1
       10:  111-block  4
call    6 returned 10
        1:  111-block  5
call    7 returned 1
call    8 returned 1
call    9 returned 1
    $$$$$:  111-block  6
    $$$$$:  111-block  7
    $$$$$:  111-block  8
branch 10 never executed (fallthrough)
branch 11 never executed
    $$$$$:  111-block  9
call   12 never executed
    $$$$$:  111-block 10
        1:  112:        mSizeTracker_ = mSizeTracker;
call    0 returned 1
        1:  113:        tSizeTracker_ = tSizeTracker;
call    0 returned 1
        2:  114:    }
    $$$$$:  114-block  0
branch  0 never executed (fallthrough)
branch  1 never executed
    $$$$$:  114-block  1
    $$$$$:  114-block  2
branch  2 never executed (fallthrough)
branch  3 never executed
    $$$$$:  114-block  3
call    4 never executed
    $$$$$:  114-block  4
call    5 never executed
------------------
        -:  115:
        -:  116:    /**
        -:  117:     * @brief Construct a new ParamWithValue object using FieldInfo.
        -:  118:     *
        -:  119:     * @param field The FieldInfo object containing the field name.
        -:  120:     * @param parentValue The parent object containing the field values.
        -:  121:     * @param parentDescriptor The descriptor associated with the parent param.
        -:  122:     */
        -:  123:    template <typename FieldType = T, typename ParentType>
        -:  124:    ParamWithValue(
        -:  125:        const FieldInfo<FieldType, ParentType>& field,
        -:  126:        ParentType& parentValue,
        -:  127:        IParamDescriptor& parentDescriptor
        -:  128:    ) : descriptor_{parentDescriptor.getSubParam(field.name)}, value_{(parentValue.*(field.memberPtr))} {}
        -:  129:
        -:  130:    /**
        -:  131:     * @brief ParamWithValue can not be copied directly.
        -:  132:     */
        -:  133:    ParamWithValue(const ParamWithValue&) = delete;
        -:  134:    ParamWithValue& operator=(const ParamWithValue&) = delete;
        -:  135:
        -:  136:    /**
        -:  137:     * @brief ParamWithValue has move semantics.
        -:  138:     */
        -:  139:    ParamWithValue(ParamWithValue&&) = default;
        -:  140:    ParamWithValue& operator=(ParamWithValue&&) = default;
        -:  141:
        -:  142:    /**
        -:  143:     * @brief Destructor.
        -:  144:     */
      50*:  145:    virtual ~ParamWithValue() = default;
------------------
catena::common::ParamWithValue<int>::~ParamWithValue():
function catena::common::ParamWithValue<int>::~ParamWithValue() called 8 returned 100% blocks executed 100%
        8:  145:    virtual ~ParamWithValue() = default;
        8:  145-block  0
call    0 returned 8
call    1 returned 8
------------------
catena::common::ParamWithValue<int>::~ParamWithValue():
function catena::common::ParamWithValue<int>::~ParamWithValue() called 24 returned 100% blocks executed 100%
       24:  145:    virtual ~ParamWithValue() = default;
       24:  145-block  0
call    0 returned 24
call    1 returned 24
call    2 returned 24
call    3 returned 24
------------------
catena::common::ParamWithValue<std::vector<int, std::allocator<int> > >::~ParamWithValue():
function catena::common::ParamWithValue<std::vector<int, std::allocator<int> > >::~ParamWithValue() called 0 returned 0% blocks executed 0%
    #####:  145:    virtual ~ParamWithValue() = default;
    %%%%%:  145-block  0
call    0 never executed
call    1 never executed
------------------
catena::common::ParamWithValue<std::vector<int, std::allocator<int> > >::~ParamWithValue():
function catena::common::ParamWithValue<std::vector<int, std::allocator<int> > >::~ParamWithValue() called 18 returned 100% blocks executed 100%
       18:  145:    virtual ~ParamWithValue() = default;
       18:  145-block  0
call    0 returned 18
call    1 returned 18
call    2 returned 18
call    3 returned 18
------------------
        -:  146:
        -:  147:    /**
        -:  148:     * @brief Creates a shallow copy the parameter.
        -:  149:     *
        -:  150:     * Needed to copy IParam objects.
        -:  151:     *
        -:  152:     * ParamWithValue objects only contain four references, so they are cheap
        -:  153:     * to copy.
        -:  154:     */
       1*:  155:    std::unique_ptr<IParam> copy() const override {
       1*:  156:        return std::make_unique<ParamWithValue<T>>(value_.get(), descriptor_, mSizeTracker_, tSizeTracker_);
        -:  157:    }
------------------
catena::common::ParamWithValue<std::vector<int, std::allocator<int> > >::copy() const:
function catena::common::ParamWithValue<std::vector<int, std::allocator<int> > >::copy() const called 0 returned 0% blocks executed 0%
    #####:  155:    std::unique_ptr<IParam> copy() const override {
    #####:  156:        return std::make_unique<ParamWithValue<T>>(value_.get(), descriptor_, mSizeTracker_, tSizeTracker_);
    %%%%%:  156-block  0
call    0 never executed
call    1 never executed
branch  2 never executed (fallthrough)
branch  3 never executed (throw)
    %%%%%:  156-block  1
call    4 never executed
call    5 never executed
    %%%%%:  156-block  2
        -:  157:    }
------------------
catena::common::ParamWithValue<int>::copy() const:
function catena::common::ParamWithValue<int>::copy() const called 1 returned 100% blocks executed 100%
        1:  155:    std::unique_ptr<IParam> copy() const override {
        1:  156:        return std::make_unique<ParamWithValue<T>>(value_.get(), descriptor_, mSizeTracker_, tSizeTracker_);
        1:  156-block  0
call    0 returned 1
call    1 returned 1
branch  2 taken 1 (fallthrough)
branch  3 taken 0 (throw)
        1:  156-block  1
call    4 returned 1
call    5 returned 1
        1:  156-block  2
        -:  157:    }
------------------
        -:  158:
        -:  159:    /**
        -:  160:     * @brief Serialize the parameter value to protobuf if authorized.
        -:  161:     * @param value the protobuf object to serialize to.
        -:  162:     * @param authz the authorizer object containing the client's scopes.
        -:  163:     */
        4:  164:    catena::exception_with_status toProto(st2138::Value& value, const IAuthorizer& authz) const override {
        4:  165:        return catena::common::toProto<T>(value, &value_.get(), descriptor_, authz);
        -:  166:    }
------------------
catena::common::ParamWithValue<int>::toProto(st2138::Value&, catena::common::IAuthorizer const&) const:
function catena::common::ParamWithValue<int>::toProto(st2138::Value&, catena::common::IAuthorizer const&) const called 3 returned 100% blocks executed 100%
        3:  164:    catena::exception_with_status toProto(st2138::Value& value, const IAuthorizer& authz) const override {
        3:  165:        return catena::common::toProto<T>(value, &value_.get(), descriptor_, authz);
        3:  165-block  0
call    0 returned 3
call    1 returned 3
        -:  166:    }
------------------
catena::common::ParamWithValue<std::vector<int, std::allocator<int> > >::toProto(st2138::Value&, catena::common::IAuthorizer const&) const:
function catena::common::ParamWithValue<std::vector<int, std::allocator<int> > >::toProto(st2138::Value&, catena::common::IAuthorizer const&) const called 1 returned 100% blocks executed 100%
        1:  164:    catena::exception_with_status toProto(st2138::Value& value, const IAuthorizer& authz) const override {
        1:  165:        return catena::common::toProto<T>(value, &value_.get(), descriptor_, authz);
        1:  165-block  0
call    0 returned 1
call    1 returned 1
        -:  166:    }
------------------
        -:  167:
        -:  168:    /**
        -:  169:     * @brief Serializes the parameter descriptor to a protobuf param object.
        -:  170:     * Includes both the descriptor and the value.
        -:  171:     * @param param The protobuf object to serialize to.
        -:  172:     * @param authz The authorizer object containing the client's scopes.
        -:  173:     */
        4:  174:    catena::exception_with_status toProto(st2138::Param& param, const IAuthorizer& authz) const override {
        -:  175:        // toProto checks authz.
        4:  176:        catena::exception_with_status rc = toProto(*param.mutable_value(), authz);
        4:  177:        if (rc.status == catena::StatusCode::OK) {
        3:  178:            descriptor_.toProto(param, authz);
        -:  179:        }
        3:  180:        return rc;
        1:  181:    }
------------------
catena::common::ParamWithValue<int>::toProto(st2138::Param&, catena::common::IAuthorizer const&) const:
function catena::common::ParamWithValue<int>::toProto(st2138::Param&, catena::common::IAuthorizer const&) const called 3 returned 67% blocks executed 100%
        3:  174:    catena::exception_with_status toProto(st2138::Param& param, const IAuthorizer& authz) const override {
        -:  175:        // toProto checks authz.
        3:  176:        catena::exception_with_status rc = toProto(*param.mutable_value(), authz);
        3:  176-block  0
call    0 returned 3
call    1 returned 3
        3:  177:        if (rc.status == catena::StatusCode::OK) {
branch  0 taken 2 (fallthrough)
branch  1 taken 1
        2:  178:            descriptor_.toProto(param, authz);
        2:  178-block  0
call    0 returned 2
branch  1 taken 1 (fallthrough)
branch  2 taken 1 (throw)
        -:  179:        }
        2:  180:        return rc;
        2:  180-block  0
        2:  180-block  1
        1:  181:    }
        1:  181-block  0
call    0 returned 1
------------------
catena::common::ParamWithValue<std::vector<int, std::allocator<int> > >::toProto(st2138::Param&, catena::common::IAuthorizer const&) const:
function catena::common::ParamWithValue<std::vector<int, std::allocator<int> > >::toProto(st2138::Param&, catena::common::IAuthorizer const&) const called 1 returned 100% blocks executed 88%
        1:  174:    catena::exception_with_status toProto(st2138::Param& param, const IAuthorizer& authz) const override {
        -:  175:        // toProto checks authz.
        1:  176:        catena::exception_with_status rc = toProto(*param.mutable_value(), authz);
        1:  176-block  0
call    0 returned 1
call    1 returned 1
        1:  177:        if (rc.status == catena::StatusCode::OK) {
branch  0 taken 1 (fallthrough)
branch  1 taken 0
        1:  178:            descriptor_.toProto(param, authz);
        1:  178-block  0
call    0 returned 1
branch  1 taken 1 (fallthrough)
branch  2 taken 0 (throw)
        -:  179:        }
        1:  180:        return rc;
        1:  180-block  0
        1:  180-block  1
    =====:  181:    }
    $$$$$:  181-block  0
call    0 never executed
------------------
        -:  182:
        -:  183:    /**
        -:  184:     * @brief Serializes the parameter descriptor to a protobuf paramInfo object.
        -:  185:     * @param paramInfo The protobuf value to serialize to.
        -:  186:     * @param authz The authorization information.
        -:  187:     */
    #####:  188:    catena::exception_with_status toProto(st2138::ParamInfoResponse& paramInfo, const IAuthorizer& authz) const override {
    #####:  189:        catena::exception_with_status ans{"", catena::StatusCode::OK};
    #####:  190:        if (!authz.readAuthz(*this)) {
    #####:  191:            ans = catena::exception_with_status("Not authorized to read param " + descriptor_.getOid(), catena::StatusCode::PERMISSION_DENIED);
        -:  192:        } else {
    #####:  193:            descriptor_.toProto(*paramInfo.mutable_info(), authz);
        -:  194:        }
    #####:  195:        return ans;
    =====:  196:    }
------------------
catena::common::ParamWithValue<std::vector<int, std::allocator<int> > >::toProto(st2138::ParamInfoResponse&, catena::common::IAuthorizer const&) const:
function catena::common::ParamWithValue<std::vector<int, std::allocator<int> > >::toProto(st2138::ParamInfoResponse&, catena::common::IAuthorizer const&) const called 0 returned 0% blocks executed 0%
    #####:  188:    catena::exception_with_status toProto(st2138::ParamInfoResponse& paramInfo, const IAuthorizer& authz) const override {
    %%%%%:  188-block  0
    #####:  189:        catena::exception_with_status ans{"", catena::StatusCode::OK};
    %%%%%:  189-block  0
call    0 never executed
branch  1 never executed (fallthrough)
branch  2 never executed (throw)
    %%%%%:  189-block  1
call    3 never executed
branch  4 never executed (fallthrough)
branch  5 never executed (throw)
    %%%%%:  189-block  2
call    6 never executed
    $$$$$:  189-block  3
call    7 never executed
    $$$$$:  189-block  4
    $$$$$:  189-block  5
call    8 never executed
    #####:  190:        if (!authz.readAuthz(*this)) {
    %%%%%:  190-block  0
call    0 never executed
branch  1 never executed (fallthrough)
branch  2 never executed (throw)
    %%%%%:  190-block  1
branch  3 never executed (fallthrough)
branch  4 never executed
    #####:  191:            ans = catena::exception_with_status("Not authorized to read param " + descriptor_.getOid(), catena::StatusCode::PERMISSION_DENIED);
    %%%%%:  191-block  0
call    0 never executed
branch  1 never executed (fallthrough)
branch  2 never executed (throw)
    %%%%%:  191-block  1
call    3 never executed
branch  4 never executed (fallthrough)
branch  5 never executed (throw)
    %%%%%:  191-block  2
call    6 never executed
branch  7 never executed (fallthrough)
branch  8 never executed (throw)
    %%%%%:  191-block  3
call    9 never executed
call   10 never executed
call   11 never executed
    $$$$$:  191-block  4
call   12 never executed
    $$$$$:  191-block  5
    $$$$$:  191-block  6
        -:  192:        } else {
    #####:  193:            descriptor_.toProto(*paramInfo.mutable_info(), authz);
    %%%%%:  193-block  0
call    0 never executed
branch  1 never executed (fallthrough)
branch  2 never executed (throw)
    %%%%%:  193-block  1
call    3 never executed
branch  4 never executed (fallthrough)
branch  5 never executed (throw)
        -:  194:        }
    #####:  195:        return ans;
    %%%%%:  195-block  0
    %%%%%:  195-block  1
    =====:  196:    }
    $$$$$:  196-block  0
call    0 never executed
------------------
catena::common::ParamWithValue<int>::toProto(st2138::ParamInfoResponse&, catena::common::IAuthorizer const&) const:
function catena::common::ParamWithValue<int>::toProto(st2138::ParamInfoResponse&, catena::common::IAuthorizer const&) const called 0 returned 0% blocks executed 0%
    #####:  188:    catena::exception_with_status toProto(st2138::ParamInfoResponse& paramInfo, const IAuthorizer& authz) const override {
    %%%%%:  188-block  0
    #####:  189:        catena::exception_with_status ans{"", catena::StatusCode::OK};
    %%%%%:  189-block  0
call    0 never executed
branch  1 never executed (fallthrough)
branch  2 never executed (throw)
    %%%%%:  189-block  1
call    3 never executed
branch  4 never executed (fallthrough)
branch  5 never executed (throw)
    %%%%%:  189-block  2
call    6 never executed
    $$$$$:  189-block  3
call    7 never executed
    $$$$$:  189-block  4
    $$$$$:  189-block  5
call    8 never executed
    #####:  190:        if (!authz.readAuthz(*this)) {
    %%%%%:  190-block  0
call    0 never executed
branch  1 never executed (fallthrough)
branch  2 never executed (throw)
    %%%%%:  190-block  1
branch  3 never executed (fallthrough)
branch  4 never executed
    #####:  191:            ans = catena::exception_with_status("Not authorized to read param " + descriptor_.getOid(), catena::StatusCode::PERMISSION_DENIED);
    %%%%%:  191-block  0
call    0 never executed
branch  1 never executed (fallthrough)
branch  2 never executed (throw)
    %%%%%:  191-block  1
call    3 never executed
branch  4 never executed (fallthrough)
branch  5 never executed (throw)
    %%%%%:  191-block  2
call    6 never executed
branch  7 never executed (fallthrough)
branch  8 never executed (throw)
    %%%%%:  191-block  3
call    9 never executed
call   10 never executed
call   11 never executed
    $$$$$:  191-block  4
call   12 never executed
    $$$$$:  191-block  5
    $$$$$:  191-block  6
        -:  192:        } else {
    #####:  193:            descriptor_.toProto(*paramInfo.mutable_info(), authz);
    %%%%%:  193-block  0
call    0 never executed
branch  1 never executed (fallthrough)
branch  2 never executed (throw)
    %%%%%:  193-block  1
call    3 never executed
branch  4 never executed (fallthrough)
branch  5 never executed (throw)
        -:  194:        }
    #####:  195:        return ans;
    %%%%%:  195-block  0
    %%%%%:  195-block  1
    =====:  196:    }
    $$$$$:  196-block  0
call    0 never executed
------------------
        -:  197:
        -:  198:    /**
        -:  199:     * @brief Serializes the parameter value to protobuf.
        -:  200:     * @param dst The protobuf value to serialize to.
        -:  201:     * @param authz The authorizer object to containing the client's scopes.
        -:  202:     */
        2:  203:    catena::exception_with_status fromProto(const st2138::Value& value, const IAuthorizer& authz) override {
        2:  204:        return catena::common::fromProto<T>(value, &value_.get(), descriptor_, authz);
        -:  205:    }
------------------
catena::common::ParamWithValue<int>::fromProto(st2138::Value const&, catena::common::IAuthorizer const&):
function catena::common::ParamWithValue<int>::fromProto(st2138::Value const&, catena::common::IAuthorizer const&) called 1 returned 100% blocks executed 100%
        1:  203:    catena::exception_with_status fromProto(const st2138::Value& value, const IAuthorizer& authz) override {
        1:  204:        return catena::common::fromProto<T>(value, &value_.get(), descriptor_, authz);
        1:  204-block  0
call    0 returned 1
call    1 returned 1
        -:  205:    }
------------------
catena::common::ParamWithValue<std::vector<int, std::allocator<int> > >::fromProto(st2138::Value const&, catena::common::IAuthorizer const&):
function catena::common::ParamWithValue<std::vector<int, std::allocator<int> > >::fromProto(st2138::Value const&, catena::common::IAuthorizer const&) called 1 returned 100% blocks executed 100%
        1:  203:    catena::exception_with_status fromProto(const st2138::Value& value, const IAuthorizer& authz) override {
        1:  204:        return catena::common::fromProto<T>(value, &value_.get(), descriptor_, authz);
        1:  204-block  0
call    0 returned 1
call    1 returned 1
        -:  205:    }
------------------
        -:  206:
        -:  207:    /**
        -:  208:     * @brief Gets the parameters protobuf value type.
        -:  209:     */
    #####:  210:    typename IParam::ParamType type() const override { return descriptor_.type(); }
------------------
catena::common::ParamWithValue<std::vector<int, std::allocator<int> > >::type() const:
function catena::common::ParamWithValue<std::vector<int, std::allocator<int> > >::type() const called 0 returned 0% blocks executed 0%
    #####:  210:    typename IParam::ParamType type() const override { return descriptor_.type(); }
    %%%%%:  210-block  0
call    0 never executed
branch  1 never executed (fallthrough)
branch  2 never executed (throw)
    %%%%%:  210-block  1
call    3 never executed
    %%%%%:  210-block  2
    %%%%%:  210-block  3
------------------
catena::common::ParamWithValue<int>::type() const:
function catena::common::ParamWithValue<int>::type() const called 0 returned 0% blocks executed 0%
    #####:  210:    typename IParam::ParamType type() const override { return descriptor_.type(); }
    %%%%%:  210-block  0
call    0 never executed
branch  1 never executed (fallthrough)
branch  2 never executed (throw)
    %%%%%:  210-block  1
call    3 never executed
    %%%%%:  210-block  2
    %%%%%:  210-block  3
------------------
        -:  211:
        -:  212:    /**
        -:  213:     * @brief Gets the oid of the param
        -:  214:     * @return The oid of the param
        -:  215:     */
    #####:  216:    const std::string& getOid() const override { return descriptor_.getOid(); }
------------------
catena::common::ParamWithValue<std::vector<int, std::allocator<int> > >::getOid[abi:cxx11]() const:
function catena::common::ParamWithValue<std::vector<int, std::allocator<int> > >::getOid[abi:cxx11]() const called 0 returned 0% blocks executed 0%
    #####:  216:    const std::string& getOid() const override { return descriptor_.getOid(); }
    %%%%%:  216-block  0
call    0 never executed
------------------
catena::common::ParamWithValue<int>::getOid[abi:cxx11]() const:
function catena::common::ParamWithValue<int>::getOid[abi:cxx11]() const called 0 returned 0% blocks executed 0%
    #####:  216:    const std::string& getOid() const override { return descriptor_.getOid(); }
    %%%%%:  216-block  0
call    0 never executed
------------------
        -:  217:
        -:  218:    /**
        -:  219:     * @brief Sets the param's oid.
        -:  220:     * @param oid The new oid for the param.
        -:  221:     */
    #####:  222:    void setOid(const std::string& oid) override{ descriptor_.setOid(oid); }
------------------
catena::common::ParamWithValue<std::vector<int, std::allocator<int> > >::setOid(std::__cxx11::basic_string<char, std::char_traits<char>, std::allocator<char> > const&):
function catena::common::ParamWithValue<std::vector<int, std::allocator<int> > >::setOid(std::__cxx11::basic_string<char, std::char_traits<char>, std::allocator<char> > const&) called 0 returned 0% blocks executed 0%
    #####:  222:    void setOid(const std::string& oid) override{ descriptor_.setOid(oid); }
    %%%%%:  222-block  0
call    0 never executed
------------------
catena::common::ParamWithValue<int>::setOid(std::__cxx11::basic_string<char, std::char_traits<char>, std::allocator<char> > const&):
function catena::common::ParamWithValue<int>::setOid(std::__cxx11::basic_string<char, std::char_traits<char>, std::allocator<char> > const&) called 0 returned 0% blocks executed 0%
    #####:  222:    void setOid(const std::string& oid) override{ descriptor_.setOid(oid); }
    %%%%%:  222-block  0
call    0 never executed
------------------
        -:  223:
        -:  224:    /**
        -:  225:     * @brief Returns true if the param is readOnly.
        -:  226:     */
    #####:  227:    bool readOnly() const override { return descriptor_.readOnly(); }
------------------
catena::common::ParamWithValue<std::vector<int, std::allocator<int> > >::readOnly() const:
function catena::common::ParamWithValue<std::vector<int, std::allocator<int> > >::readOnly() const called 0 returned 0% blocks executed 0%
    #####:  227:    bool readOnly() const override { return descriptor_.readOnly(); }
    %%%%%:  227-block  0
call    0 never executed
------------------
catena::common::ParamWithValue<int>::readOnly() const:
function catena::common::ParamWithValue<int>::readOnly() const called 0 returned 0% blocks executed 0%
    #####:  227:    bool readOnly() const override { return descriptor_.readOnly(); }
    %%%%%:  227-block  0
call    0 never executed
------------------
        -:  228:
        -:  229:    /**
        -:  230:     * @brief Sets the read only status of the param.
        -:  231:     * @param flag True if the param should be read only, false otherwise.
        -:  232:     */
    #####:  233:    void readOnly(bool flag) override { descriptor_.readOnly(flag); }
------------------
catena::common::ParamWithValue<std::vector<int, std::allocator<int> > >::readOnly(bool):
function catena::common::ParamWithValue<std::vector<int, std::allocator<int> > >::readOnly(bool) called 0 returned 0% blocks executed 0%
    #####:  233:    void readOnly(bool flag) override { descriptor_.readOnly(flag); }
    %%%%%:  233-block  0
call    0 never executed
------------------
catena::common::ParamWithValue<int>::readOnly(bool):
function catena::common::ParamWithValue<int>::readOnly(bool) called 0 returned 0% blocks executed 0%
    #####:  233:    void readOnly(bool flag) override { descriptor_.readOnly(flag); }
    %%%%%:  233-block  0
call    0 never executed
------------------
        -:  234:
        -:  235:    /**
        -:  236:     * @brief Gets the value of the parameter.
        -:  237:     */
       29:  238:    T& get() { return value_.get(); }
------------------
catena::common::ParamWithValue<int>::get():
function catena::common::ParamWithValue<int>::get() called 14 returned 100% blocks executed 100%
       14:  238:    T& get() { return value_.get(); }
       14:  238-block  0
call    0 returned 14
------------------
catena::common::ParamWithValue<std::vector<int, std::allocator<int> > >::get():
function catena::common::ParamWithValue<std::vector<int, std::allocator<int> > >::get() called 15 returned 100% blocks executed 100%
       15:  238:    T& get() { return value_.get(); }
       15:  238-block  0
call    0 returned 15
------------------
        -:  239:
        -:  240:    /**
        -:  241:     * @brief Gets the value of the parameter (const version).
        -:  242:     */
function catena::common::ParamWithValue<std::vector<int, std::allocator<int> > >::get() const called 1 returned 100% blocks executed 100%
        1:  243:    const T& get() const { return value_.get(); }
        1:  243-block  0
call    0 returned 1
        -:  244:
        -:  245:    /**
        -:  246:     * @brief Gets a child parameter by name.
        -:  247:     * @param oid The oid of the child parameter to get.
        -:  248:     * @param authz The IAuthorizer to test read permissions with.
        -:  249:     * @param status The status of the operation. OK if successful, otherwise
        -:  250:     * an error.
        -:  251:     * @return A unique pointer to the child parameter, or nullptr if the
        -:  252:     * operation failed.
        -:  253:     */
        6:  254:    std::unique_ptr<IParam> getParam(Path& oid, const IAuthorizer& authz, catena::exception_with_status& status) override {
        6:  255:        std::unique_ptr<IParam> returnParam = nullptr;
        -:  256:        // Check read authz
        6:  257:        if (!authz.readAuthz(*this)) {
       1*:  258:            status = catena::exception_with_status("Not authorized to read param " + oid.fqoid(), catena::StatusCode::PERMISSION_DENIED);
        -:  259:        } else {
        5:  260:            returnParam = getParam_(oid, value_.get(), authz, status);
        -:  261:        }
        6:  262:        return returnParam;
    =====:  263:    }
------------------
catena::common::ParamWithValue<int>::getParam(catena::common::Path&, catena::common::IAuthorizer const&, catena::exception_with_status&):
function catena::common::ParamWithValue<int>::getParam(catena::common::Path&, catena::common::IAuthorizer const&, catena::exception_with_status&) called 1 returned 100% blocks executed 39%
        1:  254:    std::unique_ptr<IParam> getParam(Path& oid, const IAuthorizer& authz, catena::exception_with_status& status) override {
        1:  255:        std::unique_ptr<IParam> returnParam = nullptr;
        1:  255-block  0
call    0 returned 1
        -:  256:        // Check read authz
        1:  257:        if (!authz.readAuthz(*this)) {
call    0 returned 1
branch  1 taken 1 (fallthrough)
branch  2 taken 0 (throw)
        1:  257-block  0
branch  3 taken 0 (fallthrough)
branch  4 taken 1
    #####:  258:            status = catena::exception_with_status("Not authorized to read param " + oid.fqoid(), catena::StatusCode::PERMISSION_DENIED);
    %%%%%:  258-block  0
call    0 never executed
branch  1 never executed (fallthrough)
branch  2 never executed (throw)
    %%%%%:  258-block  1
call    3 never executed
branch  4 never executed (fallthrough)
branch  5 never executed (throw)
    %%%%%:  258-block  2
call    6 never executed
branch  7 never executed (fallthrough)
branch  8 never executed (throw)
    %%%%%:  258-block  3
call    9 never executed
call   10 never executed
call   11 never executed
call   12 never executed
    $$$$$:  258-block  4
call   13 never executed
    $$$$$:  258-block  5
call   14 never executed
    $$$$$:  258-block  6
    $$$$$:  258-block  7
    $$$$$:  258-block  8
        -:  259:        } else {
        1:  260:            returnParam = getParam_(oid, value_.get(), authz, status);
        1:  260-block  0
call    0 returned 1
call    1 returned 1
branch  2 taken 1 (fallthrough)
branch  3 taken 0 (throw)
        1:  260-block  1
call    4 returned 1
call    5 returned 1
    $$$$$:  260-block  2
        -:  261:        }
        1:  262:        return returnParam;
        1:  262-block  0
        1:  262-block  1
    =====:  263:    }
    $$$$$:  263-block  0
call    0 never executed
------------------
catena::common::ParamWithValue<std::vector<int, std::allocator<int> > >::getParam(catena::common::Path&, catena::common::IAuthorizer const&, catena::exception_with_status&):
function catena::common::ParamWithValue<std::vector<int, std::allocator<int> > >::getParam(catena::common::Path&, catena::common::IAuthorizer const&, catena::exception_with_status&) called 5 returned 100% blocks executed 68%
        5:  254:    std::unique_ptr<IParam> getParam(Path& oid, const IAuthorizer& authz, catena::exception_with_status& status) override {
        5:  255:        std::unique_ptr<IParam> returnParam = nullptr;
        5:  255-block  0
call    0 returned 5
        -:  256:        // Check read authz
        5:  257:        if (!authz.readAuthz(*this)) {
call    0 returned 5
branch  1 taken 5 (fallthrough)
branch  2 taken 0 (throw)
        5:  257-block  0
branch  3 taken 1 (fallthrough)
branch  4 taken 4
        1:  258:            status = catena::exception_with_status("Not authorized to read param " + oid.fqoid(), catena::StatusCode::PERMISSION_DENIED);
        1:  258-block  0
call    0 returned 1
branch  1 taken 1 (fallthrough)
branch  2 taken 0 (throw)
        1:  258-block  1
call    3 returned 1
branch  4 taken 1 (fallthrough)
branch  5 taken 0 (throw)
        1:  258-block  2
call    6 returned 1
branch  7 taken 1 (fallthrough)
branch  8 taken 0 (throw)
        1:  258-block  3
call    9 returned 1
call   10 returned 1
call   11 returned 1
call   12 returned 1
    $$$$$:  258-block  4
call   13 never executed
    $$$$$:  258-block  5
call   14 never executed
    $$$$$:  258-block  6
    $$$$$:  258-block  7
    $$$$$:  258-block  8
        -:  259:        } else {
        4:  260:            returnParam = getParam_(oid, value_.get(), authz, status);
        4:  260-block  0
call    0 returned 4
call    1 returned 4
branch  2 taken 4 (fallthrough)
branch  3 taken 0 (throw)
        4:  260-block  1
call    4 returned 4
call    5 returned 4
    $$$$$:  260-block  2
        -:  261:        }
        5:  262:        return returnParam;
        5:  262-block  0
        5:  262-block  1
    =====:  263:    }
    $$$$$:  263-block  0
call    0 never executed
------------------
        -:  264:
        -:  265:    /**
        -:  266:     * @brief Defines the parameter's command implementation.
        -:  267:     * @param commandImpl The new command implementation.
        -:  268:     */
    #####:  269:    void defineCommand(std::function<std::unique_ptr<IParamDescriptor::ICommandResponder>(const st2138::Value&, const bool)> commandImpl) {
    #####:  270:        descriptor_.defineCommand(commandImpl);
    #####:  271:    }
------------------
catena::common::ParamWithValue<std::vector<int, std::allocator<int> > >::defineCommand(std::function<std::unique_ptr<catena::common::IParamDescriptor::ICommandResponder, std::default_delete<catena::common::IParamDescriptor::ICommandResponder> > (st2138::Value const&, bool)>):
function catena::common::ParamWithValue<std::vector<int, std::allocator<int> > >::defineCommand(std::function<std::unique_ptr<catena::common::IParamDescriptor::ICommandResponder, std::default_delete<catena::common::IParamDescriptor::ICommandResponder> > (st2138::Value const&, bool)>) called 0 returned 0% blocks executed 0%
    #####:  269:    void defineCommand(std::function<std::unique_ptr<IParamDescriptor::ICommandResponder>(const st2138::Value&, const bool)> commandImpl) {
    #####:  270:        descriptor_.defineCommand(commandImpl);
    %%%%%:  270-block  0
call    0 never executed
branch  1 never executed (fallthrough)
branch  2 never executed (throw)
    %%%%%:  270-block  1
call    3 never executed
branch  4 never executed (fallthrough)
branch  5 never executed (throw)
    %%%%%:  270-block  2
call    6 never executed
    $$$$$:  270-block  3
call    7 never executed
    #####:  271:    }
------------------
catena::common::ParamWithValue<int>::defineCommand(std::function<std::unique_ptr<catena::common::IParamDescriptor::ICommandResponder, std::default_delete<catena::common::IParamDescriptor::ICommandResponder> > (st2138::Value const&, bool)>):
function catena::common::ParamWithValue<int>::defineCommand(std::function<std::unique_ptr<catena::common::IParamDescriptor::ICommandResponder, std::default_delete<catena::common::IParamDescriptor::ICommandResponder> > (st2138::Value const&, bool)>) called 0 returned 0% blocks executed 0%
    #####:  269:    void defineCommand(std::function<std::unique_ptr<IParamDescriptor::ICommandResponder>(const st2138::Value&, const bool)> commandImpl) {
    #####:  270:        descriptor_.defineCommand(commandImpl);
    %%%%%:  270-block  0
call    0 never executed
branch  1 never executed (fallthrough)
branch  2 never executed (throw)
    %%%%%:  270-block  1
call    3 never executed
branch  4 never executed (fallthrough)
branch  5 never executed (throw)
    %%%%%:  270-block  2
call    6 never executed
    $$$$$:  270-block  3
call    7 never executed
    #####:  271:    }
------------------
        -:  272:
        -:  273:    /**
        -:  274:     * @brief Exectutes the parameter's command implementation.
        -:  275:     * @param value the value to pass to the command implementation
        -:  276:     * @param respond Flag indicating whether the command should respond with
        -:  277:     * a CommandResponse.
        -:  278:     * @param rc The return status of the operation.
        -:  279:     * @param authz The Authorizer to check permissions with.
        -:  280:     * @return The CommandResponder from the command implementation.
        -:  281:     */
    #####:  282:    std::unique_ptr<IParamDescriptor::ICommandResponder> executeCommand(const st2138::Value& value, const bool respond, catena::exception_with_status& rc, const IAuthorizer& authz) const override {
    #####:  283:        return descriptor_.executeCommand(value, respond, rc, authz);
        -:  284:    }
------------------
catena::common::ParamWithValue<std::vector<int, std::allocator<int> > >::executeCommand(st2138::Value const&, bool, catena::exception_with_status&, catena::common::IAuthorizer const&) const:
function catena::common::ParamWithValue<std::vector<int, std::allocator<int> > >::executeCommand(st2138::Value const&, bool, catena::exception_with_status&, catena::common::IAuthorizer const&) const called 0 returned 0% blocks executed 0%
    #####:  282:    std::unique_ptr<IParamDescriptor::ICommandResponder> executeCommand(const st2138::Value& value, const bool respond, catena::exception_with_status& rc, const IAuthorizer& authz) const override {
    #####:  283:        return descriptor_.executeCommand(value, respond, rc, authz);
    %%%%%:  283-block  0
call    0 never executed
        -:  284:    }
------------------
catena::common::ParamWithValue<int>::executeCommand(st2138::Value const&, bool, catena::exception_with_status&, catena::common::IAuthorizer const&) const:
function catena::common::ParamWithValue<int>::executeCommand(st2138::Value const&, bool, catena::exception_with_status&, catena::common::IAuthorizer const&) const called 0 returned 0% blocks executed 0%
    #####:  282:    std::unique_ptr<IParamDescriptor::ICommandResponder> executeCommand(const st2138::Value& value, const bool respond, catena::exception_with_status& rc, const IAuthorizer& authz) const override {
    #####:  283:        return descriptor_.executeCommand(value, respond, rc, authz);
    %%%%%:  283-block  0
call    0 never executed
        -:  284:    }
------------------
        -:  285:
        -:  286:    /**
        -:  287:     * @brief Returns the size of an array parameter.
        -:  288:     * @return The size of the array parameter, or 0 if the parameter is not an
        -:  289:     * array.
        -:  290:     */
        2:  291:    std::size_t size() const override { return size_(value_.get()); }
------------------
catena::common::ParamWithValue<int>::size() const:
function catena::common::ParamWithValue<int>::size() const called 1 returned 100% blocks executed 100%
        1:  291:    std::size_t size() const override { return size_(value_.get()); }
        1:  291-block  0
call    0 returned 1
call    1 returned 1
------------------
catena::common::ParamWithValue<std::vector<int, std::allocator<int> > >::size() const:
function catena::common::ParamWithValue<std::vector<int, std::allocator<int> > >::size() const called 1 returned 100% blocks executed 100%
        1:  291:    std::size_t size() const override { return size_(value_.get()); }
        1:  291-block  0
call    0 returned 1
call    1 returned 1
------------------
        -:  292:
        -:  293:    /**
        -:  294:     * @brief Add an empty value to and return the back of an array parameter.
        -:  295:     * @param authz The IAuthorizer to test write permissions with.
        -:  296:     * @param status The status of the operation. OK if successful, otherwise
        -:  297:     * an error.
        -:  298:     * @return A unique ptr to the new element, or nullptr if the operation
        -:  299:     * failed.
        -:  300:     */
        4:  301:    std::unique_ptr<IParam> addBack(const IAuthorizer& authz, catena::exception_with_status& status) override {
        4:  302:        return addBack_(value_.get(), authz, status);
        -:  303:    }
------------------
catena::common::ParamWithValue<int>::addBack(catena::common::IAuthorizer const&, catena::exception_with_status&):
function catena::common::ParamWithValue<int>::addBack(catena::common::IAuthorizer const&, catena::exception_with_status&) called 1 returned 100% blocks executed 100%
        1:  301:    std::unique_ptr<IParam> addBack(const IAuthorizer& authz, catena::exception_with_status& status) override {
        1:  302:        return addBack_(value_.get(), authz, status);
        1:  302-block  0
call    0 returned 1
call    1 returned 1
        -:  303:    }
------------------
catena::common::ParamWithValue<std::vector<int, std::allocator<int> > >::addBack(catena::common::IAuthorizer const&, catena::exception_with_status&):
function catena::common::ParamWithValue<std::vector<int, std::allocator<int> > >::addBack(catena::common::IAuthorizer const&, catena::exception_with_status&) called 3 returned 100% blocks executed 100%
        3:  301:    std::unique_ptr<IParam> addBack(const IAuthorizer& authz, catena::exception_with_status& status) override {
        3:  302:        return addBack_(value_.get(), authz, status);
        3:  302-block  0
call    0 returned 3
call    1 returned 3
        -:  303:    }
------------------
        -:  304:
        -:  305:    /**
        -:  306:     * @brief Pops the back of an array parameter.
        -:  307:     * @param authz The IAuthorizer to test write permissions with.
        -:  308:     * @return OK if succcessful, otherwise an error.
        -:  309:     */
        4:  310:    catena::exception_with_status popBack(const IAuthorizer& authz) override {
        4:  311:        return popBack_(value_.get(), authz);
        -:  312:    }
------------------
catena::common::ParamWithValue<int>::popBack(catena::common::IAuthorizer const&):
function catena::common::ParamWithValue<int>::popBack(catena::common::IAuthorizer const&) called 1 returned 100% blocks executed 100%
        1:  310:    catena::exception_with_status popBack(const IAuthorizer& authz) override {
        1:  311:        return popBack_(value_.get(), authz);
        1:  311-block  0
call    0 returned 1
call    1 returned 1
        -:  312:    }
------------------
catena::common::ParamWithValue<std::vector<int, std::allocator<int> > >::popBack(catena::common::IAuthorizer const&):
function catena::common::ParamWithValue<std::vector<int, std::allocator<int> > >::popBack(catena::common::IAuthorizer const&) called 3 returned 100% blocks executed 100%
        3:  310:    catena::exception_with_status popBack(const IAuthorizer& authz) override {
        3:  311:        return popBack_(value_.get(), authz);
        3:  311-block  0
call    0 returned 3
call    1 returned 3
        -:  312:    }
------------------
        -:  313:
        -:  314:    /**
        -:  315:     * @brief Gets the parameter's descriptor.
        -:  316:     * @return The parameter's ParamDescriptor object.
        -:  317:     */
       25:  318:    const IParamDescriptor& getDescriptor() const override { return descriptor_; }
------------------
catena::common::ParamWithValue<std::vector<int, std::allocator<int> > >::getDescriptor() const:
function catena::common::ParamWithValue<std::vector<int, std::allocator<int> > >::getDescriptor() const called 11 returned 100% blocks executed 100%
       11:  318:    const IParamDescriptor& getDescriptor() const override { return descriptor_; }
       11:  318-block  0
------------------
catena::common::ParamWithValue<int>::getDescriptor() const:
function catena::common::ParamWithValue<int>::getDescriptor() const called 14 returned 100% blocks executed 100%
       14:  318:    const IParamDescriptor& getDescriptor() const override { return descriptor_; }
       14:  318-block  0
------------------
        -:  319:
        -:  320:    /**
        -:  321:     * @brief Checks if the parameter is an array type.
        -:  322:     * @return True if the parameter is an array type (INT32_ARRAY,
        -:  323:     * FLOAT32_ARRAY, STRING_ARRAY, STRUCT_ARRAY, or STRUCT_VARIANT_ARRAY).
        -:  324:     */
    #####:  325:    bool isArrayType() const override {
    #####:  326:        st2138::ParamType paramType = type().value();
    #####:  327:        return (paramType == st2138::ParamType::STRUCT_ARRAY ||
    #####:  328:                paramType == st2138::ParamType::INT32_ARRAY ||
    #####:  329:                paramType == st2138::ParamType::FLOAT32_ARRAY ||
    #####:  330:                paramType == st2138::ParamType::STRING_ARRAY ||
    #####:  331:                paramType == st2138::ParamType::STRUCT_VARIANT_ARRAY);
        -:  332:    }
------------------
catena::common::ParamWithValue<std::vector<int, std::allocator<int> > >::isArrayType() const:
function catena::common::ParamWithValue<std::vector<int, std::allocator<int> > >::isArrayType() const called 0 returned 0% blocks executed 0%
    #####:  325:    bool isArrayType() const override {
    #####:  326:        st2138::ParamType paramType = type().value();
    %%%%%:  326-block  0
call    0 never executed
branch  1 never executed (fallthrough)
branch  2 never executed (throw)
    %%%%%:  326-block  1
call    3 never executed
    #####:  327:        return (paramType == st2138::ParamType::STRUCT_ARRAY ||
    %%%%%:  327-block  0
branch  0 never executed (fallthrough)
branch  1 never executed
    #####:  328:                paramType == st2138::ParamType::INT32_ARRAY ||
    %%%%%:  328-block  0
branch  0 never executed (fallthrough)
branch  1 never executed
    #####:  329:                paramType == st2138::ParamType::FLOAT32_ARRAY ||
    %%%%%:  329-block  0
branch  0 never executed (fallthrough)
branch  1 never executed
    #####:  330:                paramType == st2138::ParamType::STRING_ARRAY ||
branch  0 never executed (fallthrough)
branch  1 never executed
    %%%%%:  330-block  0
branch  2 never executed (fallthrough)
branch  3 never executed
    %%%%%:  330-block  1
    %%%%%:  330-block  2
    #####:  331:                paramType == st2138::ParamType::STRUCT_VARIANT_ARRAY);
    %%%%%:  331-block  0
    %%%%%:  331-block  1
        -:  332:    }
------------------
catena::common::ParamWithValue<int>::isArrayType() const:
function catena::common::ParamWithValue<int>::isArrayType() const called 0 returned 0% blocks executed 0%
    #####:  325:    bool isArrayType() const override {
    #####:  326:        st2138::ParamType paramType = type().value();
    %%%%%:  326-block  0
call    0 never executed
branch  1 never executed (fallthrough)
branch  2 never executed (throw)
    %%%%%:  326-block  1
call    3 never executed
    #####:  327:        return (paramType == st2138::ParamType::STRUCT_ARRAY ||
    %%%%%:  327-block  0
branch  0 never executed (fallthrough)
branch  1 never executed
    #####:  328:                paramType == st2138::ParamType::INT32_ARRAY ||
    %%%%%:  328-block  0
branch  0 never executed (fallthrough)
branch  1 never executed
    #####:  329:                paramType == st2138::ParamType::FLOAT32_ARRAY ||
    %%%%%:  329-block  0
branch  0 never executed (fallthrough)
branch  1 never executed
    #####:  330:                paramType == st2138::ParamType::STRING_ARRAY ||
branch  0 never executed (fallthrough)
branch  1 never executed
    %%%%%:  330-block  0
branch  2 never executed (fallthrough)
branch  3 never executed
    %%%%%:  330-block  1
    %%%%%:  330-block  2
    #####:  331:                paramType == st2138::ParamType::STRUCT_VARIANT_ARRAY);
    %%%%%:  331-block  0
    %%%%%:  331-block  1
        -:  332:    }
------------------
        -:  333:
        -:  334:    /**
        -:  335:     * @brief Adds a child parameter.
        -:  336:     * @param oid The oid of the child parameter to add.
        -:  337:     * @param param The child parameter to add.
        -:  338:     */
    #####:  339:    void addParam(const std::string& oid, IParamDescriptor* param) override { descriptor_.addSubParam(oid, param); }
------------------
catena::common::ParamWithValue<std::vector<int, std::allocator<int> > >::addParam(std::__cxx11::basic_string<char, std::char_traits<char>, std::allocator<char> > const&, catena::common::IParamDescriptor*):
function catena::common::ParamWithValue<std::vector<int, std::allocator<int> > >::addParam(std::__cxx11::basic_string<char, std::char_traits<char>, std::allocator<char> > const&, catena::common::IParamDescriptor*) called 0 returned 0% blocks executed 0%
    #####:  339:    void addParam(const std::string& oid, IParamDescriptor* param) override { descriptor_.addSubParam(oid, param); }
    %%%%%:  339-block  0
call    0 never executed
------------------
catena::common::ParamWithValue<int>::addParam(std::__cxx11::basic_string<char, std::char_traits<char>, std::allocator<char> > const&, catena::common::IParamDescriptor*):
function catena::common::ParamWithValue<int>::addParam(std::__cxx11::basic_string<char, std::char_traits<char>, std::allocator<char> > const&, catena::common::IParamDescriptor*) called 0 returned 0% blocks executed 0%
    #####:  339:    void addParam(const std::string& oid, IParamDescriptor* param) override { descriptor_.addSubParam(oid, param); }
    %%%%%:  339-block  0
call    0 never executed
------------------
        -:  340:
        -:  341:    /**
        -:  342:     * @brief Gets the parameter's constraint.
        -:  343:     */
    #####:  344:    const catena::common::IConstraint* getConstraint() const override { return descriptor_.getConstraint(); }
------------------
catena::common::ParamWithValue<std::vector<int, std::allocator<int> > >::getConstraint() const:
function catena::common::ParamWithValue<std::vector<int, std::allocator<int> > >::getConstraint() const called 0 returned 0% blocks executed 0%
    #####:  344:    const catena::common::IConstraint* getConstraint() const override { return descriptor_.getConstraint(); }
    %%%%%:  344-block  0
call    0 never executed
------------------
catena::common::ParamWithValue<int>::getConstraint() const:
function catena::common::ParamWithValue<int>::getConstraint() const called 0 returned 0% blocks executed 0%
    #####:  344:    const catena::common::IConstraint* getConstraint() const override { return descriptor_.getConstraint(); }
    %%%%%:  344-block  0
call    0 never executed
------------------
        -:  345:
        -:  346:    /**
        -:  347:     * @brief Gets the parameter's access scope.
        -:  348:     */
    #####:  349:    const std::string& getScope() const override { return descriptor_.getScope(); }
------------------
catena::common::ParamWithValue<std::vector<int, std::allocator<int> > >::getScope[abi:cxx11]() const:
function catena::common::ParamWithValue<std::vector<int, std::allocator<int> > >::getScope[abi:cxx11]() const called 0 returned 0% blocks executed 0%
    #####:  349:    const std::string& getScope() const override { return descriptor_.getScope(); }
    %%%%%:  349-block  0
call    0 never executed
------------------
catena::common::ParamWithValue<int>::getScope[abi:cxx11]() const:
function catena::common::ParamWithValue<int>::getScope[abi:cxx11]() const called 0 returned 0% blocks executed 0%
    #####:  349:    const std::string& getScope() const override { return descriptor_.getScope(); }
    %%%%%:  349-block  0
call    0 never executed
------------------
        -:  350:
        -:  351:    /**
        -:  352:     * @brief Validates a setValue operation without changing the param's value.
        -:  353:     * @param value The value we want to set the param to.
        -:  354:     * @param index The index of the subparam to set (or nullptr if none).
        -:  355:     * @param authz The authorizer object to check write permissions with.
        -:  356:     * @param ans Catena::exception_with_status output.
        -:  357:     * @returns true if valid.
        -:  358:     */
       14:  359:    bool validateSetValue(const st2138::Value& value, Path::Index index, const IAuthorizer& authz, catena::exception_with_status& ans) override {
       14:  360:        if (validateSetValueMap_.contains(value.kind_case())) {
        -:  361:            // Updating trackers.
       14:  362:            ans = validateSetValueMap_.at(value.kind_case())(value, index, authz);
        -:  363:        } else {
    #####:  364:            ans = catena::exception_with_status("Type not supported with SetValue", catena::StatusCode::INVALID_ARGUMENT);
        -:  365:        }
       14:  366:        return ans.status == catena::StatusCode::OK;
        -:  367:    }
------------------
catena::common::ParamWithValue<int>::validateSetValue(st2138::Value const&, unsigned long, catena::common::IAuthorizer const&, catena::exception_with_status&):
function catena::common::ParamWithValue<int>::validateSetValue(st2138::Value const&, unsigned long, catena::common::IAuthorizer const&, catena::exception_with_status&) called 3 returned 100% blocks executed 40%
        3:  359:    bool validateSetValue(const st2138::Value& value, Path::Index index, const IAuthorizer& authz, catena::exception_with_status& ans) override {
        3:  360:        if (validateSetValueMap_.contains(value.kind_case())) {
        3:  360-block  0
call    0 returned 3
call    1 returned 3
branch  2 taken 3 (fallthrough)
branch  3 taken 0 (throw)
        3:  360-block  1
branch  4 taken 3 (fallthrough)
branch  5 taken 0
    $$$$$:  360-block  2
call    6 never executed
        -:  361:            // Updating trackers.
        3:  362:            ans = validateSetValueMap_.at(value.kind_case())(value, index, authz);
        3:  362-block  0
call    0 returned 3
call    1 returned 3
branch  2 taken 3 (fallthrough)
branch  3 taken 0 (throw)
        3:  362-block  1
call    4 returned 3
branch  5 taken 3 (fallthrough)
branch  6 taken 0 (throw)
        3:  362-block  2
call    7 returned 3
call    8 returned 3
    $$$$$:  362-block  3
    $$$$$:  362-block  4
call    9 never executed
        -:  363:        } else {
    #####:  364:            ans = catena::exception_with_status("Type not supported with SetValue", catena::StatusCode::INVALID_ARGUMENT);
    %%%%%:  364-block  0
call    0 never executed
branch  1 never executed (fallthrough)
branch  2 never executed (throw)
    %%%%%:  364-block  1
call    3 never executed
branch  4 never executed (fallthrough)
branch  5 never executed (throw)
    %%%%%:  364-block  2
call    6 never executed
call    7 never executed
call    8 never executed
    %%%%%:  364-block  3
    $$$$$:  364-block  4
call    9 never executed
    $$$$$:  364-block  5
    $$$$$:  364-block  6
        -:  365:        }
        3:  366:        return ans.status == catena::StatusCode::OK;
        3:  366-block  0
        3:  366-block  1
        -:  367:    }
------------------
catena::common::ParamWithValue<std::vector<int, std::allocator<int> > >::validateSetValue(st2138::Value const&, unsigned long, catena::common::IAuthorizer const&, catena::exception_with_status&):
function catena::common::ParamWithValue<std::vector<int, std::allocator<int> > >::validateSetValue(st2138::Value const&, unsigned long, catena::common::IAuthorizer const&, catena::exception_with_status&) called 11 returned 100% blocks executed 40%
       11:  359:    bool validateSetValue(const st2138::Value& value, Path::Index index, const IAuthorizer& authz, catena::exception_with_status& ans) override {
       11:  360:        if (validateSetValueMap_.contains(value.kind_case())) {
       11:  360-block  0
call    0 returned 11
call    1 returned 11
branch  2 taken 11 (fallthrough)
branch  3 taken 0 (throw)
       11:  360-block  1
branch  4 taken 11 (fallthrough)
branch  5 taken 0
    $$$$$:  360-block  2
call    6 never executed
        -:  361:            // Updating trackers.
       11:  362:            ans = validateSetValueMap_.at(value.kind_case())(value, index, authz);
       11:  362-block  0
call    0 returned 11
call    1 returned 11
branch  2 taken 11 (fallthrough)
branch  3 taken 0 (throw)
       11:  362-block  1
call    4 returned 11
branch  5 taken 11 (fallthrough)
branch  6 taken 0 (throw)
       11:  362-block  2
call    7 returned 11
call    8 returned 11
    $$$$$:  362-block  3
    $$$$$:  362-block  4
call    9 never executed
        -:  363:        } else {
    #####:  364:            ans = catena::exception_with_status("Type not supported with SetValue", catena::StatusCode::INVALID_ARGUMENT);
    %%%%%:  364-block  0
call    0 never executed
branch  1 never executed (fallthrough)
branch  2 never executed (throw)
    %%%%%:  364-block  1
call    3 never executed
branch  4 never executed (fallthrough)
branch  5 never executed (throw)
    %%%%%:  364-block  2
call    6 never executed
call    7 never executed
call    8 never executed
    %%%%%:  364-block  3
    $$$$$:  364-block  4
call    9 never executed
    $$$$$:  364-block  5
    $$$$$:  364-block  6
        -:  365:        }
       11:  366:        return ans.status == catena::StatusCode::OK;
       11:  366-block  0
       11:  366-block  1
        -:  367:    }
------------------
        -:  368:    /**
        -:  369:     * @brief Resets any trackers that might have been changed in
        -:  370:     * validateSetValue().
        -:  371:     */
    #####:  372:    void resetValidate() override {
    #####:  373:        mSizeTracker_ = nullptr;
    #####:  374:        tSizeTracker_ = nullptr;
    #####:  375:    }
------------------
catena::common::ParamWithValue<std::vector<int, std::allocator<int> > >::resetValidate():
function catena::common::ParamWithValue<std::vector<int, std::allocator<int> > >::resetValidate() called 0 returned 0% blocks executed 0%
    #####:  372:    void resetValidate() override {
    #####:  373:        mSizeTracker_ = nullptr;
    %%%%%:  373-block  0
call    0 never executed
call    1 never executed
call    2 never executed
    #####:  374:        tSizeTracker_ = nullptr;
call    0 never executed
call    1 never executed
call    2 never executed
    #####:  375:    }
------------------
catena::common::ParamWithValue<int>::resetValidate():
function catena::common::ParamWithValue<int>::resetValidate() called 0 returned 0% blocks executed 0%
    #####:  372:    void resetValidate() override {
    #####:  373:        mSizeTracker_ = nullptr;
    %%%%%:  373-block  0
call    0 never executed
call    1 never executed
call    2 never executed
    #####:  374:        tSizeTracker_ = nullptr;
call    0 never executed
call    1 never executed
call    2 never executed
    #####:  375:    }
------------------
        -:  376:
        -:  377:  protected:
        -:  378:    /**
        -:  379:     * @brief Gets the size of the string/array parameter.
        -:  380:     * @param value The parameter's value.
        -:  381:     * @return 0.
        -:  382:     *
        -:  383:     * This generic template is used when the type is not a CatenaStructArray.
        -:  384:     * Since there is no .size() attribute, it only returns 0.
        -:  385:     */
        -:  386:    template <typename U>
      13*:  387:    std::size_t size_(const U& value) const { return 0; }
------------------
unsigned long catena::common::ParamWithValue<int>::size_<st2138::StructVariantValue>(st2138::StructVariantValue const&) const:
function unsigned long catena::common::ParamWithValue<int>::size_<st2138::StructVariantValue>(st2138::StructVariantValue const&) const called 0 returned 0% blocks executed 0%
    #####:  387:    std::size_t size_(const U& value) const { return 0; }
    %%%%%:  387-block  0
------------------
unsigned long catena::common::ParamWithValue<int>::size_<st2138::StructValue>(st2138::StructValue const&) const:
function unsigned long catena::common::ParamWithValue<int>::size_<st2138::StructValue>(st2138::StructValue const&) const called 0 returned 0% blocks executed 0%
    #####:  387:    std::size_t size_(const U& value) const { return 0; }
    %%%%%:  387-block  0
------------------
unsigned long catena::common::ParamWithValue<int>::size_<float>(float const&) const:
function unsigned long catena::common::ParamWithValue<int>::size_<float>(float const&) const called 0 returned 0% blocks executed 0%
    #####:  387:    std::size_t size_(const U& value) const { return 0; }
    %%%%%:  387-block  0
------------------
unsigned long catena::common::ParamWithValue<int>::size_<int>(int const&) const:
function unsigned long catena::common::ParamWithValue<int>::size_<int>(int const&) const called 2 returned 100% blocks executed 100%
        2:  387:    std::size_t size_(const U& value) const { return 0; }
        2:  387-block  0
------------------
unsigned long catena::common::ParamWithValue<std::vector<int, std::allocator<int> > >::size_<st2138::StructVariantValue>(st2138::StructVariantValue const&) const:
function unsigned long catena::common::ParamWithValue<std::vector<int, std::allocator<int> > >::size_<st2138::StructVariantValue>(st2138::StructVariantValue const&) const called 0 returned 0% blocks executed 0%
    #####:  387:    std::size_t size_(const U& value) const { return 0; }
    %%%%%:  387-block  0
------------------
unsigned long catena::common::ParamWithValue<std::vector<int, std::allocator<int> > >::size_<st2138::StructValue>(st2138::StructValue const&) const:
function unsigned long catena::common::ParamWithValue<std::vector<int, std::allocator<int> > >::size_<st2138::StructValue>(st2138::StructValue const&) const called 0 returned 0% blocks executed 0%
    #####:  387:    std::size_t size_(const U& value) const { return 0; }
    %%%%%:  387-block  0
------------------
unsigned long catena::common::ParamWithValue<std::vector<int, std::allocator<int> > >::size_<float>(float const&) const:
function unsigned long catena::common::ParamWithValue<std::vector<int, std::allocator<int> > >::size_<float>(float const&) const called 0 returned 0% blocks executed 0%
    #####:  387:    std::size_t size_(const U& value) const { return 0; }
    %%%%%:  387-block  0
------------------
unsigned long catena::common::ParamWithValue<std::vector<int, std::allocator<int> > >::size_<int>(int const&) const:
function unsigned long catena::common::ParamWithValue<std::vector<int, std::allocator<int> > >::size_<int>(int const&) const called 11 returned 100% blocks executed 100%
       11:  387:    std::size_t size_(const U& value) const { return 0; }
       11:  387-block  0
------------------
        -:  388:    /**
        -:  389:     * @brief Gets the size of the string/array parameter.
        -:  390:     * @param value The parameter's value.
        -:  391:     * @return The size of the string parameter.
        -:  392:     *
        -:  393:     * This specialization is used when the type is a std::string.
        -:  394:     */
    #####:  395:    std::size_t size_(const std::string& value) const { return value.length(); }
------------------
catena::common::ParamWithValue<int>::size_(std::__cxx11::basic_string<char, std::char_traits<char>, std::allocator<char> > const&) const:
function catena::common::ParamWithValue<int>::size_(std::__cxx11::basic_string<char, std::char_traits<char>, std::allocator<char> > const&) const called 0 returned 0% blocks executed 0%
    #####:  395:    std::size_t size_(const std::string& value) const { return value.length(); }
    %%%%%:  395-block  0
call    0 never executed
------------------
catena::common::ParamWithValue<std::vector<int, std::allocator<int> > >::size_(std::__cxx11::basic_string<char, std::char_traits<char>, std::allocator<char> > const&) const:
function catena::common::ParamWithValue<std::vector<int, std::allocator<int> > >::size_(std::__cxx11::basic_string<char, std::char_traits<char>, std::allocator<char> > const&) const called 0 returned 0% blocks executed 0%
    #####:  395:    std::size_t size_(const std::string& value) const { return value.length(); }
    %%%%%:  395-block  0
call    0 never executed
------------------
        -:  396:    /**
        -:  397:     * @brief Gets the size of the string/array parameter.
        -:  398:     * @param value The parameter's value.
        -:  399:     * @return The size of the array parameter.
        -:  400:     *
        -:  401:     * This specialization is used when the type is a CatenaStructArray.
        -:  402:     */
        -:  403:    template<meta::IsVector U>
       2*:  404:    std::size_t size_(const U& value) const { return value.size(); }
------------------
unsigned long catena::common::ParamWithValue<int>::size_<std::vector<st2138::StructVariantValue, std::allocator<st2138::StructVariantValue> > >(std::vector<st2138::StructVariantValue, std::allocator<st2138::StructVariantValue> > const&) const:
function unsigned long catena::common::ParamWithValue<int>::size_<std::vector<st2138::StructVariantValue, std::allocator<st2138::StructVariantValue> > >(std::vector<st2138::StructVariantValue, std::allocator<st2138::StructVariantValue> > const&) const called 0 returned 0% blocks executed 0%
    #####:  404:    std::size_t size_(const U& value) const { return value.size(); }
    %%%%%:  404-block  0
call    0 never executed
------------------
unsigned long catena::common::ParamWithValue<int>::size_<std::vector<st2138::StructValue, std::allocator<st2138::StructValue> > >(std::vector<st2138::StructValue, std::allocator<st2138::StructValue> > const&) const:
function unsigned long catena::common::ParamWithValue<int>::size_<std::vector<st2138::StructValue, std::allocator<st2138::StructValue> > >(std::vector<st2138::StructValue, std::allocator<st2138::StructValue> > const&) const called 0 returned 0% blocks executed 0%
    #####:  404:    std::size_t size_(const U& value) const { return value.size(); }
    %%%%%:  404-block  0
call    0 never executed
------------------
unsigned long catena::common::ParamWithValue<int>::size_<std::vector<std::__cxx11::basic_string<char, std::char_traits<char>, std::allocator<char> >, std::allocator<std::__cxx11::basic_string<char, std::char_traits<char>, std::allocator<char> > > > >(std::vector<std::__cxx11::basic_string<char, std::char_traits<char>, std::allocator<char> >, std::allocator<std::__cxx11::basic_string<char, std::char_traits<char>, std::allocator<char> > > > const&) const:
function unsigned long catena::common::ParamWithValue<int>::size_<std::vector<std::__cxx11::basic_string<char, std::char_traits<char>, std::allocator<char> >, std::allocator<std::__cxx11::basic_string<char, std::char_traits<char>, std::allocator<char> > > > >(std::vector<std::__cxx11::basic_string<char, std::char_traits<char>, std::allocator<char> >, std::allocator<std::__cxx11::basic_string<char, std::char_traits<char>, std::allocator<char> > > > const&) const called 0 returned 0% blocks executed 0%
    #####:  404:    std::size_t size_(const U& value) const { return value.size(); }
    %%%%%:  404-block  0
call    0 never executed
------------------
unsigned long catena::common::ParamWithValue<int>::size_<std::vector<float, std::allocator<float> > >(std::vector<float, std::allocator<float> > const&) const:
function unsigned long catena::common::ParamWithValue<int>::size_<std::vector<float, std::allocator<float> > >(std::vector<float, std::allocator<float> > const&) const called 0 returned 0% blocks executed 0%
    #####:  404:    std::size_t size_(const U& value) const { return value.size(); }
    %%%%%:  404-block  0
call    0 never executed
------------------
unsigned long catena::common::ParamWithValue<int>::size_<std::vector<int, std::allocator<int> > >(std::vector<int, std::allocator<int> > const&) const:
function unsigned long catena::common::ParamWithValue<int>::size_<std::vector<int, std::allocator<int> > >(std::vector<int, std::allocator<int> > const&) const called 0 returned 0% blocks executed 0%
    #####:  404:    std::size_t size_(const U& value) const { return value.size(); }
    %%%%%:  404-block  0
call    0 never executed
------------------
[...]
call    0 never executed
branch  1 never executed (fallthrough)
branch  2 never executed (throw)
    %%%%%:  861-block  1
call    3 never executed
branch  4 never executed (fallthrough)
branch  5 never executed (throw)
    %%%%%:  861-block  2
call    6 never executed
branch  7 never executed (fallthrough)
branch  8 never executed (throw)
        3:  861-block  3
call    9 returned 3
branch 10 taken 3 (fallthrough)
branch 11 taken 0 (throw)
        3:  861-block  4
call   12 returned 3
branch 13 taken 3 (fallthrough)
branch 14 taken 0 (throw)
        3:  861-block  5
call   15 returned 3
branch 16 taken 3 (fallthrough)
branch 17 taken 0 (throw)
       3*:  862:            auto protoVector = std::vector<int>(ints.begin(), ints.end());
    %%%%%:  862-block  0
call    0 never executed
call    1 never executed
call    2 never executed
branch  3 never executed (fallthrough)
branch  4 never executed (throw)
    $$$$$:  862-block  1
        3:  862-block  2
call    5 returned 3
call    6 returned 3
call    7 returned 3
branch  8 taken 3 (fallthrough)
branch  9 taken 0 (throw)
    $$$$$:  862-block  3
       6*:  863:            return this->validateSetValue_(this->get(), protoVector, protoVal, index, authz);
    %%%%%:  863-block  0
call    0 never executed
call    1 never executed
branch  2 never executed (fallthrough)
branch  3 never executed (throw)
    %%%%%:  863-block  1
        3:  863-block  2
call    4 returned 3
call    5 returned 3
branch  6 taken 3 (fallthrough)
branch  7 taken 0 (throw)
        3:  863-block  3
       3*:  864:        }},
    %%%%%:  864-block  0
call    0 never executed
call    1 never executed
    $$$$$:  864-block  1
call    2 never executed
    $$$$$:  864-block  2
call    3 never executed
        3:  864-block  3
call    4 returned 3
call    5 returned 3
    $$$$$:  864-block  4
call    6 never executed
    $$$$$:  864-block  5
call    7 never executed
      35*:  865:        {Kind::kFloat32ArrayValues, [this](const st2138::Value& protoVal, Path::Index index, const IAuthorizer& authz) {
call    0 returned 2
call    1 returned 15
call    2 returned 1
call    3 returned 1
call    4 returned 16
------------------
catena::common::ParamWithValue<int>::validateSetValueMap_::{lambda(st2138::Value const&, unsigned long, catena::common::IAuthorizer const&)#7}::operator()(st2138::Value const&, unsigned long, catena::common::IAuthorizer const&) const:
function catena::common::ParamWithValue<int>::validateSetValueMap_::{lambda(st2138::Value const&, unsigned long, catena::common::IAuthorizer const&)#7}::operator()(st2138::Value const&, unsigned long, catena::common::IAuthorizer const&) const called 0 returned 0% blocks executed 0%
    #####:  865:        {Kind::kFloat32ArrayValues, [this](const st2138::Value& protoVal, Path::Index index, const IAuthorizer& authz) {
------------------
catena::common::ParamWithValue<std::vector<int, std::allocator<int> > >::validateSetValueMap_::{lambda(st2138::Value const&, unsigned long, catena::common::IAuthorizer const&)#7}::operator()(st2138::Value const&, unsigned long, catena::common::IAuthorizer const&) const:
function catena::common::ParamWithValue<std::vector<int, std::allocator<int> > >::validateSetValueMap_::{lambda(st2138::Value const&, unsigned long, catena::common::IAuthorizer const&)#7}::operator()(st2138::Value const&, unsigned long, catena::common::IAuthorizer const&) const called 0 returned 0% blocks executed 0%
    #####:  865:        {Kind::kFloat32ArrayValues, [this](const st2138::Value& protoVal, Path::Index index, const IAuthorizer& authz) {
------------------
    #####:  866:            auto floats = protoVal.float32_array_values().floats();
    %%%%%:  866-block  0
call    0 never executed
branch  1 never executed (fallthrough)
branch  2 never executed (throw)
    %%%%%:  866-block  1
call    3 never executed
branch  4 never executed (fallthrough)
branch  5 never executed (throw)
    %%%%%:  866-block  2
call    6 never executed
branch  7 never executed (fallthrough)
branch  8 never executed (throw)
    %%%%%:  866-block  3
call    9 never executed
branch 10 never executed (fallthrough)
branch 11 never executed (throw)
    %%%%%:  866-block  4
call   12 never executed
branch 13 never executed (fallthrough)
branch 14 never executed (throw)
    %%%%%:  866-block  5
call   15 never executed
branch 16 never executed (fallthrough)
branch 17 never executed (throw)
    #####:  867:            auto protoVector = std::vector<float>(floats.begin(), floats.end());
    %%%%%:  867-block  0
call    0 never executed
call    1 never executed
call    2 never executed
branch  3 never executed (fallthrough)
branch  4 never executed (throw)
    $$$$$:  867-block  1
    %%%%%:  867-block  2
call    5 never executed
call    6 never executed
call    7 never executed
branch  8 never executed (fallthrough)
branch  9 never executed (throw)
    $$$$$:  867-block  3
    #####:  868:            return this->validateSetValue_(this->get(), protoVector, protoVal, index, authz);
    %%%%%:  868-block  0
call    0 never executed
call    1 never executed
branch  2 never executed (fallthrough)
branch  3 never executed (throw)
    %%%%%:  868-block  1
    %%%%%:  868-block  2
call    4 never executed
call    5 never executed
branch  6 never executed (fallthrough)
branch  7 never executed (throw)
    %%%%%:  868-block  3
    #####:  869:        }},
    %%%%%:  869-block  0
call    0 never executed
call    1 never executed
    $$$$$:  869-block  1
call    2 never executed
    $$$$$:  869-block  2
call    3 never executed
    %%%%%:  869-block  3
call    4 never executed
call    5 never executed
    $$$$$:  869-block  4
call    6 never executed
    $$$$$:  869-block  5
call    7 never executed
      35*:  870:        {Kind::kStringArrayValues, [this](const st2138::Value& protoVal, Path::Index index, const IAuthorizer& authz) {
call    0 returned 2
call    1 returned 15
call    2 returned 1
call    3 returned 1
call    4 returned 16
------------------
catena::common::ParamWithValue<int>::validateSetValueMap_::{lambda(st2138::Value const&, unsigned long, catena::common::IAuthorizer const&)#8}::operator()(st2138::Value const&, unsigned long, catena::common::IAuthorizer const&) const:
function catena::common::ParamWithValue<int>::validateSetValueMap_::{lambda(st2138::Value const&, unsigned long, catena::common::IAuthorizer const&)#8}::operator()(st2138::Value const&, unsigned long, catena::common::IAuthorizer const&) const called 0 returned 0% blocks executed 0%
    #####:  870:        {Kind::kStringArrayValues, [this](const st2138::Value& protoVal, Path::Index index, const IAuthorizer& authz) {
------------------
catena::common::ParamWithValue<std::vector<int, std::allocator<int> > >::validateSetValueMap_::{lambda(st2138::Value const&, unsigned long, catena::common::IAuthorizer const&)#8}::operator()(st2138::Value const&, unsigned long, catena::common::IAuthorizer const&) const:
function catena::common::ParamWithValue<std::vector<int, std::allocator<int> > >::validateSetValueMap_::{lambda(st2138::Value const&, unsigned long, catena::common::IAuthorizer const&)#8}::operator()(st2138::Value const&, unsigned long, catena::common::IAuthorizer const&) const called 0 returned 0% blocks executed 0%
    #####:  870:        {Kind::kStringArrayValues, [this](const st2138::Value& protoVal, Path::Index index, const IAuthorizer& authz) {
------------------
    #####:  871:            auto strings = protoVal.string_array_values().strings();
    %%%%%:  871-block  0
call    0 never executed
branch  1 never executed (fallthrough)
branch  2 never executed (throw)
    %%%%%:  871-block  1
call    3 never executed
branch  4 never executed (fallthrough)
branch  5 never executed (throw)
    %%%%%:  871-block  2
call    6 never executed
branch  7 never executed (fallthrough)
branch  8 never executed (throw)
    %%%%%:  871-block  3
call    9 never executed
branch 10 never executed (fallthrough)
branch 11 never executed (throw)
    %%%%%:  871-block  4
call   12 never executed
branch 13 never executed (fallthrough)
branch 14 never executed (throw)
    %%%%%:  871-block  5
call   15 never executed
branch 16 never executed (fallthrough)
branch 17 never executed (throw)
    #####:  872:            auto protoVector = std::vector<std::string>(strings.begin(), strings.end());
    %%%%%:  872-block  0
call    0 never executed
branch  1 never executed (fallthrough)
branch  2 never executed (throw)
    %%%%%:  872-block  1
call    3 never executed
branch  4 never executed (fallthrough)
branch  5 never executed (throw)
    %%%%%:  872-block  2
call    6 never executed
branch  7 never executed (fallthrough)
branch  8 never executed (throw)
    $$$$$:  872-block  3
    %%%%%:  872-block  4
call    9 never executed
branch 10 never executed (fallthrough)
branch 11 never executed (throw)
    %%%%%:  872-block  5
call   12 never executed
branch 13 never executed (fallthrough)
branch 14 never executed (throw)
    %%%%%:  872-block  6
call   15 never executed
branch 16 never executed (fallthrough)
branch 17 never executed (throw)
    $$$$$:  872-block  7
    #####:  873:            return this->validateSetValue_(this->get(), protoVector, protoVal, index, authz);
    %%%%%:  873-block  0
call    0 never executed
call    1 never executed
branch  2 never executed (fallthrough)
branch  3 never executed (throw)
    %%%%%:  873-block  1
    %%%%%:  873-block  2
call    4 never executed
call    5 never executed
branch  6 never executed (fallthrough)
branch  7 never executed (throw)
    %%%%%:  873-block  3
    #####:  874:        }},
    %%%%%:  874-block  0
call    0 never executed
call    1 never executed
    $$$$$:  874-block  1
call    2 never executed
    $$$$$:  874-block  2
call    3 never executed
    %%%%%:  874-block  3
call    4 never executed
call    5 never executed
    $$$$$:  874-block  4
call    6 never executed
    $$$$$:  874-block  5
call    7 never executed
      35*:  875:        {Kind::kStructArrayValues, [this](const st2138::Value& protoVal, Path::Index index, const IAuthorizer& authz) {
call    0 returned 2
call    1 returned 15
call    2 returned 1
call    3 returned 1
call    4 returned 16
------------------
catena::common::ParamWithValue<int>::validateSetValueMap_::{lambda(st2138::Value const&, unsigned long, catena::common::IAuthorizer const&)#9}::operator()(st2138::Value const&, unsigned long, catena::common::IAuthorizer const&) const:
function catena::common::ParamWithValue<int>::validateSetValueMap_::{lambda(st2138::Value const&, unsigned long, catena::common::IAuthorizer const&)#9}::operator()(st2138::Value const&, unsigned long, catena::common::IAuthorizer const&) const called 0 returned 0% blocks executed 0%
    #####:  875:        {Kind::kStructArrayValues, [this](const st2138::Value& protoVal, Path::Index index, const IAuthorizer& authz) {
------------------
catena::common::ParamWithValue<std::vector<int, std::allocator<int> > >::validateSetValueMap_::{lambda(st2138::Value const&, unsigned long, catena::common::IAuthorizer const&)#9}::operator()(st2138::Value const&, unsigned long, catena::common::IAuthorizer const&) const:
function catena::common::ParamWithValue<std::vector<int, std::allocator<int> > >::validateSetValueMap_::{lambda(st2138::Value const&, unsigned long, catena::common::IAuthorizer const&)#9}::operator()(st2138::Value const&, unsigned long, catena::common::IAuthorizer const&) const called 0 returned 0% blocks executed 0%
    #####:  875:        {Kind::kStructArrayValues, [this](const st2138::Value& protoVal, Path::Index index, const IAuthorizer& authz) {
------------------
    #####:  876:            auto structs = protoVal.struct_array_values().struct_values();
    %%%%%:  876-block  0
call    0 never executed
branch  1 never executed (fallthrough)
branch  2 never executed (throw)
    %%%%%:  876-block  1
call    3 never executed
branch  4 never executed (fallthrough)
branch  5 never executed (throw)
    %%%%%:  876-block  2
call    6 never executed
branch  7 never executed (fallthrough)
branch  8 never executed (throw)
    %%%%%:  876-block  3
call    9 never executed
branch 10 never executed (fallthrough)
branch 11 never executed (throw)
    %%%%%:  876-block  4
call   12 never executed
branch 13 never executed (fallthrough)
branch 14 never executed (throw)
    %%%%%:  876-block  5
call   15 never executed
branch 16 never executed (fallthrough)
branch 17 never executed (throw)
    #####:  877:            auto protoVector = std::vector<st2138::StructValue>(structs.begin(), structs.end());
    %%%%%:  877-block  0
call    0 never executed
branch  1 never executed (fallthrough)
branch  2 never executed (throw)
    %%%%%:  877-block  1
call    3 never executed
branch  4 never executed (fallthrough)
branch  5 never executed (throw)
    %%%%%:  877-block  2
call    6 never executed
branch  7 never executed (fallthrough)
branch  8 never executed (throw)
    $$$$$:  877-block  3
    %%%%%:  877-block  4
call    9 never executed
branch 10 never executed (fallthrough)
branch 11 never executed (throw)
    %%%%%:  877-block  5
call   12 never executed
branch 13 never executed (fallthrough)
branch 14 never executed (throw)
    %%%%%:  877-block  6
call   15 never executed
branch 16 never executed (fallthrough)
branch 17 never executed (throw)
    $$$$$:  877-block  7
    #####:  878:            return this->validateSetValue_(this->get(), protoVector, protoVal, index, authz);
    %%%%%:  878-block  0
call    0 never executed
call    1 never executed
branch  2 never executed (fallthrough)
branch  3 never executed (throw)
    %%%%%:  878-block  1
    %%%%%:  878-block  2
call    4 never executed
call    5 never executed
branch  6 never executed (fallthrough)
branch  7 never executed (throw)
    %%%%%:  878-block  3
    #####:  879:        }},
    %%%%%:  879-block  0
call    0 never executed
call    1 never executed
    $$$$$:  879-block  1
call    2 never executed
    $$$$$:  879-block  2
call    3 never executed
    %%%%%:  879-block  3
call    4 never executed
call    5 never executed
    $$$$$:  879-block  4
call    6 never executed
    $$$$$:  879-block  5
call    7 never executed
      35*:  880:        {Kind::kStructVariantArrayValues, [this](const st2138::Value& protoVal, Path::Index index, const IAuthorizer& authz) {
call    0 returned 2
call    1 returned 15
call    2 returned 1
call    3 returned 1
call    4 returned 16
------------------
catena::common::ParamWithValue<int>::validateSetValueMap_::{lambda(st2138::Value const&, unsigned long, catena::common::IAuthorizer const&)#10}::operator()(st2138::Value const&, unsigned long, catena::common::IAuthorizer const&) const:
function catena::common::ParamWithValue<int>::validateSetValueMap_::{lambda(st2138::Value const&, unsigned long, catena::common::IAuthorizer const&)#10}::operator()(st2138::Value const&, unsigned long, catena::common::IAuthorizer const&) const called 0 returned 0% blocks executed 0%
    #####:  880:        {Kind::kStructVariantArrayValues, [this](const st2138::Value& protoVal, Path::Index index, const IAuthorizer& authz) {
------------------
catena::common::ParamWithValue<std::vector<int, std::allocator<int> > >::validateSetValueMap_::{lambda(st2138::Value const&, unsigned long, catena::common::IAuthorizer const&)#10}::operator()(st2138::Value const&, unsigned long, catena::common::IAuthorizer const&) const:
function catena::common::ParamWithValue<std::vector<int, std::allocator<int> > >::validateSetValueMap_::{lambda(st2138::Value const&, unsigned long, catena::common::IAuthorizer const&)#10}::operator()(st2138::Value const&, unsigned long, catena::common::IAuthorizer const&) const called 0 returned 0% blocks executed 0%
    #####:  880:        {Kind::kStructVariantArrayValues, [this](const st2138::Value& protoVal, Path::Index index, const IAuthorizer& authz) {
------------------
    #####:  881:            auto structs = protoVal.struct_variant_array_values().struct_variants();
    %%%%%:  881-block  0
call    0 never executed
branch  1 never executed (fallthrough)
branch  2 never executed (throw)
    %%%%%:  881-block  1
call    3 never executed
branch  4 never executed (fallthrough)
branch  5 never executed (throw)
    %%%%%:  881-block  2
call    6 never executed
branch  7 never executed (fallthrough)
branch  8 never executed (throw)
    %%%%%:  881-block  3
call    9 never executed
branch 10 never executed (fallthrough)
branch 11 never executed (throw)
    %%%%%:  881-block  4
call   12 never executed
branch 13 never executed (fallthrough)
branch 14 never executed (throw)
    %%%%%:  881-block  5
call   15 never executed
branch 16 never executed (fallthrough)
branch 17 never executed (throw)
    #####:  882:            auto protoVector = std::vector<st2138::StructVariantValue>(structs.begin(), structs.end());
    %%%%%:  882-block  0
call    0 never executed
branch  1 never executed (fallthrough)
branch  2 never executed (throw)
    %%%%%:  882-block  1
call    3 never executed
branch  4 never executed (fallthrough)
branch  5 never executed (throw)
    %%%%%:  882-block  2
call    6 never executed
branch  7 never executed (fallthrough)
branch  8 never executed (throw)
    $$$$$:  882-block  3
    %%%%%:  882-block  4
call    9 never executed
branch 10 never executed (fallthrough)
branch 11 never executed (throw)
    %%%%%:  882-block  5
call   12 never executed
branch 13 never executed (fallthrough)
branch 14 never executed (throw)
    %%%%%:  882-block  6
call   15 never executed
branch 16 never executed (fallthrough)
branch 17 never executed (throw)
    $$$$$:  882-block  7
    #####:  883:            return this->validateSetValue_(this->get(), protoVector, protoVal, index, authz);
    %%%%%:  883-block  0
call    0 never executed
call    1 never executed
branch  2 never executed (fallthrough)
branch  3 never executed (throw)
    %%%%%:  883-block  1
    %%%%%:  883-block  2
call    4 never executed
call    5 never executed
branch  6 never executed (fallthrough)
branch  7 never executed (throw)
    %%%%%:  883-block  3
    #####:  884:        }}
    %%%%%:  884-block  0
call    0 never executed
call    1 never executed
    $$$$$:  884-block  1
call    2 never executed
    $$$$$:  884-block  2
call    3 never executed
    %%%%%:  884-block  3
call    4 never executed
call    5 never executed
    $$$$$:  884-block  4
call    6 never executed
    $$$$$:  884-block  5
call    7 never executed
        -:  885:    };
        -:  886:
        -:  887:    /**
        -:  888:     * @brief The parameter's descriptor object.
        -:  889:     */
        -:  890:    IParamDescriptor& descriptor_;
        -:  891:    /**
        -:  892:     * @brief The value of the parameter.
        -:  893:     */
        -:  894:    std::reference_wrapper<T> value_;
        -:  895:
        -:  896:    /**
        -:  897:     * @brief Tracker variable used to keep track of the total size of a string
        -:  898:     * or array.
        -:  899:     * Shared ptr is used as the tracker must be shared between the parent and
        -:  900:     * all copies.
        -:  901:     */
        -:  902:    std::shared_ptr<std::size_t> mSizeTracker_ = nullptr;
        -:  903:    /**
        -:  904:     * @brief A vector used to keep track of the string length at each index
        -:  905:     * of a string array. For all other types, this should be a nullptr.
        -:  906:     * Shared ptr is used as the tracker must be shared between the parent and
        -:  907:     * all copies.
        -:  908:     */
        -:  909:    std::shared_ptr<TSizeTracker> tSizeTracker_ = nullptr;
        -:  910:};
        -:  911:
        -:  912:template<typename T>
        8:  913:inline T& getParamValue(catena::common::IParam* param) {
       8*:  914:  return dynamic_cast<ParamWithValue<T>*>(param)->get();
        -:  915:}
        -:  916:
        -:  917:}; // namespace common
        -:  918:}; // namespace catena
