TN:GCOVR_report
SF:tests/virtual-classes/output/main.cpp
VER:b886ade13bcdf26378ac76876e02cded
FN:8,ns1::Bar1::Bar1()
FNDA:4,ns1::Bar1::Bar1()
FN:10,ns1::Bar1::~Bar1()
FNDA:4,ns1::Bar1::~Bar1()
FN:24,ns2::Bar2::Bar2()
FNDA:3,ns2::Bar2::Bar2()
FN:26,ns2::Bar2::~Bar2()
FNDA:3,ns2::Bar2::~Bar2()
FN:40,ns3::Bar3::Bar3()
FNDA:2,ns3::Bar3::Bar3()
FN:42,ns3::Bar3::~Bar3()
FNDA:2,ns3::Bar3::~Bar3()
FN:51,main
FNDA:1,main
FNF:7
FNH:7
BRDA:11,1,0,-
BRDA:11,1,1,-
BRDA:27,1,0,-
BRDA:27,1,1,-
BRDA:43,1,0,-
BRDA:43,1,1,-
BRDA:53,0,0,1
BRDA:53,0,1,-
BRDA:54,0,0,1
BRDA:54,0,1,-
BRDA:54,1,2,1
BRDA:54,1,3,-
BRDA:54,2,4,1
BRDA:54,2,5,-
BRDA:55,0,0,1
BRDA:55,0,1,-
BRDA:56,0,0,1
BRDA:56,0,1,-
BRDA:56,1,2,1
BRDA:56,1,3,-
BRDA:56,2,4,1
BRDA:56,2,5,-
BRDA:57,0,0,1
BRDA:57,0,1,-
BRDA:57,1,2,1
BRDA:57,1,3,-
BRDA:57,2,4,1
BRDA:57,2,5,-
BRDA:58,0,0,1
BRDA:58,0,1,-
BRDA:59,0,0,1
BRDA:59,0,1,-
BRDA:59,1,2,1
BRDA:59,1,3,-
BRDA:59,2,4,1
BRDA:59,2,5,-
BRDA:60,0,0,1
BRDA:60,0,1,-
BRDA:60,1,2,1
BRDA:60,1,3,-
BRDA:60,2,4,1
BRDA:60,2,5,-
BRDA:61,0,0,1
BRDA:61,0,1,-
BRDA:61,1,2,1
BRDA:61,1,3,-
BRDA:61,2,4,1
BRDA:61,2,5,-
BRDA:66,1,0,-
BRDA:66,1,1,-
BRF:50
BRH:21
DA:8,7,601116bb7f972822f71830e1433951bd
DA:9,7,78c3860abebb28f3bf72e51c4621fef3
DA:10,4,1d6ff0e31f80fb5f58616ac936759cdf
DA:11,4,060565ea354b7bca4b553bac6c4740ed
DA:24,5,2598ea30dbb711a590a1617919c5cfba
DA:25,5,82188094c000f89d4df0eee592868072
DA:26,3,0ccb106e6d18dd8e9dcd60c0ed8182fc
DA:27,3,0fe98953f15971380c96945eb7c57f18
DA:40,3,5e4fd23a42f87556b2a43f098251e8c7
DA:41,3,a18e41118e36e1ef68607175dc1b592f
DA:42,2,85fc251b48f22264177f49e1836b6458
DA:43,2,345e9b1d29966e451401206797f7ad22
DA:51,1,2a787a1309f19379bb0e3d8434d2a18d
DA:53,1,7889012628b20062a6750840f5e81ec7
DA:54,1,5336964c912a66290b6604e90b172abb
DA:55,1,3a47500e65c552706f582f1293cf2a18
DA:56,1,e957e4f8902c1c42f540dc8c31b14c16
DA:57,1,4e29cd99a75408f6184cd5f2da17bf4b
DA:58,1,b8ca8f7bb408d9ed3293ae26eaa9573c
DA:59,1,a73247510c9604c43ca8cfeb1cbe1e5c
DA:60,1,f199d76205e3f206214ea2c7f1d273b1
DA:61,1,7eaf42f0e8e357e2dfa91b4013c3750d
DA:66,0,a90dacea889bc9c99fe5a3b7b5d65d25
DA:68,1,c26ba559a5f34d46a49fafed87946fb7
DA:69,0,9e7ce02d034587718cd3b6c29d789ef0
LH:23
LF:25
end_of_record
