------------------------------------------------------------------------------
                           GCC Code Coverage Report
Directory: .
------------------------------------------------------------------------------
File                                       Lines    Exec  Cover   Missing
------------------------------------------------------------------------------
lib/lib.cpp                                    5       4    80%   8
testApp/tmp.cpp                                5       4    80%   6
------------------------------------------------------------------------------
TOTAL                                         10       8    80%
------------------------------------------------------------------------------
