<?xml version='1.0' encoding='UTF-8'?>
<!DOCTYPE coverage SYSTEM 'http://cobertura.sourceforge.net/xml/coverage-04.dtd'>
<coverage line-rate="0.75" branch-rate="0.5" lines-covered="6" lines-valid="8" branches-covered="1" branches-valid="2" complexity="0.0" timestamp="1767911117" version="gcovr 8.5+main">
  <sources>
    <source>tests/exclusion/output/exclude-lines-by-pattern</source>
  </sources>
  <packages>
    <package name="" line-rate="0.75" branch-rate="0.5" complexity="0.0">
      <classes>
        <class name="main_cpp" filename="main.cpp" line-rate="0.75" branch-rate="0.5" complexity="0.0">
          <methods>
            <method name="panic" signature="()" line-rate="0.0" branch-rate="1.0" complexity="0.0">
              <lines>
                <line number="5" hits="0" branch="false"/>
                <line number="7" hits="0" branch="false"/>
              </lines>
            </method>
            <method name="foo" signature="(int)" line-rate="1.0" branch-rate="0.5" complexity="0.0">
              <lines>
                <line number="10" hits="1" branch="false"/>
                <line number="12" hits="1" branch="true" condition-coverage="50% (1/2)">
                  <conditions>
                    <condition number="0" type="jump" coverage="50%"/>
                  </conditions>
                </line>
                <line number="13" hits="1" branch="false"/>
              </lines>
            </method>
            <method name="main" signature="" line-rate="1.0" branch-rate="1.0" complexity="0.0">
              <lines>
                <line number="20" hits="1" branch="false"/>
                <line number="21" hits="1" branch="false"/>
                <line number="23" hits="1" branch="false"/>
              </lines>
            </method>
          </methods>
          <lines>
            <line number="5" hits="0" branch="false"/>
            <line number="7" hits="0" branch="false"/>
            <line number="10" hits="1" branch="false"/>
            <line number="12" hits="1" branch="true" condition-coverage="50% (1/2)">
              <conditions>
                <condition number="0" type="jump" coverage="50%"/>
              </conditions>
            </line>
            <line number="13" hits="1" branch="false"/>
            <line number="20" hits="1" branch="false"/>
            <line number="21" hits="1" branch="false"/>
            <line number="23" hits="1" branch="false"/>
          </lines>
        </class>
      </classes>
    </package>
  </packages>
</coverage>
