<?xml version='1.0' encoding='UTF-8'?>
<!DOCTYPE coverage SYSTEM 'http://cobertura.sourceforge.net/xml/coverage-04.dtd'>
<coverage line-rate="0.92857" branch-rate="0.65385" lines-covered="39" lines-valid="42" branches-covered="17" branches-valid="26" complexity="0.0" timestamp="0" version="gcovr 8.3">
  <sources>
    <source>tests/excl-function</source>
  </sources>
  <packages>
    <package name="" line-rate="0.92857" branch-rate="0.65385" complexity="0.0">
      <classes>
        <class name="main_cpp" filename="main.cpp" line-rate="0.92857" branch-rate="0.65385" complexity="0.0">
          <methods/>
          <lines>
            <line number="9" hits="1" branch="false"/>
            <line number="10" hits="1" branch="true" condition-coverage="50% (1/2)">
              <conditions>
                <condition number="0" type="jump" coverage="50%"/>
              </conditions>
            </line>
            <line number="11" hits="0" branch="false"/>
            <line number="13" hits="1" branch="false"/>
            <line number="16" hits="1" branch="false"/>
            <line number="19" hits="1" branch="false"/>
            <line number="20" hits="1" branch="true" condition-coverage="50% (1/2)">
              <conditions>
                <condition number="0" type="jump" coverage="50%"/>
              </conditions>
            </line>
            <line number="21" hits="0" branch="false"/>
            <line number="23" hits="1" branch="false"/>
            <line number="25" hits="1" branch="false"/>
            <line number="44" hits="88" branch="true" condition-coverage="66% (2/3)">
              <conditions>
                <condition number="0" type="jump" coverage="66%"/>
              </conditions>
            </line>
            <line number="45" hits="47" branch="true" condition-coverage="66% (2/3)">
              <conditions>
                <condition number="0" type="jump" coverage="66%"/>
              </conditions>
            </line>
            <line number="46" hits="2" branch="false"/>
            <line number="48" hits="1" branch="false"/>
            <line number="50" hits="44" branch="true" condition-coverage="75% (3/4)">
              <conditions>
                <condition number="0" type="jump" coverage="75%"/>
              </conditions>
            </line>
            <line number="52" hits="1" branch="false"/>
            <line number="54" hits="2" branch="true" condition-coverage="50% (1/2)">
              <conditions>
                <condition number="0" type="jump" coverage="50%"/>
              </conditions>
            </line>
            <line number="57" hits="41" branch="false"/>
            <line number="58" hits="41" branch="true" condition-coverage="100% (2/2)">
              <conditions>
                <condition number="0" type="jump" coverage="100%"/>
              </conditions>
            </line>
            <line number="59" hits="25" branch="false"/>
            <line number="61" hits="16" branch="false"/>
            <line number="64" hits="1" branch="false"/>
            <line number="66" hits="1" branch="false"/>
            <line number="68" hits="1" branch="false"/>
            <line number="70" hits="2" branch="true" condition-coverage="50% (1/2)">
              <conditions>
                <condition number="0" type="jump" coverage="50%"/>
              </conditions>
            </line>
            <line number="73" hits="41" branch="false"/>
            <line number="74" hits="41" branch="true" condition-coverage="100% (2/2)">
              <conditions>
                <condition number="0" type="jump" coverage="100%"/>
              </conditions>
            </line>
            <line number="75" hits="25" branch="false"/>
            <line number="77" hits="16" branch="false"/>
            <line number="81" hits="2" branch="true" condition-coverage="50% (1/2)">
              <conditions>
                <condition number="0" type="jump" coverage="50%"/>
              </conditions>
            </line>
            <line number="84" hits="18" branch="false"/>
            <line number="85" hits="18" branch="true" condition-coverage="50% (1/2)">
              <conditions>
                <condition number="0" type="jump" coverage="50%"/>
              </conditions>
            </line>
            <line number="86" hits="0" branch="false"/>
            <line number="88" hits="18" branch="false"/>
            <line number="91" hits="1" branch="false"/>
            <line number="95" hits="1" branch="false"/>
            <line number="96" hits="1" branch="false"/>
            <line number="97" hits="1" branch="false"/>
            <line number="99" hits="1" branch="false"/>
            <line number="100" hits="1" branch="false"/>
            <line number="101" hits="1" branch="false"/>
            <line number="103" hits="1" branch="false"/>
          </lines>
        </class>
      </classes>
    </package>
  </packages>
</coverage>
