------------------------------------------------------------------------------
                           GCC Code Coverage Report
Directory: .
------------------------------------------------------------------------------
File                                       Lines    Exec  Cover   Missing
------------------------------------------------------------------------------
src/file1.cpp                                  2       2   100%
src/main.cpp                                   7       6    85%   7
------------------------------------------------------------------------------
TOTAL                                          9       8    88%
------------------------------------------------------------------------------
