<?xml version='1.0' encoding='UTF-8'?>
<!DOCTYPE coverage SYSTEM 'http://cobertura.sourceforge.net/xml/coverage-04.dtd'>
<coverage line-rate="0.58824" branch-rate="0.625" lines-covered="10" lines-valid="17" branches-covered="5" branches-valid="8" complexity="0.0" timestamp="0" version="gcovr main">
  <sources>
    <source>.</source>
  </sources>
  <packages>
    <package name="" line-rate="0.58824" branch-rate="0.625" complexity="0.0">
      <classes>
        <class name="main_cpp" filename="main.cpp" line-rate="0.58824" branch-rate="0.625" complexity="0.0">
          <methods/>
          <lines>
            <line number="3" hits="2" branch="false"/>
            <line number="4" hits="2" branch="true" condition-coverage="66% (2/3)">
              <conditions>
                <condition number="0" type="jump" coverage="66%"/>
              </conditions>
            </line>
            <line number="5" hits="1" branch="false"/>
            <line number="6" hits="1" branch="false"/>
            <line number="7" hits="0" branch="false"/>
            <line number="8" hits="0" branch="false"/>
            <line number="9" hits="0" branch="false"/>
            <line number="10" hits="0" branch="false"/>
            <line number="11" hits="1" branch="false"/>
            <line number="12" hits="1" branch="false"/>
            <line number="13" hits="0" branch="false"/>
            <line number="14" hits="0" branch="false"/>
            <line number="18" hits="1" branch="false"/>
            <line number="19" hits="1" branch="true" condition-coverage="60% (3/5)">
              <conditions>
                <condition number="0" type="jump" coverage="60%"/>
              </conditions>
            </line>
            <line number="20" hits="1" branch="false"/>
            <line number="23" hits="0" branch="false"/>
            <line number="26" hits="1" branch="false"/>
          </lines>
        </class>
      </classes>
    </package>
  </packages>
</coverage>
