------------------------------------------------------------------------------
                           GCC Code Coverage Report
Directory: .
------------------------------------------------------------------------------
File                                       Lines    Exec  Cover   Missing
------------------------------------------------------------------------------
main_exclude_branch_source.cpp                14      10    71%   9,11,15,24
------------------------------------------------------------------------------
TOTAL                                         14      10    71%
------------------------------------------------------------------------------
