------------------------------------------------------------------------------
                           GCC Code Coverage Report
Directory: .
------------------------------------------------------------------------------
File                                       Lines    Exec  Cover   Missing
------------------------------------------------------------------------------
src/file1.cpp                                  2       2   100%   
src/main.cpp                                   8       7    87%   7
------------------------------------------------------------------------------
TOTAL                                         10       9    90%
------------------------------------------------------------------------------
