TN:GCOVR report
SF:tests/source_from_pipe/code.cpp
VER:f6c5b94686e43537860a1364ddf21730
FN:3,foo1(int)
FNDA:1,foo1(int)
FN:12,foo2(int)
FNDA:1,foo2(int)
FNF:2
FNH:2
BRDA:4,2,0,-
BRDA:4,2,1,1
BRDA:13,2,0,1
BRDA:13,2,1,-
BRF:4
BRH:2
DA:3,1,d202d6f6b151ca991538c418a08707bd
DA:4,1,81fff94209b659e33b1459a477e1e747
DA:5,0,2c49a86f5754f8103995fc6d32bc207e
DA:7,1,9e509d19a37174e72bead0ea24176228
DA:12,1,2ab67b7c6eda50a1c284dd3b7cac701c
DA:13,1,81fff94209b659e33b1459a477e1e747
DA:14,1,2c49a86f5754f8103995fc6d32bc207e
DA:16,0,9e509d19a37174e72bead0ea24176228
LH:6
LF:8
end_of_record
