------------------------------------------------------------------------------
                           GCC Code Coverage Report
Directory: .
------------------------------------------------------------------------------
File                                       Lines    Exec  Cover   Missing
------------------------------------------------------------------------------
<stdin>                                        2       2   100%
code.cpp                                       8       6    75%   5,16
------------------------------------------------------------------------------
TOTAL                                         10       8    80%
------------------------------------------------------------------------------
