TN:GCOVR report
SF:tests/gcov-exclude/subdir/B/main.cpp
VER:c95232e53ac0253b638414c18fd6ba6c
FN:12,main
FNDA:1,main
FNF:1
FNH:1
BRDA:21,3,0,1
BRDA:21,3,1,-
BRDA:21,4,2,1
BRDA:21,4,3,-
BRF:4
BRH:2
DA:12,1,2a787a1309f19379bb0e3d8434d2a18d
DA:13,1,c18608b3fe9a00042c41d97d382d1e07
DA:14,1,a16b1758a01395f320d0ffe89a85defc
DA:15,1,86e212ad9e6f4e2f6aeed5ebd8f2d4b2
DA:16,1,ac4921f7e0ce489b8e00d83bb18e8474
DA:17,1,537738ff9ea76bce1fbf48f1f7ec6a56
DA:18,1,1e069fab499b18f31b84dea8d0b9f13d
DA:20,1,c26ba559a5f34d46a49fafed87946fb7
DA:21,4,cbb184dd8e05c9709e5dcaedaa0495cf
LH:9
LF:9
end_of_record
