------------------------------------------------------------------------------
                           GCC Code Coverage Report
Directory: .
------------------------------------------------------------------------------
File                                       Lines    Exec  Cover   Missing
------------------------------------------------------------------------------
main_exclude_branch.cpp                       17      12    70%   6-7,13,17-18
------------------------------------------------------------------------------
TOTAL                                         17      12    70%
------------------------------------------------------------------------------
