TN:GCOVR report
SF:tests/excl-function/main.cpp
VER:1c290a863c4be067f27e2a61b6458b9e
FN:19,bar(int)
FNDA:1,bar(int)
FN:9,foo(int)
FNDA:1,foo(int)
FN:95,main
FNDA:1,main
FNF:3
FNH:3
BRDA:10,0,0,-
BRDA:10,0,1,1
BRDA:20,0,0,-
BRDA:20,0,1,1
BRDA:104,3,0,1
BRDA:104,3,1,-
BRDA:104,4,2,1
BRDA:104,4,3,-
BRF:8
BRH:4
DA:9,1,2b952df6e530d87e0f25f9d1d6989888
DA:10,1,9aec6e9f39e083955a45d75c49ebcda0
DA:11,0,64ec5cef577563bace82970087694de4
DA:13,1,ee6ba24d738b3a523af06e5841029292
DA:16,1,6304eee57366eeaaf7da439e3dcbbf8a
DA:19,1,eb7c6a66049a2c7d308e81041abe132b
DA:20,1,9aec6e9f39e083955a45d75c49ebcda0
DA:21,0,64ec5cef577563bace82970087694de4
DA:23,1,ee6ba24d738b3a523af06e5841029292
DA:25,1,6304eee57366eeaaf7da439e3dcbbf8a
DA:95,1,2a787a1309f19379bb0e3d8434d2a18d
DA:96,1,666f8f06d06141336f41aebe519a6ea3
DA:97,1,4afe9620b96896879f660418c6ebe038
DA:103,1,7483dc5d2ba8642b2a3fed7915b6f508
DA:104,4,cbb184dd8e05c9709e5dcaedaa0495cf
LH:13
LF:15
end_of_record
