<?xml version='1.0' encoding='UTF-8'?>
<!DOCTYPE coverage SYSTEM 'http://cobertura.sourceforge.net/xml/coverage-04.dtd'>
<coverage line-rate="0.73684" branch-rate="0.5" lines-covered="28" lines-valid="38" branches-covered="4" branches-valid="8" complexity="0.0" timestamp="" version="gcovr 7.1">
  <sources>
    <source>.</source>
  </sources>
  <packages>
    <package name=".subdir.A" line-rate="0.63636" branch-rate="0.5" complexity="0.0">
      <classes>
        <class name="file1_cpp" filename=".subdir/A/file1.cpp" line-rate="0.75" branch-rate="0.5" complexity="0.0">
          <methods/>
          <lines>
            <line number="1" hits="1" branch="false"/>
            <line number="3" hits="1" branch="true" condition-coverage="50% (1/2)">
              <conditions>
                <condition number="0" type="jump" coverage="50%"/>
              </conditions>
            </line>
            <line number="4" hits="0" branch="false"/>
            <line number="6" hits="1" branch="false"/>
          </lines>
        </class>
        <class name="file2_cpp" filename=".subdir/A/file2.cpp" line-rate="0.57143" branch-rate="1.0" complexity="0.0">
          <methods/>
          <lines>
            <line number="1" hits="1" branch="false"/>
            <line number="3" hits="1" branch="false"/>
            <line number="4" hits="1" branch="false"/>
            <line number="5" hits="1" branch="false"/>
            <line number="8" hits="0" branch="false"/>
            <line number="10" hits="0" branch="false"/>
            <line number="11" hits="0" branch="false"/>
          </lines>
        </class>
        <class name="file3_cpp" filename=".subdir/A/file3.cpp" line-rate="0.57143" branch-rate="1.0" complexity="0.0">
          <methods/>
          <lines>
            <line number="1" hits="1" branch="false"/>
            <line number="3" hits="1" branch="false"/>
            <line number="4" hits="1" branch="false"/>
            <line number="5" hits="1" branch="false"/>
            <line number="8" hits="0" branch="false"/>
            <line number="10" hits="0" branch="false"/>
            <line number="11" hits="0" branch="false"/>
          </lines>
        </class>
        <class name="file4_cpp" filename=".subdir/A/file4.cpp" line-rate="0.75" branch-rate="0.5" complexity="0.0">
          <methods/>
          <lines>
            <line number="1" hits="1" branch="false"/>
            <line number="3" hits="1" branch="true" condition-coverage="50% (1/2)">
              <conditions>
                <condition number="0" type="jump" coverage="50%"/>
              </conditions>
            </line>
            <line number="4" hits="1" branch="false"/>
            <line number="6" hits="0" branch="false"/>
          </lines>
        </class>
      </classes>
    </package>
    <package name=".subdir.A.C" line-rate="0.75" branch-rate="0.5" complexity="0.0">
      <classes>
        <class name="file5_cpp" filename=".subdir/A/C/file5.cpp" line-rate="0.75" branch-rate="0.5" complexity="0.0">
          <methods/>
          <lines>
            <line number="1" hits="1" branch="false"/>
            <line number="3" hits="1" branch="true" condition-coverage="50% (1/2)">
              <conditions>
                <condition number="0" type="jump" coverage="50%"/>
              </conditions>
            </line>
            <line number="4" hits="0" branch="false"/>
            <line number="6" hits="1" branch="false"/>
          </lines>
        </class>
      </classes>
    </package>
    <package name=".subdir.A.C.D" line-rate="0.75" branch-rate="0.5" complexity="0.0">
      <classes>
        <class name="file6_cpp" filename=".subdir/A/C/D/file6.cpp" line-rate="0.75" branch-rate="0.5" complexity="0.0">
          <methods/>
          <lines>
            <line number="1" hits="1" branch="false"/>
            <line number="3" hits="1" branch="true" condition-coverage="50% (1/2)">
              <conditions>
                <condition number="0" type="jump" coverage="50%"/>
              </conditions>
            </line>
            <line number="4" hits="0" branch="false"/>
            <line number="6" hits="1" branch="false"/>
          </lines>
        </class>
      </classes>
    </package>
    <package name=".subdir.B" line-rate="1.0" branch-rate="1.0" complexity="0.0">
      <classes>
        <class name="main_cpp" filename=".subdir/B/main.cpp" line-rate="1.0" branch-rate="1.0" complexity="0.0">
          <methods/>
          <lines>
            <line number="11" hits="1" branch="false"/>
            <line number="12" hits="1" branch="false"/>
            <line number="13" hits="1" branch="false"/>
            <line number="14" hits="1" branch="false"/>
            <line number="15" hits="1" branch="false"/>
            <line number="16" hits="1" branch="false"/>
            <line number="17" hits="1" branch="false"/>
            <line number="19" hits="1" branch="false"/>
          </lines>
        </class>
      </classes>
    </package>
  </packages>
</coverage>
