------------------------------------------------------------------------------
                           GCC Code Coverage Report
Directory: .
------------------------------------------------------------------------------
File                                       Lines    Exec  Cover   Missing
------------------------------------------------------------------------------
main.cpp                                      16      15    93%   9
------------------------------------------------------------------------------
TOTAL                                         16      15    93%
------------------------------------------------------------------------------
