------------------------------------------------------------------------------
                           GCC Code Coverage Report
Directory: .
------------------------------------------------------------------------------
File                                       Lines    Exec  Cover   Missing
------------------------------------------------------------------------------
main.cpp                                      14      10    71%   10,12,16,25
------------------------------------------------------------------------------
TOTAL                                         14      10    71%
------------------------------------------------------------------------------
