------------------------------------------------------------------------------
                           GCC Code Coverage Report
Directory: .
------------------------------------------------------------------------------
File                                       Lines    Exec  Cover   Missing
------------------------------------------------------------------------------
main_exclude_branch_source.cpp                12       8    66%   9,11,15,24
------------------------------------------------------------------------------
TOTAL                                         12       8    66%
------------------------------------------------------------------------------
