TN:GCOVR report
SF:tests/exclude-branch/output/exclude-branch-source/main_exclude_branch_source.cpp
VER:f772f69ebe297a2ae71c7ac233d77007
FN:3,foo(int)
FNDA:2,foo(int)
FN:19,main
FNDA:1,main
FNF:2
FNH:2
BRDA:5,0,0,1
BRDA:5,0,1,-
BRDA:5,0,2,-
BRDA:5,0,3,1
BRDA:5,0,4,-
BRDA:20,0,0,1
BRDA:20,0,1,-
BRDA:20,1,2,1
BRDA:20,1,3,-
BRDA:20,4,4,1
BRDA:20,4,5,-
BRF:11
BRH:5
DA:3,2,bb4aae5e443f387349849f9a5a813e31
DA:5,2,2f75aa6a28200bafd87f531f56142cc9
DA:7,1,50693ade9b664175e88de8e274c13f7c
DA:9,0,c6a12444de573b2c2b7b0a174f0ebdcc
DA:11,0,56c3379ff05bc32bf6babb7ed531a8b1
DA:13,1,b5e3841cc68726671ff96723b9908f65
DA:15,0,bde54037495f26edcc82eb674b76f961
DA:19,1,a6d9c6b11c5c5fa89740c54d827e092e
DA:20,1,6062586c70805c0b5ba0188b4261aa8f
DA:21,1,08770eaa1cf66e1aa1474b46fccbcbba
DA:24,0,d015ff958fad6b368cc84408e7ff74a6
DA:27,1,7483dc5d2ba8642b2a3fed7915b6f508
LH:8
LF:12
end_of_record
