TN:GCOVR report
SF:tests/filter/output/relative-lib/project/relevant-library/src/yes.cpp
VER:62521d726248e71c9a4b8d0a8c62ef43
FN:1,yes(int)
FNDA:1,yes(int)
FNF:1
FNH:1
BRF:0
BRH:0
DA:1,1,dc38f7ea808f7277a4c5c35069c4325d
DA:2,1,3aa7288ed012b3d8637f94edc3463ccf
LH:2
LF:2
end_of_record
SF:tests/filter/output/relative-lib/project/src/main.cpp
VER:ef90378fa289f7d7ec7a7b03b82a2863
FN:4,main
FNDA:1,main
FNF:1
FNH:1
BRDA:6,3,0,-
BRDA:6,3,1,1
BRF:2
BRH:1
DA:4,1,8e855b46bd5f3510eb5ca2bf348886b1
DA:6,1,8ba8315b66ccd2382880647191a788d2
DA:7,0,a93d9608a9fddbed6f619696bdd414f1
DA:10,1,28807f3f6f835e25e8a17c3759c84932
LH:3
LF:4
end_of_record
