------------------------------------------------------------------------------
                           GCC Code Coverage Report
Directory: .
------------------------------------------------------------------------------
File                                       Lines    Exec  Cover   Missing
------------------------------------------------------------------------------
main.cpp                                    2005    2004    99%   3008
------------------------------------------------------------------------------
TOTAL                                       2005    2004    99%
------------------------------------------------------------------------------
