------------------------------------------------------------------------------
                           GCC Code Coverage Report
Directory: .
------------------------------------------------------------------------------
File                                       Lines    Exec  Cover   Missing
------------------------------------------------------------------------------
main.cpp                                      17      10    58%   9-12,15-16,25
------------------------------------------------------------------------------
TOTAL                                         17      10    58%
------------------------------------------------------------------------------
