------------------------------------------------------------------------------
                           GCC Code Coverage Report
Directory: .
------------------------------------------------------------------------------
File                                       Lines    Exec  Cover   Missing
------------------------------------------------------------------------------
main.cpp                                      16      12    75%   11-12,21-22
------------------------------------------------------------------------------
TOTAL                                         16      12    75%
------------------------------------------------------------------------------
