------------------------------------------------------------------------------
                           GCC Code Coverage Report
Directory: .
------------------------------------------------------------------------------
File                                       Lines    Exec  Cover   Missing
------------------------------------------------------------------------------
main.cpp                                      17      12    70%   11-12,18,22-23
------------------------------------------------------------------------------
TOTAL                                         17      12    70%
------------------------------------------------------------------------------
