------------------------------------------------------------------------------
                           GCC Code Coverage Report
Directory: .
------------------------------------------------------------------------------
File                                       Lines    Exec  Cover   Missing
------------------------------------------------------------------------------
output/bar.cpp                                 0       0    --%
output/foo.cpp                                 9       7    77%   8,10
output/main.cpp                                8       7    87%   13
------------------------------------------------------------------------------
TOTAL                                         17      14    82%
------------------------------------------------------------------------------
