------------------------------------------------------------------------------
                           GCC Code Coverage Report
Directory: .
------------------------------------------------------------------------------
File                                       Lines    Exec  Cover   Missing
------------------------------------------------------------------------------
bar.cpp                                        4       4   100%   
foo.cpp                                        4       4   100%   
main.cpp                                       5       5   100%   
------------------------------------------------------------------------------
TOTAL                                         13      13   100%
------------------------------------------------------------------------------
