TN:GCOVR_report
SF:tests/simple/output/stdout/main.cpp
VER:8a17fee4731f4aa369ea27803c70cc8a
FN:3,not_called()
FNDA:0,not_called()
FN:7,foo(int)
FNDA:1,foo(int)
FN:16,main
FNDA:1,main
FNF:3
FNH:2
BRDA:8,2,0,-
BRDA:8,2,1,1
BRDA:21,3,0,-
BRDA:21,3,1,1
BRF:4
BRH:2
DA:3,0,5f500946173ece903b9b6846ea5b1ac1
DA:4,0,4ca6299c36250a42f3f07b54753da812
DA:7,1,bb4aae5e443f387349849f9a5a813e31
DA:8,1,81fff94209b659e33b1459a477e1e747
DA:9,0,2c49a86f5754f8103995fc6d32bc207e
DA:11,1,9e509d19a37174e72bead0ea24176228
DA:16,1,2a787a1309f19379bb0e3d8434d2a18d
DA:17,1,63a5debf41301fd02d9a35ac94ce77eb
DA:21,1,f76596e8617a28d4318178b2b6834627
DA:22,0,0c83f378d1eda6b258d0e7a718f9da96
DA:28,1,c26ba559a5f34d46a49fafed87946fb7
LH:7
LF:11
end_of_record
