<?xml version='1.0' encoding='UTF-8'?>
<!DOCTYPE coverage SYSTEM 'http://cobertura.sourceforge.net/xml/coverage-04.dtd'>
<coverage line-rate="0.65625" function-rate="0.7" branch-rate="0.4" lines-covered="21" lines-valid="32" functions-covered="7" functions-valid="10" branches-covered="4" branches-valid="10" complexity="0.0" timestamp="1650135049" version="gcovr 5.1">
  <sources>
    <source>subdir</source>
  </sources>
  <packages>
    <package name="A" line-rate="0.5263157894736842" function-rate="0.5714285714285714" branch-rate="0.3333333333333333" complexity="0.0">
      <classes>
        <class name="file1_cpp" filename="A/file1.cpp" line-rate="0.6666666666666666" branch-rate="0.5" complexity="0.0">
          <methods/>
          <lines>
            <line number="3" hits="1" branch="true" condition-coverage="50% (1/2)">
              <conditions>
                <condition number="0" type="jump" coverage="50%"/>
              </conditions>
            </line>
            <line number="4" hits="0" branch="false"/>
            <line number="6" hits="1" branch="false"/>
          </lines>
        </class>
        <class name="file2_cpp" filename="A/file2.cpp" line-rate="0.6" branch-rate="0.0" complexity="0.0">
          <methods/>
          <lines>
            <line number="3" hits="1" branch="false"/>
            <line number="4" hits="1" branch="false"/>
            <line number="5" hits="1" branch="false"/>
            <line number="10" hits="0" branch="false"/>
            <line number="11" hits="0" branch="false"/>
          </lines>
        </class>
        <class name="file3_cpp" filename="A/file3.cpp" line-rate="0.42857142857142855" branch-rate="0.0" complexity="0.0">
          <methods/>
          <lines>
            <line number="3" hits="1" branch="false"/>
            <line number="4" hits="1" branch="false"/>
            <line number="5" hits="1" branch="false"/>
            <line number="10" hits="0" branch="false"/>
            <line number="11" hits="0" branch="true" condition-coverage="0% (0/2)">
              <conditions>
                <condition number="0" type="jump" coverage="0%"/>
              </conditions>
            </line>
            <line number="12" hits="0" branch="false"/>
            <line number="14" hits="0" branch="false"/>
          </lines>
        </class>
        <class name="file4_cpp" filename="A/file4.cpp" line-rate="0.6666666666666666" branch-rate="0.5" complexity="0.0">
          <methods/>
          <lines>
            <line number="3" hits="1" branch="true" condition-coverage="50% (1/2)">
              <conditions>
                <condition number="0" type="jump" coverage="50%"/>
              </conditions>
            </line>
            <line number="4" hits="1" branch="false"/>
            <line number="6" hits="0" branch="false"/>
          </lines>
        </class>
        <class name="file7_cpp" filename="A/file7.cpp" line-rate="0.0" branch-rate="0.0" complexity="0.0">
          <methods/>
          <lines>
            <line number="3" hits="0" branch="false"/>
          </lines>
        </class>
      </classes>
    </package>
    <package name="A.C" line-rate="0.6666666666666666" function-rate="1.0" branch-rate="0.5" complexity="0.0">
      <classes>
        <class name="file5_cpp" filename="A/C/file5.cpp" line-rate="0.6666666666666666" branch-rate="0.5" complexity="0.0">
          <methods/>
          <lines>
            <line number="3" hits="1" branch="true" condition-coverage="50% (1/2)">
              <conditions>
                <condition number="0" type="jump" coverage="50%"/>
              </conditions>
            </line>
            <line number="4" hits="0" branch="false"/>
            <line number="6" hits="1" branch="false"/>
          </lines>
        </class>
      </classes>
    </package>
    <package name="A.C.D" line-rate="0.6666666666666666" function-rate="1.0" branch-rate="0.5" complexity="0.0">
      <classes>
        <class name="file6_cpp" filename="A/C/D/file6.cpp" line-rate="0.6666666666666666" branch-rate="0.5" complexity="0.0">
          <methods/>
          <lines>
            <line number="3" hits="1" branch="true" condition-coverage="50% (1/2)">
              <conditions>
                <condition number="0" type="jump" coverage="50%"/>
              </conditions>
            </line>
            <line number="4" hits="0" branch="false"/>
            <line number="6" hits="1" branch="false"/>
          </lines>
        </class>
      </classes>
    </package>
    <package name="B" line-rate="1.0" function-rate="1.0" branch-rate="0.0" complexity="0.0">
      <classes>
        <class name="main_cpp" filename="B/main.cpp" line-rate="1.0" branch-rate="0.0" complexity="0.0">
          <methods/>
          <lines>
            <line number="13" hits="1" branch="false"/>
            <line number="14" hits="1" branch="false"/>
            <line number="15" hits="1" branch="false"/>
            <line number="16" hits="1" branch="false"/>
            <line number="17" hits="1" branch="false"/>
            <line number="18" hits="1" branch="false"/>
            <line number="20" hits="1" branch="false"/>
          </lines>
        </class>
      </classes>
    </package>
  </packages>
</coverage>
