TN:GCOVR report
SF:tests/several-functions-on-same-line/function.hpp
VER:85bc1e5211f215b6cd6a1b54bf4cfbac
FN:2,func_a(int, int)
FNDA:4,func_a(int, int)
FN:2,func_b(int, int)
FNDA:1,func_b(int, int)
FN:13,ns::func_a(int)
FNDA:1,ns::func_a(int)
FN:13,ns::func_b(int)
FNDA:1,ns::func_b(int)
FNF:4
FNH:4
BRDA:3,0,0,1
BRDA:3,0,1,-
BRDA:3,1,2,1
BRDA:3,1,3,-
BRDA:3,2,4,3
BRDA:3,2,5,1
BRDA:3,3,6,2
BRDA:3,3,7,1
BRF:8
BRH:6
DA:2,5,c150c688cc2be0c33e969345b6e55a30
DA:3,5,7c6be6f1b03d88e1aeb1a5da84d7b29c
DA:4,3,f21dc0f51cdb8efdd8342542fdf74185
DA:7,2,1db5729894b8021f205502133146e3fd
DA:9,5,be4211c964ef649c710fd79d8c6acec0
DA:10,5,cbb184dd8e05c9709e5dcaedaa0495cf
DA:13,2,cccd11fa7c16adf1ce73d9b8fb501a51
DA:14,2,eedfabe25e1a74e2cea1c0c0ecad9dbd
DA:15,2,68e4fcd72e87ba52e753d0af1b16fc7d
LH:9
LF:9
end_of_record
SF:tests/several-functions-on-same-line/main.cpp
VER:8fef35f1722a6320e50c178291d226bf
FN:3,foo()
FNDA:1,foo()
FN:24,main
FNDA:1,main
FN:8,void func<double>(double, double)
FNDA:2,void func<double>(double, double)
FN:8,void func<int>(int, int)
FNDA:2,void func<int>(int, int)
FNF:4
FNH:4
BRDA:9,0,0,-
BRDA:9,0,1,2
BRDA:9,1,2,1
BRDA:9,1,3,1
BRF:4
BRH:3
DA:3,1,ac7cb74d128d2d9cef6e23a3e704c4db
DA:4,1,60f20ff609e45a18a607f918ab415bdd
DA:5,1,cbb184dd8e05c9709e5dcaedaa0495cf
DA:8,4,a44bfca84365db741705ac55dd36bad4
DA:9,4,2662a3421f73462d1eae6641ceaff6a6
DA:10,1,f78bd7c9e8e564af568bc9ae976d4d94
DA:12,4,cbb184dd8e05c9709e5dcaedaa0495cf
DA:24,1,2a787a1309f19379bb0e3d8434d2a18d
DA:25,1,ddbea0b2a53e2c978fe5b7e6ac69cad1
DA:27,1,01d14f24b49ab841257678a03cf12b0a
DA:28,1,a1e93c0edbb4ef5182c345cc2bf2df12
DA:29,1,f4fe8eec39070c511a42fb31088fa264
DA:30,1,69c3932105a9561d55113a5a932af6bd
DA:31,1,c8bf7c29ba58bb4b8b67db4bd437122e
DA:33,1,e40b5c2a133f8895bd54849508fba156
DA:34,1,180a0e9f8270dba774a8019919da6d00
DA:36,1,4c153bb496f8a3ce40b2853f24e796bb
DA:37,1,a75f1a05d02d320562457e1dcf09db70
DA:39,1,80ae53707b0aeca33a9fb1b611c2cdae
DA:40,1,4f4912801fdab4c947bb467c09b8fa76
DA:42,1,7483dc5d2ba8642b2a3fed7915b6f508
LH:21
LF:21
end_of_record
