<?xml version='1.0' encoding='UTF-8'?>
<!DOCTYPE coverage SYSTEM 'http://cobertura.sourceforge.net/xml/coverage-04.dtd'>
<coverage line-rate="0.8333333333333334" function-rate="1.0" branch-rate="0.5" lines-covered="10" lines-valid="12" functions-covered="2" functions-valid="2" branches-covered="4" branches-valid="8" complexity="0.0" timestamp="1645647292" version="gcovr 5.0"><sources><source>.</source></sources><packages><package name="" line-rate="0.8333333333333334" function-rate="1.0" branch-rate="0.5" complexity="0.0"><classes><class name="main_cpp" filename="main.cpp" line-rate="0.8333333333333334" branch-rate="0.5" complexity="0.0"><methods/><lines><line number="3" hits="1" branch="false"/><line number="4" hits="1" branch="true" condition-coverage="50% (1/2)"><conditions><condition number="0" type="jump" coverage="50%"/></conditions></line><line number="5" hits="0" branch="false"/><line number="7" hits="1" branch="false"/><line number="10" hits="1" branch="true" condition-coverage="50% (1/2)"><conditions><condition number="0" type="jump" coverage="50%"/></conditions></line><line number="11" hits="0" branch="false"/><line number="13" hits="1" branch="false"/><line number="16" hits="1" branch="false"/><line number="19" hits="1" branch="false"/><line number="20" hits="1" branch="false"/><line number="21" hits="1" branch="false"/><line number="22" hits="3" branch="true" condition-coverage="50% (2/4)"><conditions><condition number="0" type="jump" coverage="50%"/></conditions></line></lines></class></classes></package></packages></coverage>