TN:GCOVR report
SF:gcovr/tests/no-markers/main.cpp
VER:a043f0f9ceb4a9a475482e7cfce27c99
FN:3,foo(int)
FNDA:1,foo(int)
FN:19,main
FNDA:1,main
FNF:2
FNH:2
BRDA:4,0,0,-
BRDA:4,0,1,1
BRDA:10,0,0,-
BRDA:10,0,1,1
BRDA:22,3,1,1
BRDA:22,3,2,-
BRDA:22,4,3,1
BRDA:22,4,4,-
BRF:8
BRH:4
DA:3,1,1da1cd97debf0f1f1611efcb978ecb25
DA:4,1,81fff94209b659e33b1459a477e1e747
DA:5,0,89f41aa2034ee1a649c881db918f21e3
DA:7,1,a19418b9987a4c14c00c52394588f7a0
DA:10,1,81fff94209b659e33b1459a477e1e747
DA:11,0,0b2fbaaf039f484e5e4dc8d1a3d62368
DA:13,1,a19418b9987a4c14c00c52394588f7a0
DA:16,1,cbb184dd8e05c9709e5dcaedaa0495cf
DA:19,1,2a787a1309f19379bb0e3d8434d2a18d
DA:20,1,12808cce914b7254afa3cb2f5d32ff17
DA:21,1,c26ba559a5f34d46a49fafed87946fb7
DA:22,4,cbb184dd8e05c9709e5dcaedaa0495cf
LH:10
LF:12
end_of_record
