TN:GCOVR report
SF:tests/wspace/src code/main.cpp
VER:251395fea4d88bf2d3ffc4d00110a5ef
FN:4,_Z3fooi
FNDA:1,_Z3fooi
FN:13,main
FNDA:1,main
FNF:2
FNH:2
BRDA:5,0,0,-
BRDA:5,0,1,1
BRDA:18,0,0,-
BRDA:18,0,1,1
BRF:4
BRH:2
DA:4,1,bb4aae5e443f387349849f9a5a813e31
DA:5,1,81fff94209b659e33b1459a477e1e747
DA:6,0,b4b831953973cd241268abf30a147d62
DA:8,1,724220bfbbc70e6d7982787bca056c38
DA:10,1,cbb184dd8e05c9709e5dcaedaa0495cf
DA:13,1,2a787a1309f19379bb0e3d8434d2a18d
DA:14,1,63a5debf41301fd02d9a35ac94ce77eb
DA:18,1,f76596e8617a28d4318178b2b6834627
DA:19,0,0c83f378d1eda6b258d0e7a718f9da96
DA:23,0,8c63687f3353fc809165fd84e730e1e5
DA:25,1,c26ba559a5f34d46a49fafed87946fb7
LH:8
LF:11
end_of_record
