------------------------------------------------------------------------------
                           GCC Code Coverage Report
Directory: .
------------------------------------------------------------------------------
File                                       Lines    Exec  Cover   Missing
------------------------------------------------------------------------------
function.hpp                                  27      26    96%   7
main.cpp                                      29      28    96%   10
------------------------------------------------------------------------------
TOTAL                                         56      54    96%
------------------------------------------------------------------------------
