------------------------------------------------------------------------------
                           GCC Code Coverage Report
Directory: .
------------------------------------------------------------------------------
File                                       Lines    Exec  Cover   Missing
------------------------------------------------------------------------------
file1.cpp                                      0       0    --%
main.cpp                                       7       6    85%   7
------------------------------------------------------------------------------
TOTAL                                          7       6    85%
------------------------------------------------------------------------------
