------------------------------------------------------------------------------
                           GCC Code Coverage Report
Directory: .
------------------------------------------------------------------------------
File                                       Lines    Exec  Cover   Missing
------------------------------------------------------------------------------
relevant-library/src/yes.cpp                   2       2   100%   
src/main.cpp                                   4       3    75%   7
------------------------------------------------------------------------------
TOTAL                                          6       5    83%
------------------------------------------------------------------------------
