------------------------------------------------------------------------------
                           GCC Code Coverage Report
Directory: .
------------------------------------------------------------------------------
File                                       Lines    Exec  Cover   Missing
------------------------------------------------------------------------------
main.cpp                                       3       3   100%
------------------------------------------------------------------------------
TOTAL                                          3       3   100%
------------------------------------------------------------------------------
