------------------------------------------------------------------------------
                           GCC Code Coverage Report
Directory: .
------------------------------------------------------------------------------
File                                       Lines    Exec  Cover   Missing
------------------------------------------------------------------------------
main.cpp                                       6       3    50%   8,11-12
------------------------------------------------------------------------------
TOTAL                                          6       3    50%
------------------------------------------------------------------------------
