------------------------------------------------------------------------------
File                                       Lines    Exec  Cover   Missing
------------------------------------------------------------------------------
filter-test/main.cpp                           8       7    87%   6
------------------------------------------------------------------------------
TOTAL                                          8       7    87%
------------------------------------------------------------------------------
