------------------------------------------------------------------------------
                           GCC Code Coverage Report
Directory: subdir
------------------------------------------------------------------------------
File                                       Lines    Exec  Cover   Missing
------------------------------------------------------------------------------
A/C/D/file6.cpp                                4       3    75%   4
A/C/file5.cpp                                  4       3    75%   4
A/file1.cpp                                    4       3    75%   4
A/file2.cpp                                    7       4    57%   8,10-11
A/file3.cpp                                    9       4    44%   8,10-12,14
A/file4.cpp                                    4       3    75%   6
A/file7.cpp                                    2       0     0%   1,3
B/main.cpp                                     9       9   100%   
------------------------------------------------------------------------------
TOTAL                                         43      29    67%
------------------------------------------------------------------------------
