<?xml version='1.0' encoding='UTF-8'?>
<!DOCTYPE coverage SYSTEM 'http://cobertura.sourceforge.net/xml/coverage-04.dtd'>
<coverage line-rate="0.71429" branch-rate="0.44444" lines-covered="10" lines-valid="14" branches-covered="4" branches-valid="9" complexity="0.0" timestamp="1737404287" version="gcovr 8.3+main">
  <sources>
    <source>tests/excl-source-branch</source>
  </sources>
  <packages>
    <package name="" line-rate="0.71429" branch-rate="0.44444" complexity="0.0">
      <classes>
        <class name="main_cpp" filename="main.cpp" line-rate="0.71429" branch-rate="0.44444" complexity="0.0">
          <methods/>
          <lines>
            <line number="3" hits="2" branch="false"/>
            <line number="5" hits="2" branch="true" condition-coverage="40% (2/5)">
              <conditions>
                <condition number="0" type="jump" coverage="40%"/>
              </conditions>
            </line>
            <line number="7" hits="1" branch="false"/>
            <line number="9" hits="0" branch="false"/>
            <line number="11" hits="0" branch="false"/>
            <line number="13" hits="1" branch="false"/>
            <line number="15" hits="0" branch="false"/>
            <line number="17" hits="2" branch="false"/>
            <line number="19" hits="1" branch="false"/>
            <line number="20" hits="1" branch="true" condition-coverage="50% (2/4)">
              <conditions>
                <condition number="0" type="jump" coverage="50%"/>
              </conditions>
            </line>
            <line number="21" hits="1" branch="false"/>
            <line number="22" hits="1" branch="false"/>
            <line number="24" hits="0" branch="false"/>
            <line number="27" hits="1" branch="false"/>
          </lines>
        </class>
      </classes>
    </package>
  </packages>
</coverage>
