------------------------------------------------------------------------------
                           GCC Code Coverage Report
Directory: .
------------------------------------------------------------------------------
File                                       Lines    Exec  Cover   Missing
------------------------------------------------------------------------------
subdir/A/C/file5.cpp                           4       3    75%   4
subdir/A/file1.cpp                             4       3    75%   4
subdir/A/file2.cpp                             7       4    57%   8,10-11
subdir/A/file3.cpp                             9       4    44%   8,10-12,14
subdir/A/file4.cpp                             4       3    75%   6
subdir/A/file7.cpp                             2       0     0%   1,3
subdir/B/main.cpp                              9       9   100%   
subdir/m/n/C/D/file6.cpp                       4       3    75%   4
------------------------------------------------------------------------------
TOTAL                                         43      29    67%
------------------------------------------------------------------------------
