------------------------------------------------------------------------------
                           GCC Code Coverage Report
Directory: .
------------------------------------------------------------------------------
File                                       Lines    Exec  Cover   Missing
------------------------------------------------------------------------------
output/bar.cpp                                 0       0    --%
output/foo.cpp                                 9       7    77%   8,10
output/main.cpp                               10       8    80%   12-13
------------------------------------------------------------------------------
TOTAL                                         19      15    78%
------------------------------------------------------------------------------
