------------------------------------------------------------------------------
                           GCC Code Coverage Report
Directory: .
------------------------------------------------------------------------------
File                                       Lines    Exec  Cover   Covered
------------------------------------------------------------------------------
main.cpp                                      11       8    72%   4-5,8,10,13-14,18,25
------------------------------------------------------------------------------
TOTAL                                         11       8    72%
------------------------------------------------------------------------------
