------------------------------------------------------------------------------
                           GCC Code Coverage Report
Directory: .
------------------------------------------------------------------------------
File                                       Lines    Exec  Cover   Missing
------------------------------------------------------------------------------
MAIN.cpp                                       5       4    80%   9
main.cpp                                       5       4    80%   9
------------------------------------------------------------------------------
TOTAL                                         10       8    80%
------------------------------------------------------------------------------
