------------------------------------------------------------------------------
                           GCC Code Coverage Report
Directory: .
------------------------------------------------------------------------------
File                                       Lines    Exec  Cover   Missing
------------------------------------------------------------------------------
main.cpp                                       9       7    77%   6,19
------------------------------------------------------------------------------
TOTAL                                          9       7    77%
------------------------------------------------------------------------------
