------------------------------------------------------------------------------
                           GCC Code Coverage Report
Directory: .
------------------------------------------------------------------------------
File                                       Lines    Exec  Cover   Missing
------------------------------------------------------------------------------
main.c                                         7       6    85%   5
------------------------------------------------------------------------------
TOTAL                                          7       6    85%
------------------------------------------------------------------------------
