<?xml version='1.0' encoding='UTF-8'?>
<!DOCTYPE coverage SYSTEM 'http://cobertura.sourceforge.net/xml/coverage-04.dtd'>
<coverage line-rate="0.75" branch-rate="0.33333" lines-covered="3" lines-valid="4" branches-covered="2" branches-valid="6" complexity="0.0" timestamp="1737404287" version="gcovr 8.3+main">
  <sources>
    <source>tests/noncode</source>
  </sources>
  <packages>
    <package name="" line-rate="0.75" branch-rate="0.33333" complexity="0.0">
      <classes>
        <class name="main_cpp" filename="main.cpp" line-rate="0.75" branch-rate="0.33333" complexity="0.0">
          <methods/>
          <lines>
            <line number="4" hits="1" branch="false"/>
            <line number="6" hits="1" branch="true" condition-coverage="50% (2/4)">
              <conditions>
                <condition number="0" type="jump" coverage="50%"/>
              </conditions>
            </line>
            <line number="7" hits="1" branch="false"/>
            <line number="9" hits="0" branch="true" condition-coverage="0% (0/2)">
              <conditions>
                <condition number="0" type="jump" coverage="0%"/>
              </conditions>
            </line>
          </lines>
        </class>
      </classes>
    </package>
  </packages>
</coverage>
