------------------------------------------------------------------------------
                           GCC Code Coverage Report
Directory: .
------------------------------------------------------------------------------
File                                       Lines    Exec  Cover   Missing
------------------------------------------------------------------------------
main.cpp                                      36      33    91%   11,18,22
------------------------------------------------------------------------------
TOTAL                                         36      33    91%
------------------------------------------------------------------------------
