------------------------------------------------------------------------------
                           GCC Code Coverage Report
Directory: .
------------------------------------------------------------------------------
File                                       Lines    Exec  Cover   Missing
------------------------------------------------------------------------------
main.cpp                                      42      39    92%   11,21,86
------------------------------------------------------------------------------
TOTAL                                         42      39    92%
------------------------------------------------------------------------------
