------------------------------------------------------------------------------
                           GCC Code Coverage Report
Directory: .
------------------------------------------------------------------------------
File                                       Lines    Exec  Cover   Missing
------------------------------------------------------------------------------
subdir/A/C/file5.cpp                           5       4    80%   4
subdir/A/file1.cpp                             5       4    80%   4
subdir/A/file2.cpp                             7       4    57%   8,10-11
subdir/A/file3.cpp                            10       4    40%   8,10-12,14-15
subdir/A/file4.cpp                             5       4    80%   6
subdir/A/file7.cpp                             2       0     0%   1,3
subdir/B/main.cpp                              8       8   100%
subdir/m/n/C/D/file6.cpp                       5       4    80%   4
------------------------------------------------------------------------------
TOTAL                                         47      32    68%
------------------------------------------------------------------------------
