TN:GCOVR_report
SF:tests/const-functions/output/main.cpp
VER:549f71f95b884f32c503c48f22ced191
FN:6,Bar::Bar()
FNDA:4,Bar::Bar()
FN:8,Bar::~Bar()
FNDA:4,Bar::~Bar()
FN:11,Bar::foo() const
FNDA:1,Bar::foo() const
FN:15,Bar::foo()
FNDA:1,Bar::foo()
FN:24,main
FNDA:1,main
FNF:5
FNH:5
BRDA:9,1,0,-
BRDA:9,1,1,-
BRDA:26,0,0,1
BRDA:26,0,1,-
BRDA:27,0,0,1
BRDA:27,0,1,-
BRDA:28,0,0,1
BRDA:28,0,1,-
BRDA:31,0,0,1
BRDA:31,0,1,-
BRDA:31,2,2,-
BRDA:31,2,3,-
BRDA:31,5,4,-
BRDA:31,5,5,-
BRF:14
BRH:4
DA:6,6,61c88453392c74ecd94f0057a8aedc7d
DA:7,6,5efee26ba06711f9395b3c3bc7a9d94a
DA:8,4,ef89afadbfb397fa2428716379142419
DA:9,4,a20b7177cd45e825b1ba777bd4a25133
DA:11,1,a0e7e27b6061fb4fa8ba7c50f9ead766
DA:13,1,ab1117040294bf9c2b68b8aba4e7c3a7
DA:14,1,ea5a1cbe764918679997181a3ea281d3
DA:15,1,270828e04d7e08baf4e083b1861a88d1
DA:17,1,18a2ea0c62241309997b08ebde8d2ff3
DA:18,1,ea5a1cbe764918679997181a3ea281d3
DA:24,1,2a787a1309f19379bb0e3d8434d2a18d
DA:25,1,681198dce72298bd1499c17456d58ebf
DA:26,1,d16e31203ab985189993947b70134bee
DA:27,1,426df3762971fc92b44b6fbe977b54c0
DA:28,1,1c58ebd1fa62ed5c8e36eeea1396340f
DA:30,1,c26ba559a5f34d46a49fafed87946fb7
DA:31,1,cbb184dd8e05c9709e5dcaedaa0495cf
LH:17
LF:17
end_of_record
