------------------------------------------------------------------------------
                           GCC Code Coverage Report
Directory: .
------------------------------------------------------------------------------
File                                       Lines    Exec  Cover   Missing
------------------------------------------------------------------------------
output/bar.cpp                                 0       0    --%
output/foo.cpp                                 9       7    77%   8,10
output/main.cpp                                8       8   100%
------------------------------------------------------------------------------
TOTAL                                         17      15    88%
------------------------------------------------------------------------------
