------------------------------------------------------------------------------
                           GCC Code Coverage Report
Directory: .
------------------------------------------------------------------------------
File                                       Lines    Exec  Cover   Missing
------------------------------------------------------------------------------
main.cpp                                       5       3    60%   9,12
------------------------------------------------------------------------------
TOTAL                                          5       3    60%
------------------------------------------------------------------------------
