------------------------------------------------------------------------------
                           GCC Code Coverage Report
Directory: .
------------------------------------------------------------------------------
File                                       Lines    Exec  Cover   Missing
------------------------------------------------------------------------------
main.cpp                                       4       3    75%   9
------------------------------------------------------------------------------
TOTAL                                          4       3    75%
------------------------------------------------------------------------------
