TN:GCOVR report
SF:tests/exclude-source-branch/main.cpp
VER:dc5be519cfb263f1ee0634f0ff3d3976
FN:3,foo(int)
FNDA:2,foo(int)
FN:19,main
FNDA:1,main
FNF:2
FNH:2
BRDA:5,2,0,1
BRDA:5,2,1,-
BRDA:5,2,2,-
BRDA:5,2,3,1
BRDA:5,2,4,-
BRDA:20,3,0,1
BRDA:20,3,1,-
BRDA:20,5,2,1
BRDA:20,5,3,-
BRDA:20,8,4,1
BRDA:20,8,5,-
BRF:11
BRH:5
DA:3,2,bb4aae5e443f387349849f9a5a813e31
DA:5,2,2f75aa6a28200bafd87f531f56142cc9
DA:6,1,fb7e64b47dcfb3df6c2aaeddc9e95762
DA:7,1,50693ade9b664175e88de8e274c13f7c
DA:8,0,0bbd6ad156bec8e0cd1870e7b494cdcb
DA:9,0,c6a12444de573b2c2b7b0a174f0ebdcc
DA:10,0,c6196456969f23ce17bfbec1a8b970be
DA:11,0,56c3379ff05bc32bf6babb7ed531a8b1
DA:12,1,c7681c58561326a8e3f994a854c638d0
DA:13,1,b5e3841cc68726671ff96723b9908f65
DA:14,0,8f556dc5bac889fb0d6b398cc5f1d1a2
DA:15,0,b367dfc135d73e5d67008824d553c40e
DA:19,1,a6d9c6b11c5c5fa89740c54d827e092e
DA:20,1,6062586c70805c0b5ba0188b4261aa8f
DA:21,1,08770eaa1cf66e1aa1474b46fccbcbba
DA:24,0,d015ff958fad6b368cc84408e7ff74a6
DA:27,1,7483dc5d2ba8642b2a3fed7915b6f508
LH:10
LF:17
end_of_record
