------------------------------------------------------------------------------
                           GCC Code Coverage Report
Directory: .
------------------------------------------------------------------------------
File                                       Lines    Exec  Cover   Missing
------------------------------------------------------------------------------
source/code.cpp                                8       7    87%   16
------------------------------------------------------------------------------
TOTAL                                          8       7    87%
------------------------------------------------------------------------------
