TN:GCOVR_report
SF:tests/exclusion/output/exclude-branch-without-hit/main.cpp
VER:06a1ee25a1f3006863b6ccc5c0cb0575
FN:3,foo(int)
FNDA:2,foo(int)
FN:19,main
FNDA:1,main
FNF:2
FNH:2
BRDA:5,0,0,1
BRDA:5,0,1,-
BRDA:5,0,2,1
BRDA:5,0,3,-
BRDA:5,0,4,-
BRDA:20,0,0,1
BRDA:20,0,1,-
BRDA:20,1,2,-
BRDA:20,1,3,1
BRF:9
BRH:4
DA:3,2,bb4aae5e443f387349849f9a5a813e31
DA:5,2,bd670176a597f2289285df8fd7b9736d
DA:7,1,50693ade9b664175e88de8e274c13f7c
DA:9,0,c6a12444de573b2c2b7b0a174f0ebdcc
DA:11,0,4d5b4879c6d5a7cb7c0bc0fd69920a25
DA:13,1,b5e3841cc68726671ff96723b9908f65
DA:15,0,bde54037495f26edcc82eb674b76f961
DA:17,2,cbb184dd8e05c9709e5dcaedaa0495cf
DA:19,1,2a787a1309f19379bb0e3d8434d2a18d
DA:20,1,7da57d519363fc0e805bd7637ccc6384
DA:21,1,08770eaa1cf66e1aa1474b46fccbcbba
DA:22,1,68e4fcd72e87ba52e753d0af1b16fc7d
DA:24,0,b9af7714c6cc5709c6ff74a7eb5d5fc7
DA:27,1,7483dc5d2ba8642b2a3fed7915b6f508
LH:10
LF:14
end_of_record
