------------------------------------------------------------------------------
                           GCC Code Coverage Report
Directory: .
------------------------------------------------------------------------------
File                                       Lines    Exec  Cover   Missing
------------------------------------------------------------------------------
main.cpp                                      11       7    63%   3-4,9,25
------------------------------------------------------------------------------
TOTAL                                         11       7    63%
------------------------------------------------------------------------------
