------------------------------------------------------------------------------
                           GCC Code Coverage Report
Directory: src code
------------------------------------------------------------------------------
File                                       Lines    Exec  Cover   Missing
------------------------------------------------------------------------------
main.cpp                                      10       8    80%   6,22
------------------------------------------------------------------------------
TOTAL                                         10       8    80%
------------------------------------------------------------------------------
