------------------------------------------------------------------------------
                           GCC Code Coverage Report
Directory: .
------------------------------------------------------------------------------
File                                       Lines    Exec  Cover   Missing
------------------------------------------------------------------------------
main.cpp                                      24      23    95%   66
------------------------------------------------------------------------------
TOTAL                                         24      23    95%
------------------------------------------------------------------------------
