<?xml version='1.0' encoding='UTF-8'?>
<!DOCTYPE coverage SYSTEM 'http://cobertura.sourceforge.net/xml/coverage-04.dtd'>
<coverage line-rate="0.875" branch-rate="0.6" lines-covered="21" lines-valid="24" branches-covered="6" branches-valid="10" complexity="0.0" timestamp="1759082961" version="gcovr 8.4+main"><sources><source>tests/exclude-throw-branches</source></sources><packages><package name="" line-rate="0.875" branch-rate="0.6" complexity="0.0"><classes><class name="main_cpp" filename="main.cpp" line-rate="0.875" branch-rate="0.6" complexity="0.0"><methods><method name="function_that_may_throw" signature="(bool)" line-rate="1.0" branch-rate="1.0" complexity="0.0"><lines><line number="3" hits="12" branch="false"/><line number="4" hits="12" branch="true" condition-coverage="100% (2/2)"><conditions><condition number="0" type="jump" coverage="100%"/></conditions></line><line number="5" hits="4" branch="true" condition-coverage="100% (1/1)"><conditions><condition number="0" type="jump" coverage="100%"/></conditions></line><line number="7" hits="8" branch="false"/></lines></method><method name="RAII::method_that_may_throw" signature="() const" line-rate="1.0" branch-rate="1.0" complexity="0.0"><lines><line number="16" hits="4" branch="false"/><line number="17" hits="4" branch="false"/></lines></method><method name="RAII::RAII" signature="(bool)" line-rate="1.0" branch-rate="1.0" complexity="0.0"><lines><line number="21" hits="4" branch="false"/></lines></method><method name="RAII::~RAII" signature="()" line-rate="1.0" branch-rate="1.0" complexity="0.0"><lines><line number="22" hits="4" branch="false"/></lines></method><method name="function_with_catchers" signature="(int)" line-rate="0.78571" branch-rate="0.42857" complexity="0.0"><lines><line number="24" hits="4" branch="false"/><line number="25" hits="4" branch="false"/><line number="28" hits="4" branch="true" condition-coverage="0% (0/1)"><conditions><condition number="0" type="jump" coverage="0%"/></conditions></line><line number="29" hits="4" branch="true" condition-coverage="50% (1/2)"><conditions><condition number="0" type="jump" coverage="50%"/></conditions></line><line number="30" hits="4" branch="false"/><line number="31" hits="4" branch="false"/><line number="33" hits="4" branch="false"/><line number="36" hits="4" branch="true" condition-coverage="100% (1/1)"><conditions><condition number="0" type="jump" coverage="100%"/></conditions></line><line number="37" hits="0" branch="true" condition-coverage="0% (0/2)"><conditions><condition number="0" type="jump" coverage="0%"/></conditions></line><line number="38" hits="0" branch="false"/><line number="39" hits="0" branch="false"/><line number="41" hits="4" branch="true" condition-coverage="100% (1/1)"><conditions><condition number="0" type="jump" coverage="100%"/></conditions></line><line number="43" hits="4" branch="false"/><line number="44" hits="4" branch="false"/></lines></method><method name="main" signature="" line-rate="1.0" branch-rate="1.0" complexity="0.0"><lines><line number="47" hits="4" branch="false"/><line number="48" hits="4" branch="false"/></lines></method></methods><lines><line number="3" hits="12" branch="false"/><line number="4" hits="12" branch="true" condition-coverage="100% (2/2)"><conditions><condition number="0" type="jump" coverage="100%"/></conditions></line><line number="5" hits="4" branch="true" condition-coverage="100% (1/1)"><conditions><condition number="0" type="jump" coverage="100%"/></conditions></line><line number="7" hits="8" branch="false"/><line number="16" hits="4" branch="false"/><line number="17" hits="4" branch="false"/><line number="21" hits="4" branch="false"/><line number="22" hits="4" branch="false"/><line number="24" hits="4" branch="false"/><line number="25" hits="4" branch="false"/><line number="28" hits="4" branch="true" condition-coverage="0% (0/1)"><conditions><condition number="0" type="jump" coverage="0%"/></conditions></line><line number="29" hits="4" branch="true" condition-coverage="50% (1/2)"><conditions><condition number="0" type="jump" coverage="50%"/></conditions></line><line number="30" hits="4" branch="false"/><line number="31" hits="4" branch="false"/><line number="33" hits="4" branch="false"/><line number="36" hits="4" branch="true" condition-coverage="100% (1/1)"><conditions><condition number="0" type="jump" coverage="100%"/></conditions></line><line number="37" hits="0" branch="true" condition-coverage="0% (0/2)"><conditions><condition number="0" type="jump" coverage="0%"/></conditions></line><line number="38" hits="0" branch="false"/><line number="39" hits="0" branch="false"/><line number="41" hits="4" branch="true" condition-coverage="100% (1/1)"><conditions><condition number="0" type="jump" coverage="100%"/></conditions></line><line number="43" hits="4" branch="false"/><line number="44" hits="4" branch="false"/><line number="47" hits="4" branch="false"/><line number="48" hits="4" branch="false"/></lines></class></classes></package></packages></coverage>