------------------------------------------------------------------------------
                           GCC Code Coverage Report
Directory: .
------------------------------------------------------------------------------
File                                       Lines    Exec  Cover   Missing
------------------------------------------------------------------------------
exclude-line-branch/bar.cpp                    0       0    --%
exclude-line-branch/foo.cpp                    9       7    77%   8,10
exclude-line-branch/main.cpp                   8       7    87%   13
------------------------------------------------------------------------------
TOTAL                                         17      14    82%
------------------------------------------------------------------------------
