<?xml version='1.0' encoding='UTF-8'?>
<!DOCTYPE coverage SYSTEM 'http://cobertura.sourceforge.net/xml/coverage-04.dtd'>
<coverage line-rate="0.8333333333333334" branch-rate="0.5" lines-covered="5" lines-valid="6" branches-covered="1" branches-valid="2" complexity="0.0" timestamp="1601411258" version="gcovr 5.0"><sources><source>.</source></sources><packages><package name="" line-rate="0.8333333333333334" branch-rate="0.5" complexity="0.0"><classes><class name="main_cpp" filename="main.cpp" line-rate="0.8333333333333334" branch-rate="0.5" complexity="0.0"><methods/><lines><line number="4" hits="1" branch="false"/><line number="5" hits="1" branch="true" condition-coverage="50% (1/2)"><conditions><condition number="0" type="jump" coverage="50%"/></conditions></line><line number="6" hits="0" branch="false"/><line number="20" hits="1" branch="false"/><line number="21" hits="1" branch="false"/><line number="23" hits="1" branch="false"/></lines></class></classes></package></packages></coverage>