------------------------------------------------------------------------------
                           GCC Code Coverage Report
Directory: .
------------------------------------------------------------------------------
File                                       Lines    Exec  Cover   Missing
------------------------------------------------------------------------------
main.cpp                                       4       4   100%   
update-data.c                                  2       2   100%   
update-data.h                                  9       9   100%   
------------------------------------------------------------------------------
TOTAL                                         15      15   100%
------------------------------------------------------------------------------
