------------------------------------------------------------------------------
                           GCC Code Coverage Report
Directory: .
------------------------------------------------------------------------------
File                                       Lines    Exec  Cover   Missing
------------------------------------------------------------------------------
main.cpp                                       4       4   100%
update-data.c                                  2       2   100%
update-data.h                                 14      12    85%   20,23
------------------------------------------------------------------------------
TOTAL                                         20      18    90%
------------------------------------------------------------------------------
