------------------------------------------------------------------------------
                           GCC Code Coverage Report
Directory: .
------------------------------------------------------------------------------
File                                       Lines    Exec  Cover   Missing
------------------------------------------------------------------------------
main.cpp                                    2007    2006    99%   3008
------------------------------------------------------------------------------
TOTAL                                       2007    2006    99%
------------------------------------------------------------------------------
