------------------------------------------------------------------------------
                           GCC Code Coverage Report
Directory: .
------------------------------------------------------------------------------
File                                       Lines    Exec  Cover   Missing
------------------------------------------------------------------------------
main.cpp                                       7       7   100%   
------------------------------------------------------------------------------
TOTAL                                          7       7   100%
------------------------------------------------------------------------------
