TN:GCOVR report
SF:tests/excl-line-branch/main.cpp
VER:74860102d61efa7bb5a068579d0bfe40
FN:38,_Z3bari
FNDA:0,_Z3bari
FN:16,_Z3fooi
FNDA:5,_Z3fooi
FN:7,_ZN3BarC2Ev
FNDA:1,_ZN3BarC2Ev
FN:9,_ZN3BarD0Ev
FNDA:0,_ZN3BarD0Ev
FN:9,_ZN3BarD2Ev
FNDA:1,_ZN3BarD2Ev
FN:46,main
FNDA:1,main
FNF:6
FNH:4
BRDA:17,0,0,4
BRDA:17,0,1,1
BRDA:17,1,2,1
BRDA:17,1,3,3
BRDA:21,0,0,-
BRDA:21,0,1,2
BRDA:23,0,0,-
BRDA:23,0,1,2
BRDA:47,1,0,5
BRDA:47,1,1,1
BRF:10
BRH:8
DA:7,1,f0d54fc3718423907ffe35d82be9e65c
DA:8,1,5efee26ba06711f9395b3c3bc7a9d94a
DA:9,1,ef89afadbfb397fa2428716379142419
DA:10,1,a20b7177cd45e825b1ba777bd4a25133
DA:16,5,bb4aae5e443f387349849f9a5a813e31
DA:17,5,69d7cb531f90045147347c360a0d81d2
DA:18,2,2c49a86f5754f8103995fc6d32bc207e
DA:19,0,7418c3752af701f88bc8f790f4793a6d
DA:20,1,9e509d19a37174e72bead0ea24176228
DA:21,2,189a346e59b4b9eb1653c629e9e00396
DA:22,0,30947b981b8563f1d1a6690c87ba3db6
DA:23,2,d4dfe4cbc7a957b4db133508a4597ed6
DA:24,0,3b131baf29a59cf4c789f42a8cb54194
DA:28,0,1d470a2a37dd4a537d80ee9c575b61a2
DA:29,0,2c49a86f5754f8103995fc6d32bc207e
DA:30,0,b18752f044690130643d37bc530cd788
DA:31,0,9e509d19a37174e72bead0ea24176228
DA:35,1,c26ba559a5f34d46a49fafed87946fb7
DA:36,5,cbb184dd8e05c9709e5dcaedaa0495cf
DA:38,0,3c9c1937d90004711fa6cda5e218dc87
DA:39,0,81fff94209b659e33b1459a477e1e747
DA:40,0,4071653b480e72354bcfb2b2e78f92fd
DA:42,0,c26ba559a5f34d46a49fafed87946fb7
DA:43,0,205490e389e7a37a48abc32a5303ab7f
DA:46,1,2a787a1309f19379bb0e3d8434d2a18d
DA:47,6,3aac4e3adb4400cb9a56145130946d99
DA:48,5,ce31d2067628e009ca3ca41fc3d5f044
DA:49,5,7eefb90de6682989ef933bcadcbb7de9
DA:52,0,1c65a24caffdcb0e7b6493034a21dc55
DA:53,0,f619ca2743f98bae7db1d75919cfc0bc
DA:54,0,257d5873569672120a0c1f23864092e0
DA:55,0,2d5e1e2ac7529e31e605e9849fcff3cc
DA:56,0,65dc4e5f2615e265e1dbe349aa2f5858
DA:57,0,ea5a1cbe764918679997181a3ea281d3
DA:58,0,5703f441b323e4ec7b1b87ef3b386cb9
DA:59,0,a90dacea889bc9c99fe5a3b7b5d65d25
DA:61,1,c26ba559a5f34d46a49fafed87946fb7
DA:62,0,9e7ce02d034587718cd3b6c29d789ef0
LH:17
LF:38
end_of_record
