------------------------------------------------------------------------------
                           GCC Code Coverage Report
Directory: .
------------------------------------------------------------------------------
File                                       Lines    Exec  Cover   Missing
------------------------------------------------------------------------------
main.cpp                                    7995    7993    99%   11987,11990
------------------------------------------------------------------------------
TOTAL                                       7995    7993    99%
------------------------------------------------------------------------------
