------------------------------------------------------------------------------
                           GCC Code Coverage Report
Directory: .
------------------------------------------------------------------------------
File                                       Lines    Exec  Cover   Missing
------------------------------------------------------------------------------
main.cpp                                      18      13    72%   11-12,18,22-23
------------------------------------------------------------------------------
TOTAL                                         18      13    72%
------------------------------------------------------------------------------
