------------------------------------------------------------------------------
                           GCC Code Coverage Report
Directory: .
------------------------------------------------------------------------------
File                                       Lines    Exec  Cover   Missing
------------------------------------------------------------------------------
main.cpp                                      17      13    76%   11-12,21-22
------------------------------------------------------------------------------
TOTAL                                         17      13    76%
------------------------------------------------------------------------------
