TN:GCOVR report
SF:gcovr/tests/simple1-stdout/main.cpp
VER:251395fea4d88bf2d3ffc4d00110a5ef
FN:4,foo(int)
FNDA:1,foo(int)
FN:13,main
FNDA:1,main
FNF:2
FNH:2
BRDA:5,0,0,-
BRDA:5,0,1,1
BRDA:18,0,0,-
BRDA:18,0,1,1
BRDA:26,3,1,1
BRDA:26,3,2,-
BRDA:26,4,3,1
BRDA:26,4,4,-
BRF:8
BRH:4
DA:4,1,bb4aae5e443f387349849f9a5a813e31
DA:5,1,81fff94209b659e33b1459a477e1e747
DA:6,0,b4b831953973cd241268abf30a147d62
DA:8,1,724220bfbbc70e6d7982787bca056c38
DA:13,1,2a787a1309f19379bb0e3d8434d2a18d
DA:17,1,2caabbd6c6993c8f85198164da39ad52
DA:18,1,f76596e8617a28d4318178b2b6834627
DA:22,0,029c474ae8e99bbbb20f159806d6de0a
DA:25,1,c26ba559a5f34d46a49fafed87946fb7
DA:26,4,cbb184dd8e05c9709e5dcaedaa0495cf
LH:8
LF:10
end_of_record
