------------------------------------------------------------------------------
                           GCC Code Coverage Report
Directory: .
------------------------------------------------------------------------------
File                                       Lines    Exec  Cover   Missing
------------------------------------------------------------------------------
main.cpp                                       9       7    77%   5,7
------------------------------------------------------------------------------
TOTAL                                          9       7    77%
------------------------------------------------------------------------------
