------------------------------------------------------------------------------
                           GCC Code Coverage Report
Directory: .
------------------------------------------------------------------------------
File                                       Lines    Exec  Cover   Missing
------------------------------------------------------------------------------
main.cpp                                      36      34    94%   29-30
------------------------------------------------------------------------------
TOTAL                                         36      34    94%
------------------------------------------------------------------------------
