TN:GCOVR report
SF:tests/template-function/main.cpp
VER:50772fdb5b19353fa726392fd21699e0
FN:5,void foo<double>(double)
FNDA:4,void foo<double>(double)
FN:5,void foo<int>(int)
FNDA:6,void foo<int>(int)
FN:20,bar()
FNDA:4,bar()
FN:35,main
FNDA:1,main
FNF:4
FNH:4
BRDA:9,0,0,10
BRDA:9,0,1,-
BRDA:12,0,0,8
BRDA:12,0,1,2
BRDA:12,1,2,6
BRDA:12,1,3,2
BRDA:12,2,4,1
BRDA:12,2,5,5
BRDA:13,0,0,1
BRDA:13,0,1,9
BRDA:24,0,0,4
BRDA:24,0,1,-
BRDA:27,0,0,3
BRDA:27,0,1,1
BRDA:27,1,2,2
BRDA:27,1,3,1
BRDA:27,2,4,-
BRDA:27,2,5,2
BRDA:28,0,0,-
BRDA:28,0,1,4
BRF:20
BRH:16
DA:5,10,dba5047a1c46365f2bdb480dbbb2daf2
DA:9,10,f66af655b72ef7464d537db0e3d9b208
DA:10,10,ce89f0561eba0edab1b15fcc27331db0
DA:12,10,a177367d02d536dc6534ded90eceddb1
DA:13,10,dc5662cf133af0c98728b2fb22bfbb6b
DA:14,1,99f611279210618e94c36e076b6faca1
DA:17,10,dd73f8311b6b70ff0270945514d01946
DA:18,10,cbb184dd8e05c9709e5dcaedaa0495cf
DA:20,4,8d67155636b37662864495d7e3fb7b60
DA:24,4,f66af655b72ef7464d537db0e3d9b208
DA:25,4,14c28cf4d8b1835c38e8b587023d0b16
DA:27,4,22945f39b1c2ea4c646a07f2156e4921
DA:28,4,dc5662cf133af0c98728b2fb22bfbb6b
DA:29,0,7db834cf0dd22eab9ac8ddcb973c23ec
DA:32,4,dd73f8311b6b70ff0270945514d01946
DA:33,4,cbb184dd8e05c9709e5dcaedaa0495cf
DA:35,1,d9d7d650613a8ac26f6dfe250d77e8ea
DA:36,1,c2cd3420307f2562bbfa2d17b22c0947
DA:37,1,c2cd3420307f2562bbfa2d17b22c0947
DA:38,1,c2cd3420307f2562bbfa2d17b22c0947
DA:39,1,c2cd3420307f2562bbfa2d17b22c0947
DA:40,1,c2cd3420307f2562bbfa2d17b22c0947
DA:41,1,c2cd3420307f2562bbfa2d17b22c0947
DA:43,1,f926c1b20456ccc0b69a267e5d7b5f78
DA:44,1,f926c1b20456ccc0b69a267e5d7b5f78
DA:45,1,f926c1b20456ccc0b69a267e5d7b5f78
DA:46,1,f926c1b20456ccc0b69a267e5d7b5f78
DA:48,1,86e212ad9e6f4e2f6aeed5ebd8f2d4b2
DA:49,1,86e212ad9e6f4e2f6aeed5ebd8f2d4b2
DA:50,1,86e212ad9e6f4e2f6aeed5ebd8f2d4b2
DA:51,1,86e212ad9e6f4e2f6aeed5ebd8f2d4b2
DA:53,1,c26ba559a5f34d46a49fafed87946fb7
LH:31
LF:32
end_of_record
