------------------------------------------------------------------------------
                           GCC Code Coverage Report
Directory: .
------------------------------------------------------------------------------
File                                       Lines    Exec  Cover   Missing
------------------------------------------------------------------------------
main.cpp                                      48      46    95%   14,29
------------------------------------------------------------------------------
TOTAL                                         48      46    95%
------------------------------------------------------------------------------
