------------------------------------------------------------------------------
File                                       Lines    Exec  Cover   Missing
------------------------------------------------------------------------------
subdir/A/C/D/file6.cpp                         4       3    75%   4
subdir/A/C/file5.cpp                           4       3    75%   4
subdir/A/file1.cpp                             4       3    75%   4
subdir/A/file2.cpp                             7       4    57%   8,10-11
subdir/A/file3.cpp                             7       4    57%   8,10-11
subdir/A/file4.cpp                             4       3    75%   6
subdir/B/main.cpp                              9       9   100%   
------------------------------------------------------------------------------
TOTAL                                         39      29    74%
------------------------------------------------------------------------------
