------------------------------------------------------------------------------
                           GCC Code Coverage Report
Directory: .
------------------------------------------------------------------------------
File                                       Lines    Exec  Cover   Missing
------------------------------------------------------------------------------
main.cpp                                       8       8   100%   
------------------------------------------------------------------------------
TOTAL                                          8       8   100%
------------------------------------------------------------------------------
