------------------------------------------------------------------------------
                           GCC Code Coverage Report
Directory: .
------------------------------------------------------------------------------
File                                       Lines    Exec  Cover   Missing
------------------------------------------------------------------------------
main.cpp                                      12      10    83%   5,11
------------------------------------------------------------------------------
TOTAL                                         12      10    83%
------------------------------------------------------------------------------
