------------------------------------------------------------------------------
                           GCC Code Coverage Report
Directory: .
------------------------------------------------------------------------------
File                                       Lines    Exec  Cover   Missing
------------------------------------------------------------------------------
source/code.cpp                               10       9    90%   16
------------------------------------------------------------------------------
TOTAL                                         10       9    90%
------------------------------------------------------------------------------
