<?xml version="1.0" ?>
<!DOCTYPE coverage
  SYSTEM 'http://cobertura.sourceforge.net/xml/coverage-04.dtd'>
<coverage branch-rate="0.0" branches-covered="0" branches-valid="0" complexity="0.0" line-rate="1.0" lines-covered="2" lines-valid="2" timestamp="" version="">
<sources>
<source>.</source>
</sources>
<packages>
<package branch-rate="0.0" complexity="0.0" line-rate="1.0" name="">
<classes>
<class branch-rate="0.0" complexity="0.0" filename="main.cpp" line-rate="1.0" name="main_cpp">
<methods/>
<lines>
<line branch="false" hits="1" number="1"/>
<line branch="false" hits="1" number="2"/>
</lines>
</class>
</classes>
</package>
</packages>
</coverage>

