<?xml version='1.0' encoding='UTF-8'?>
<!DOCTYPE coverage SYSTEM 'http://cobertura.sourceforge.net/xml/coverage-04.dtd'>
<coverage line-rate="0.77778" branch-rate="0.5" lines-covered="7" lines-valid="9" branches-covered="1" branches-valid="2" complexity="0.0" timestamp="1737404287" version="gcovr 8.3+main">
  <sources>
    <source>tests/excl-line-custom</source>
  </sources>
  <packages>
    <package name="" line-rate="0.77778" branch-rate="0.5" complexity="0.0">
      <classes>
        <class name="main_cpp" filename="main.cpp" line-rate="0.77778" branch-rate="0.5" complexity="0.0">
          <methods>
            <method name="foo" signature="(int)" line-rate="0.66667" branch-rate="0.5" complexity="0.0">
              <lines>
                <line number="4" hits="1" branch="false"/>
                <line number="5" hits="1" branch="true" condition-coverage="50% (1/2)">
                  <conditions>
                    <condition number="0" type="jump" coverage="50%"/>
                  </conditions>
                </line>
                <line number="7" hits="0" branch="false"/>
                <line number="15" hits="0" branch="false"/>
                <line number="18" hits="1" branch="false"/>
                <line number="26" hits="1" branch="false"/>
              </lines>
            </method>
            <method name="main" signature="()" line-rate="1.0" branch-rate="1.0" complexity="0.0">
              <lines>
                <line number="31" hits="1" branch="false"/>
                <line number="32" hits="1" branch="false"/>
                <line number="34" hits="1" branch="false"/>
              </lines>
            </method>
          </methods>
          <lines>
            <line number="4" hits="1" branch="false"/>
            <line number="5" hits="1" branch="true" condition-coverage="50% (1/2)">
              <conditions>
                <condition number="0" type="jump" coverage="50%"/>
              </conditions>
            </line>
            <line number="7" hits="0" branch="false"/>
            <line number="15" hits="0" branch="false"/>
            <line number="18" hits="1" branch="false"/>
            <line number="26" hits="1" branch="false"/>
            <line number="31" hits="1" branch="false"/>
            <line number="32" hits="1" branch="false"/>
            <line number="34" hits="1" branch="false"/>
          </lines>
        </class>
      </classes>
    </package>
  </packages>
</coverage>
