TN:GCOVR_report
SF:tests/virtual-classes/output/main.cpp
VER:b886ade13bcdf26378ac76876e02cded
FN:8,ns1::Bar1::Bar1()
FNDA:3,ns1::Bar1::Bar1()
FN:10,ns1::Bar1::~Bar1()
FNDA:3,ns1::Bar1::~Bar1()
FN:24,ns2::Bar2::Bar2()
FNDA:2,ns2::Bar2::Bar2()
FN:26,ns2::Bar2::~Bar2()
FNDA:2,ns2::Bar2::~Bar2()
FN:40,ns3::Bar3::Bar3()
FNDA:1,ns3::Bar3::Bar3()
FN:42,ns3::Bar3::~Bar3()
FNDA:1,ns3::Bar3::~Bar3()
FN:51,main
FNDA:1,main
FNF:7
FNH:7
BRDA:54,3,0,1
BRDA:54,e3,1,-
BRDA:54,4,2,1
BRDA:54,e4,3,-
BRDA:54,5,4,1
BRDA:54,e5,5,-
BRDA:56,7,0,1
BRDA:56,e7,1,-
BRDA:56,8,2,1
BRDA:56,e8,3,-
BRDA:56,9,4,1
BRDA:56,e9,5,-
BRDA:57,10,0,1
BRDA:57,e10,1,-
BRDA:57,11,2,1
BRDA:57,e11,3,-
BRDA:57,12,4,1
BRDA:57,e12,5,-
BRDA:59,14,0,1
BRDA:59,e14,1,-
BRDA:59,15,2,1
BRDA:59,e15,3,-
BRDA:59,16,4,1
BRDA:59,e16,5,-
BRDA:60,17,0,1
BRDA:60,e17,1,-
BRDA:60,18,2,1
BRDA:60,e18,3,-
BRDA:60,19,4,1
BRDA:60,e19,5,-
BRDA:61,20,0,1
BRDA:61,e20,1,-
BRDA:61,21,2,1
BRDA:61,e21,3,-
BRDA:61,22,4,1
BRDA:61,e22,5,-
BRF:36
BRH:18
DA:8,3,601116bb7f972822f71830e1433951bd
DA:9,3,78c3860abebb28f3bf72e51c4621fef3
DA:10,0,1d6ff0e31f80fb5f58616ac936759cdf
DA:10,3,1d6ff0e31f80fb5f58616ac936759cdf
DA:11,0,060565ea354b7bca4b553bac6c4740ed
DA:11,3,060565ea354b7bca4b553bac6c4740ed
DA:24,2,2598ea30dbb711a590a1617919c5cfba
DA:25,2,82188094c000f89d4df0eee592868072
DA:26,0,0ccb106e6d18dd8e9dcd60c0ed8182fc
DA:26,2,0ccb106e6d18dd8e9dcd60c0ed8182fc
DA:27,0,0fe98953f15971380c96945eb7c57f18
DA:27,2,0fe98953f15971380c96945eb7c57f18
DA:40,1,5e4fd23a42f87556b2a43f098251e8c7
DA:41,1,a18e41118e36e1ef68607175dc1b592f
DA:42,0,85fc251b48f22264177f49e1836b6458
DA:42,1,85fc251b48f22264177f49e1836b6458
DA:43,0,345e9b1d29966e451401206797f7ad22
DA:43,1,345e9b1d29966e451401206797f7ad22
DA:51,1,2a787a1309f19379bb0e3d8434d2a18d
DA:53,1,7889012628b20062a6750840f5e81ec7
DA:54,1,5336964c912a66290b6604e90b172abb
DA:55,1,3a47500e65c552706f582f1293cf2a18
DA:56,1,e957e4f8902c1c42f540dc8c31b14c16
DA:57,1,4e29cd99a75408f6184cd5f2da17bf4b
DA:58,1,b8ca8f7bb408d9ed3293ae26eaa9573c
DA:59,1,a73247510c9604c43ca8cfeb1cbe1e5c
DA:60,1,f199d76205e3f206214ea2c7f1d273b1
DA:61,1,7eaf42f0e8e357e2dfa91b4013c3750d
DA:66,0,a90dacea889bc9c99fe5a3b7b5d65d25
DA:68,1,c26ba559a5f34d46a49fafed87946fb7
LH:23
LF:30
end_of_record
