------------------------------------------------------------------------------
                           GCC Code Coverage Report
Directory: .
------------------------------------------------------------------------------
File                                       Lines    Exec  Cover   Missing
------------------------------------------------------------------------------
main.cpp                                      30      23    76%   10-11,26-27,42-43,66
------------------------------------------------------------------------------
TOTAL                                         30      23    76%
------------------------------------------------------------------------------
