------------------------------------------------------------------------------
                           GCC Code Coverage Report
Directory: .
------------------------------------------------------------------------------
File                                       Lines    Exec  Cover   Missing
------------------------------------------------------------------------------
main_exclude_branch_without_hit.cpp           17      10    58%   8-11,14-15,24
------------------------------------------------------------------------------
TOTAL                                         17      10    58%
------------------------------------------------------------------------------
