<?xml version="" ?>
<!DOCTYPE coverage
  SYSTEM 'http://cobertura.sourceforge.net/xml/coverage-03.dtd'>
<coverage branch-rate="0.8" line-rate="0.85" timestamp="" version="">
<sources>
<source>.</source>
</sources>
<packages>
<package branch-rate="0.8" complexity="0.0" line-rate="0.85" name="">
<classes>
<class branch-rate="0.8" complexity="0.0" filename="main.cpp" line-rate="0.85" name="main_cpp">
<methods/>
<lines>
<line branch="false" hits="1" number="34"/>
<line branch="false" hits="1" number="6"/>
<line branch="false" hits="1" number="38"/>
<line branch="false" hits="1" number="7"/>
<line branch="false" hits="1" number="8"/>
<line branch="false" hits="1" number="9"/>
<line branch="false" hits="1" number="43"/>
<line branch="false" hits="1" number="45"/>
<line branch="false" hits="3" number="46"/>
<line branch="false" hits="5" number="15"/>
<line branch="true" condition-coverage="100% (4/4)" hits="5" number="16">
<conditions>
<condition coverage="100%" number="0" type="jump"/>
</conditions>
</line>
<line branch="false" hits="2" number="17"/>
<line branch="false" hits="1" number="19"/>
<line branch="true" condition-coverage="50% (1/2)" hits="2" number="20">
<conditions>
<condition coverage="50%" number="0" type="jump"/>
</conditions>
</line>
<line branch="false" hits="0" number="21"/>
<line branch="true" condition-coverage="50% (1/2)" hits="2" number="22">
<conditions>
<condition coverage="50%" number="0" type="jump"/>
</conditions>
</line>
<line branch="false" hits="0" number="23"/>
<line branch="true" condition-coverage="100% (2/2)" hits="6" number="39">
<conditions>
<condition coverage="100%" number="0" type="jump"/>
</conditions>
</line>
<line branch="false" hits="5" number="40"/>
<line branch="false" hits="0" number="30"/>
</lines>
</class>
</classes>
</package>
</packages>
</coverage>

