<?xml version="" ?>
<!DOCTYPE coverage
  SYSTEM 'http://cobertura.sourceforge.net/xml/coverage-03.dtd'>
<coverage branch-rate="0.8" line-rate="0.8888888888888888" timestamp="" version="">
<sources>
<source>.</source>
</sources>
<packages>
<package branch-rate="0.8" complexity="0.0" line-rate="0.8888888888888888" name="">
<classes>
<class branch-rate="0.8" complexity="0.0" filename="main.cpp" line-rate="0.8888888888888888" name="main_cpp">
<methods/>
<lines>
<line branch="false" hits="5" number="16"/>
<line branch="false" hits="1" number="35"/>
<line branch="false" hits="1" number="7"/>
<line branch="false" hits="1" number="8"/>
<line branch="false" hits="1" number="9"/>
<line branch="false" hits="1" number="10"/>
<line branch="false" hits="1" number="46"/>
<line branch="true" condition-coverage="100% (2/2)" hits="6" number="47">
<conditions>
<condition coverage="100%" number="0" type="jump"/>
</conditions>
</line>
<line branch="false" hits="5" number="48"/>
<line branch="true" condition-coverage="100% (4/4)" hits="5" number="17">
<conditions>
<condition coverage="100%" number="0" type="jump"/>
</conditions>
</line>
<line branch="false" hits="2" number="18"/>
<line branch="false" hits="1" number="20"/>
<line branch="true" condition-coverage="50% (1/2)" hits="2" number="21">
<conditions>
<condition coverage="50%" number="0" type="jump"/>
</conditions>
</line>
<line branch="false" hits="0" number="22"/>
<line branch="true" condition-coverage="50% (1/2)" hits="2" number="23">
<conditions>
<condition coverage="50%" number="0" type="jump"/>
</conditions>
</line>
<line branch="false" hits="0" number="24"/>
<line branch="false" hits="1" number="61"/>
<line branch="false" hits="3" number="62"/>
</lines>
</class>
</classes>
</package>
</packages>
</coverage>

