------------------------------------------------------------------------------
                           GCC Code Coverage Report
Directory: .
------------------------------------------------------------------------------
File                                       Lines    Exec  Cover   Missing
------------------------------------------------------------------------------
main.cpp                                       5       4    80%   9
------------------------------------------------------------------------------
TOTAL                                          5       4    80%
------------------------------------------------------------------------------
