TN:GCOVR report
SF:tests/update-data/main.cpp
VER:d59f23fd56a486e49d6b9cd1691bebef
FN:3,main
FNDA:1,main
FNF:1
FNH:1
BRF:0
BRH:0
DA:3,1,28a5d2a48b50197171c244de3773ad07
DA:5,1,ce6d99b85261e64588d3aa2462698f04
DA:6,1,ceb5760bbbdb963cb225e42dbf0381b8
DA:7,1,cd356b0d1d9a3688ac1780844a3a0a8b
LH:4
LF:4
end_of_record
SF:tests/update-data/update-data.c
VER:460f0e4bb0c575711b6df93c5d0c6b28
FN:3,update_data
FNDA:1,update_data
FNF:1
FNH:1
BRF:0
BRH:0
DA:3,1,37b71d55b426cbf2ff74a95c912db9c0
DA:5,1,3cf55765a6fbad89e1301260d03ce40a
LH:2
LF:2
end_of_record
SF:tests/update-data/update-data.h
VER:24354aa07840bda3337011fbbe660aa9
FN:7,called_from_main()
FNDA:1,called_from_main()
FN:12,called_from_update_data
FNDA:1,called_from_update_data
FN:17,called_from_both
FNDA:1,called_from_both
FN:17,called_from_both(int)
FNDA:1,called_from_both(int)
FNF:4
FNH:4
BRDA:19,0,0,1
BRDA:19,0,1,-
BRDA:19,0,0,-
BRDA:19,0,1,1
BRF:4
BRH:2
DA:7,1,31afb2315355517ade21b9f9f0ae8e70
DA:9,1,cf14be7c6e90c6c921e4302a50bd61e8
DA:12,1,914b5bbf37dcd2b68c23744d90abb641
DA:14,1,06d90be2bdee77ebe88f0e7d1043d81f
DA:17,1,b0e840802bc027bb91eb8f594bb6a1fc
DA:17,1,b0e840802bc027bb91eb8f594bb6a1fc
DA:19,1,f50ca8f04981ec503de784520aff61e0
DA:19,1,f50ca8f04981ec503de784520aff61e0
DA:20,1,c0297b3d93a238ba2e6eadfa586824a0
DA:20,0,c0297b3d93a238ba2e6eadfa586824a0
DA:23,0,5d5eb611a2ca6b199924e6222c25eb66
DA:23,1,5d5eb611a2ca6b199924e6222c25eb66
DA:25,1,cbb184dd8e05c9709e5dcaedaa0495cf
DA:25,1,cbb184dd8e05c9709e5dcaedaa0495cf
LH:12
LF:14
end_of_record
