<?xml version='1.0' encoding='UTF-8'?>
<!DOCTYPE coverage SYSTEM 'http://cobertura.sourceforge.net/xml/coverage-04.dtd'>
<coverage line-rate="1.0" branch-rate="0.75" lines-covered="14" lines-valid="14" branches-covered="3" branches-valid="4" complexity="0.0" timestamp="0" version="gcovr main">
  <sources>
    <source>.</source>
  </sources>
  <packages>
    <package name="" line-rate="1.0" branch-rate="0.75" complexity="0.0">
      <classes>
        <class name="main_cpp" filename="main.cpp" line-rate="1.0" branch-rate="0.75" complexity="0.0">
          <methods/>
          <lines>
            <line number="38" hits="41" branch="false"/>
            <line number="39" hits="41" branch="true" condition-coverage="100% (2/2)">
              <conditions>
                <condition number="0" type="jump" coverage="100%"/>
              </conditions>
            </line>
            <line number="40" hits="25" branch="false"/>
            <line number="42" hits="16" branch="false"/>
            <line number="47" hits="1" branch="false"/>
            <line number="49" hits="1" branch="false"/>
            <line number="51" hits="2" branch="true" condition-coverage="50% (1/2)">
              <conditions>
                <condition number="0" type="jump" coverage="50%"/>
              </conditions>
            </line>
            <line number="61" hits="1" branch="false"/>
            <line number="81" hits="1" branch="false"/>
            <line number="82" hits="1" branch="false"/>
            <line number="84" hits="1" branch="false"/>
            <line number="85" hits="1" branch="false"/>
            <line number="86" hits="1" branch="false"/>
            <line number="88" hits="1" branch="false"/>
          </lines>
        </class>
      </classes>
    </package>
  </packages>
</coverage>
