TN:GCOVR report
SF:tests/excl-function/main.cpp
VER:887ee1f7bf93bfe1de81bdffe787e744
FN:9,foo(int)
FNDA:0,foo(int)
FN:81,main
FNDA:1,main
FN:31,sort_excluded()
FNDA:0,sort_excluded()
FN:38,sort_excluded()::{lambda(int, int)#1}::operator()(int, int) const
FNDA:41,sort_excluded()::{lambda(int, int)#1}::operator()(int, int) const
FN:63,sort_excluded_both()
FNDA:0,sort_excluded_both()
FN:70,sort_excluded_both()::{lambda(int, int)#1}::operator()(int, int) const
FNDA:0,sort_excluded_both()::{lambda(int, int)#1}::operator()(int, int) const
FN:47,sort_lambda_excluded()
FNDA:1,sort_lambda_excluded()
FN:54,sort_lambda_excluded()::{lambda(int, int)#1}::operator()(int, int) const
FNDA:0,sort_lambda_excluded()::{lambda(int, int)#1}::operator()(int, int) const
FNF:8
FNH:3
BRDA:39,2,0,25
BRDA:39,2,1,16
BRDA:51,6,0,1
BRDA:51,e6,1,-
BRF:4
BRH:3
DA:9,0,2b952df6e530d87e0f25f9d1d6989888
DA:10,0,9aec6e9f39e083955a45d75c49ebcda0
DA:11,0,bc8f319d98d85752829e7a6015d60296
DA:13,0,1292cb5abbd08f6b8595e6ca37fc841a
DA:15,0,9aec6e9f39e083955a45d75c49ebcda0
DA:16,0,bc8f319d98d85752829e7a6015d60296
DA:18,0,1292cb5abbd08f6b8595e6ca37fc841a
DA:21,0,9aec6e9f39e083955a45d75c49ebcda0
DA:22,0,bc8f319d98d85752829e7a6015d60296
DA:24,0,1292cb5abbd08f6b8595e6ca37fc841a
DA:27,0,6304eee57366eeaaf7da439e3dcbbf8a
DA:31,0,1e6eb27dd1514c30e8f1395c71dfa2af
DA:33,0,03e86c738e9509c13c4de2fc9cc35509
DA:35,0,859bb7d6c6c31753231ab01258dc14c8
DA:38,41,37ac7c8e3419e6724047be0cf37e67a6
DA:39,41,44bf2cf251411a0bfca22fd5090ff03f
DA:40,25,779c5af1c6532bd2c4966e02c459fffb
DA:42,16,d74ab6c48c1c1db38fd5d6a0ad9172cf
DA:45,0,cbb184dd8e05c9709e5dcaedaa0495cf
DA:47,1,2d0f37458d0ced87fa8bd5fbb15181e0
DA:49,1,03e86c738e9509c13c4de2fc9cc35509
DA:51,2,859bb7d6c6c31753231ab01258dc14c8
DA:54,0,51d4349f7651a5e5391b6d009d608507
DA:55,0,44bf2cf251411a0bfca22fd5090ff03f
DA:56,0,779c5af1c6532bd2c4966e02c459fffb
DA:58,0,d74ab6c48c1c1db38fd5d6a0ad9172cf
DA:61,1,cbb184dd8e05c9709e5dcaedaa0495cf
DA:63,0,6f534a277420f0bb508c2c4490bf8b4e
DA:65,0,03e86c738e9509c13c4de2fc9cc35509
DA:67,0,859bb7d6c6c31753231ab01258dc14c8
DA:70,0,51d4349f7651a5e5391b6d009d608507
DA:71,0,44bf2cf251411a0bfca22fd5090ff03f
DA:72,0,779c5af1c6532bd2c4966e02c459fffb
DA:74,0,d74ab6c48c1c1db38fd5d6a0ad9172cf
DA:77,0,cbb184dd8e05c9709e5dcaedaa0495cf
DA:81,1,2a787a1309f19379bb0e3d8434d2a18d
DA:82,1,666f8f06d06141336f41aebe519a6ea3
DA:84,1,95c0c8af7dd68953f1c57a1fe3bb99e5
DA:85,1,7d9dd85f5271259543827cc3b508152e
DA:86,1,c2e11bfa1ed5de109a6dc48624a82ff2
DA:88,1,7483dc5d2ba8642b2a3fed7915b6f508
LH:14
LF:41
end_of_record
