------------------------------------------------------------------------------
                           GCC Code Coverage Report
Directory: .
------------------------------------------------------------------------------
File                                       Lines    Exec  Cover   Missing
------------------------------------------------------------------------------
main.cpp                                      13      13   100%
------------------------------------------------------------------------------
TOTAL                                         13      13   100%
------------------------------------------------------------------------------
