TN:GCOVR report
SF:tests/excl-function/main.cpp
VER:ef4cee0098ba75ffac2e74e34c5c0f5c
FN:9,foo(int)
FNDA:0,foo(int)
FN:86,main
FNDA:1,main
FN:46,sort_excluded()
FNDA:1,sort_excluded()
FN:46,sort_excluded()::{lambda(int, int)#1}::operator()(int, int) const
FNDA:41,sort_excluded()::{lambda(int, int)#1}::operator()(int, int) const
FN:47,sort_excluded()::{lambda(int, int)#2}::operator()(int, int) const
FNDA:41,sort_excluded()::{lambda(int, int)#2}::operator()(int, int) const
FN:68,sort_excluded_both()
FNDA:0,sort_excluded_both()
FN:75,sort_excluded_both()::{lambda(int, int)#1}::operator()(int, int) const
FNDA:0,sort_excluded_both()::{lambda(int, int)#1}::operator()(int, int) const
FN:50,sort_lambda_excluded()
FNDA:1,sort_lambda_excluded()
FN:52,sort_lambda_excluded()::{lambda(int, int)#1}::operator()(int, int) const
FNDA:41,sort_lambda_excluded()::{lambda(int, int)#1}::operator()(int, int) const
FN:59,sort_lambda_excluded()::{lambda(int, int)#2}::operator()(int, int) const
FNDA:0,sort_lambda_excluded()::{lambda(int, int)#2}::operator()(int, int) const
FNF:10
FNH:6
BRDA:46,6,0,26
BRDA:46,e6,1,16
BRDA:47,11,0,26
BRDA:47,e11,1,16
BRDA:52,6,0,1
BRDA:52,e6,1,-
BRDA:52,2,2,25
BRDA:52,2,3,16
BRDA:56,11,0,1
BRDA:56,e11,1,-
BRF:10
BRH:8
DA:9,0,2b952df6e530d87e0f25f9d1d6989888
DA:10,0,9aec6e9f39e083955a45d75c49ebcda0
DA:11,0,bc8f319d98d85752829e7a6015d60296
DA:13,0,1292cb5abbd08f6b8595e6ca37fc841a
DA:15,0,9aec6e9f39e083955a45d75c49ebcda0
DA:16,0,bc8f319d98d85752829e7a6015d60296
DA:18,0,1292cb5abbd08f6b8595e6ca37fc841a
DA:21,0,9aec6e9f39e083955a45d75c49ebcda0
DA:22,0,bc8f319d98d85752829e7a6015d60296
DA:24,0,1292cb5abbd08f6b8595e6ca37fc841a
DA:27,0,6304eee57366eeaaf7da439e3dcbbf8a
DA:46,44,f016c358cdf0f308f07a7505c148cf65
DA:47,44,0e23f483ee2d1c8ae8a72f3ad0cb806c
DA:48,0,cbb184dd8e05c9709e5dcaedaa0495cf
DA:50,1,2d0f37458d0ced87fa8bd5fbb15181e0
DA:52,44,32aa62aaaf291ad675c5d40c9b2dfa29
DA:54,1,03e86c738e9509c13c4de2fc9cc35509
DA:56,2,859bb7d6c6c31753231ab01258dc14c8
DA:59,0,51d4349f7651a5e5391b6d009d608507
DA:60,0,44bf2cf251411a0bfca22fd5090ff03f
DA:61,0,779c5af1c6532bd2c4966e02c459fffb
DA:63,0,d74ab6c48c1c1db38fd5d6a0ad9172cf
DA:66,1,cbb184dd8e05c9709e5dcaedaa0495cf
DA:68,0,6f534a277420f0bb508c2c4490bf8b4e
DA:70,0,03e86c738e9509c13c4de2fc9cc35509
DA:72,0,859bb7d6c6c31753231ab01258dc14c8
DA:75,0,51d4349f7651a5e5391b6d009d608507
DA:76,0,44bf2cf251411a0bfca22fd5090ff03f
DA:77,0,779c5af1c6532bd2c4966e02c459fffb
DA:79,0,d74ab6c48c1c1db38fd5d6a0ad9172cf
DA:82,0,cbb184dd8e05c9709e5dcaedaa0495cf
DA:86,1,2a787a1309f19379bb0e3d8434d2a18d
DA:87,1,666f8f06d06141336f41aebe519a6ea3
DA:89,1,95c0c8af7dd68953f1c57a1fe3bb99e5
DA:90,1,7d9dd85f5271259543827cc3b508152e
DA:91,1,c2e11bfa1ed5de109a6dc48624a82ff2
DA:93,1,7483dc5d2ba8642b2a3fed7915b6f508
LH:13
LF:37
end_of_record
