------------------------------------------------------------------------------
                           GCC Code Coverage Report
Directory: .
------------------------------------------------------------------------------
File                                       Lines    Exec  Cover   Missing
------------------------------------------------------------------------------
main.cpp                                      14      14   100%
------------------------------------------------------------------------------
TOTAL                                         14      14   100%
------------------------------------------------------------------------------
