<?xml version='1.0' encoding='UTF-8'?>
<!DOCTYPE coverage SYSTEM 'http://cobertura.sourceforge.net/xml/coverage-04.dtd'>
<coverage line-rate="0.85714" branch-rate="0.25" lines-covered="6" lines-valid="7" branches-covered="1" branches-valid="4" complexity="0.0" timestamp="0" version="gcovr 8.3">
  <sources>
    <source>tests/different-conditions-fold</source>
  </sources>
  <packages>
    <package name="" line-rate="0.85714" branch-rate="0.25" complexity="0.0">
      <classes>
        <class name="main_c" filename="main.c" line-rate="0.85714" branch-rate="0.25" complexity="0.0">
          <methods>
            <method name="foo" signature="()" line-rate="0.75" branch-rate="0.25" complexity="0.0">
              <lines>
                <line number="3" hits="2" branch="false"/>
                <line number="4" hits="2" branch="true" condition-coverage="25% (1/4)">
                  <conditions>
                    <condition number="0" type="jump" coverage="25%"/>
                  </conditions>
                </line>
                <line number="5" hits="0" branch="false"/>
                <line number="7" hits="2" branch="false"/>
              </lines>
            </method>
            <method name="main" signature="()" line-rate="1.0" branch-rate="1.0" complexity="0.0">
              <lines>
                <line number="11" hits="2" branch="false"/>
                <line number="12" hits="2" branch="false"/>
                <line number="14" hits="2" branch="false"/>
              </lines>
            </method>
          </methods>
          <lines>
            <line number="3" hits="2" branch="false"/>
            <line number="4" hits="2" branch="true" condition-coverage="25% (1/4)">
              <conditions>
                <condition number="0" type="jump" coverage="25%"/>
              </conditions>
            </line>
            <line number="5" hits="0" branch="false"/>
            <line number="7" hits="2" branch="false"/>
            <line number="11" hits="2" branch="false"/>
            <line number="12" hits="2" branch="false"/>
            <line number="14" hits="2" branch="false"/>
          </lines>
        </class>
      </classes>
    </package>
  </packages>
</coverage>
