TN:GCOVR report
SF:tests/different-conditions-fold/main.c
VER:7880a0803e2540129ef0fe0dad84ee83
FN:3,foo
FNDA:2,foo
FN:11,main
FNDA:2,main
FNF:2
FNH:2
BRDA:4,2,0,-
BRDA:4,2,1,2
BRDA:4,3,2,-
BRDA:4,3,3,-
BRF:4
BRH:1
DA:3,2,5549d12996792ed018f5f2b7ac0c940c
DA:4,2,c53e534dde3abf2f91196ca7d46c08c4
DA:5,0,2c49a86f5754f8103995fc6d32bc207e
DA:7,2,9e509d19a37174e72bead0ea24176228
DA:11,2,2a787a1309f19379bb0e3d8434d2a18d
DA:12,2,29a92ec6fda1fac353c6718db1b03e06
DA:14,2,c26ba559a5f34d46a49fafed87946fb7
LH:6
LF:7
end_of_record
