------------------------------------------------------------------------------
                           GCC Code Coverage Report
Directory: .
------------------------------------------------------------------------------
File                                       Lines    Exec  Cover   Missing
------------------------------------------------------------------------------
main.cpp                                      13       8    61%   3-4,9,22,26
------------------------------------------------------------------------------
TOTAL                                         13       8    61%
------------------------------------------------------------------------------
