TN:GCOVR report
SF:tests/exclude-branch/output/exclude-throw-branches/main_exclude_throw_branches.cpp
VER:1a27c541bdd456d68b3ca671ff1cf419
FN:3,function_that_may_throw(bool)
FNDA:3,function_that_may_throw(bool)
FN:16,RAII::method_that_may_throw() const
FNDA:1,RAII::method_that_may_throw() const
FN:21,RAII::RAII(bool)
FNDA:1,RAII::RAII(bool)
FN:22,RAII::~RAII()
FNDA:1,RAII::~RAII()
FN:24,function_with_catchers(int)
FNDA:1,function_with_catchers(int)
FN:47,main
FNDA:1,main
FNF:6
FNH:6
BRDA:4,0,0,1
BRDA:4,0,1,2
BRDA:5,0,0,1
BRDA:28,0,0,-
BRDA:33,0,0,1
BRDA:36,0,0,1
BRDA:41,0,0,1
BRF:7
BRH:6
DA:3,3,95d1f88633ca0dbcbab62305b659fe88
DA:4,3,f1c16e761686c59998ef88898ddcf738
DA:5,1,d26e4bf5b3a230f06c5ec2907ffd527f
DA:7,2,ee85d675410f109e2d3eddab85483347
DA:16,1,e2c02e3566aa1a73f358de2244df1935
DA:17,1,d878f58d4aaeb95c1c667c31c90688c1
DA:21,1,a9149bece4ba61466af8f39f07c24214
DA:22,1,9a6e11629f107016984da48f9ffc0b61
DA:24,1,43b9e3afb361c713b2fc61da8962a5ac
DA:25,1,7690831deb3ffc5bea8ae7ce2d9aedd1
DA:28,1,5a6f4ad904c70428b558a7a76150d268
DA:29,1,8bd26b074ddb624b2d0e8d2f2c97f8c6
DA:30,1,7a50cda8507facd2dd1cea0710b6794e
DA:33,2,f7782e4bee449335d6d76a39cd6b4386
DA:36,1,dbb01c8aa62038c92932ae1b8c744627
DA:37,0,8bd26b074ddb624b2d0e8d2f2c97f8c6
DA:38,0,430d88bc33efb4bea3225d844dfe292a
DA:41,1,86a6b5fc13347758e61c6df5731198f2
DA:43,1,02abc18c3b46fbd7cfee6bbcd0986b79
DA:47,1,2a787a1309f19379bb0e3d8434d2a18d
DA:48,1,465384b8aa76a99e807191be0bfffc08
LH:19
LF:21
end_of_record
