TN:GCOVR report
SF:tests/excl-source-branch/main.cpp
VER:dc5be519cfb263f1ee0634f0ff3d3976
FN:3,_Z3fooi
FNDA:2,_Z3fooi
FN:19,main
FNDA:1,main
FNF:2
FNH:2
BRDA:5,0,0,1
BRDA:5,0,1,-
BRDA:5,0,2,-
BRDA:5,0,3,1
BRDA:5,0,4,-
BRDA:20,0,0,1
BRDA:20,0,1,-
BRDA:20,1,2,1
BRDA:20,1,3,-
BRF:9
BRH:4
DA:3,2,bb4aae5e443f387349849f9a5a813e31
DA:5,2,2f75aa6a28200bafd87f531f56142cc9
DA:7,1,50693ade9b664175e88de8e274c13f7c
DA:9,0,c6a12444de573b2c2b7b0a174f0ebdcc
DA:11,0,56c3379ff05bc32bf6babb7ed531a8b1
DA:13,1,b5e3841cc68726671ff96723b9908f65
DA:15,0,b367dfc135d73e5d67008824d553c40e
DA:17,2,cbb184dd8e05c9709e5dcaedaa0495cf
DA:19,1,a6d9c6b11c5c5fa89740c54d827e092e
DA:20,1,6062586c70805c0b5ba0188b4261aa8f
DA:21,1,08770eaa1cf66e1aa1474b46fccbcbba
DA:22,1,68e4fcd72e87ba52e753d0af1b16fc7d
DA:24,0,d015ff958fad6b368cc84408e7ff74a6
DA:27,1,7483dc5d2ba8642b2a3fed7915b6f508
LH:10
LF:14
end_of_record
