------------------------------------------------------------------------------
                           GCC Code Coverage Report
Directory: .
------------------------------------------------------------------------------
File                                       Lines    Exec  Cover   Missing
------------------------------------------------------------------------------
main.cpp                                      14      10    71%   8,10,14,23
------------------------------------------------------------------------------
TOTAL                                         14      10    71%
------------------------------------------------------------------------------
