------------------------------------------------------------------------------
                           GCC Code Coverage Report
Directory: .
------------------------------------------------------------------------------
File                                       Lines    Exec  Cover   Missing
------------------------------------------------------------------------------
main.cpp                                      15      12    80%   6,13,17
------------------------------------------------------------------------------
TOTAL                                         15      12    80%
------------------------------------------------------------------------------
