------------------------------------------------------------------------------
                           GCC Code Coverage Report
Directory: .
------------------------------------------------------------------------------
File                                       Lines    Exec  Cover   Missing
------------------------------------------------------------------------------
main.cpp                                       5       5   100%
file1.cpp                                      5       4    80%   4
file4.cpp                                      2       0     0%   1,3
file2.cpp                                      7       4    57%   8,10-11
file3.cpp                                     10       4    40%   8,10-12,14-15
------------------------------------------------------------------------------
TOTAL                                         29      17    58%
------------------------------------------------------------------------------
