------------------------------------------------------------------------------
                           GCC Code Coverage Report
Directory: .
------------------------------------------------------------------------------
File                                       Lines    Exec  Cover   Missing
------------------------------------------------------------------------------
code.cpp                                      10       8    80%   5,16
------------------------------------------------------------------------------
TOTAL                                         10       8    80%
------------------------------------------------------------------------------
