------------------------------------------------------------------------------
                           GCC Code Coverage Report
Directory: .
------------------------------------------------------------------------------
File                                       Lines    Exec  Cover   Missing
------------------------------------------------------------------------------
func.h                                         6       5    83%   8
main.c                                         3       3   100%
------------------------------------------------------------------------------
TOTAL                                          9       8    88%
------------------------------------------------------------------------------
