------------------------------------------------------------------------------
                           GCC Code Coverage Report
Directory: .
------------------------------------------------------------------------------
File                                       Lines    Exec  Cover   Missing
------------------------------------------------------------------------------
code.cpp                                       8       6    75%   5,16
------------------------------------------------------------------------------
TOTAL                                          8       6    75%
------------------------------------------------------------------------------
