------------------------------------------------------------------------------
                           GCC Code Coverage Report
Directory: .
------------------------------------------------------------------------------
File                                       Lines    Exec  Cover   Missing
------------------------------------------------------------------------------
main.cpp                                      20      14    70%   5-6,11-12,20-21
------------------------------------------------------------------------------
TOTAL                                         20      14    70%
------------------------------------------------------------------------------
