------------------------------------------------------------------------------
                           GCC Code Coverage Report
Directory: .
------------------------------------------------------------------------------
File                                       Lines    Exec  Cover   Missing
------------------------------------------------------------------------------
main.cpp                                      13       9    69%   5-6,11-12
------------------------------------------------------------------------------
TOTAL                                         13       9    69%
------------------------------------------------------------------------------
