------------------------------------------------------------------------------
                           GCC Code Coverage Report
Directory: .
------------------------------------------------------------------------------
File                                       Lines    Exec  Cover   Missing
------------------------------------------------------------------------------
main.c                                         8       7    87%   5
------------------------------------------------------------------------------
TOTAL                                          8       7    87%
------------------------------------------------------------------------------
