------------------------------------------------------------------------------
                           GCC Code Coverage Report
Directory: .
------------------------------------------------------------------------------
File                                       Lines    Exec  Cover   Missing
------------------------------------------------------------------------------
main.cpp                                       9       6    66%   5,7,16
------------------------------------------------------------------------------
TOTAL                                          9       6    66%
------------------------------------------------------------------------------
