------------------------------------------------------------------------------
                           GCC Code Coverage Report
Directory: .
------------------------------------------------------------------------------
File                                       Lines    Exec  Cover   Missing
------------------------------------------------------------------------------
exclude-line-branch/bar.cpp                    1       0     0%   19
exclude-line-branch/foo.cpp                   10       8    80%   8,10
exclude-line-branch/main.cpp                  11       9    81%   30,33
------------------------------------------------------------------------------
TOTAL                                         22      17    77%
------------------------------------------------------------------------------
