------------------------------------------------------------------------------
                           GCC Code Coverage Report
Directory: .
------------------------------------------------------------------------------
File                                       Lines    Exec  Cover   Missing
------------------------------------------------------------------------------
main.cpp                                      32      31    96%   29
------------------------------------------------------------------------------
TOTAL                                         32      31    96%
------------------------------------------------------------------------------
