        -:    0:Source:Src/main.cpp
        -:    0:Graph:/gcovr/tests/wrong-casing/main.gcno
        -:    0:Data:/gcovr/tests/wrong-casing/main.gcda
        -:    0:Runs:1
        -:    0:Programs:1
        -:    1:#include <iostream>
        -:    2:#include <cstdlib>
        -:    3:
function main called 1 returned 0% blocks executed 44%
        1:    4:int main(int argc, char* argv[]) {
        -:    5:   try {
        1:    6:      std::cout << "Exit program" << std::endl;
call    0 returned 1
branch  1 taken 1 (fallthrough)
branch  2 taken 0 (throw)
call    3 returned 1
branch  4 taken 1 (fallthrough)
branch  5 taken 0 (throw)
        1:    7:      std::exit(0);
call    0 returned 0
        -:    8:   }
    =====:    9:   catch (const std::exception& e) {
call    0 never executed
call    1 never executed
        -:   10:      // Do nothing
        -:   11:   }
function _GLOBAL__sub_I_main.cpp called 1 returned 100% blocks executed 100%
function __static_initialization_and_destruction_0(int, int) called 1 returned 100% blocks executed 100%
        3:   12:}
call    0 returned 1
branch  1 taken 1 (fallthrough)
branch  2 taken 0
branch  3 taken 1 (fallthrough)
branch  4 taken 0
branch  5 never executed
branch  6 never executed
call    7 never executed
