------------------------------------------------------------------------------
                           GCC Code Coverage Report
Directory: .
------------------------------------------------------------------------------
File                                       Lines    Exec  Cover   Missing
------------------------------------------------------------------------------
main.cpp                                       7       6    85%   6
------------------------------------------------------------------------------
TOTAL                                          7       6    85%
------------------------------------------------------------------------------
