<?xml version='1.0' encoding='UTF-8'?>
<!DOCTYPE coverage SYSTEM 'http://cobertura.sourceforge.net/xml/coverage-04.dtd'>
<coverage line-rate="0.58824" branch-rate="0.45455" lines-covered="10" lines-valid="17" branches-covered="5" branches-valid="11" complexity="0.0" timestamp="0" version="gcovr 8.2+main">
  <sources>
    <source>.</source>
  </sources>
  <packages>
    <package name="" line-rate="0.58824" branch-rate="0.45455" complexity="0.0">
      <classes>
        <class name="main_cpp" filename="main.cpp" line-rate="0.58824" branch-rate="0.45455" complexity="0.0">
          <methods/>
          <lines>
            <line number="3" hits="2" branch="false"/>
            <line number="5" hits="2" branch="true" condition-coverage="40% (2/5)">
              <conditions>
                <condition number="0" type="jump" coverage="40%"/>
              </conditions>
            </line>
            <line number="6" hits="1" branch="false"/>
            <line number="7" hits="1" branch="false"/>
            <line number="8" hits="0" branch="false"/>
            <line number="9" hits="0" branch="false"/>
            <line number="10" hits="0" branch="false"/>
            <line number="11" hits="0" branch="false"/>
            <line number="12" hits="1" branch="false"/>
            <line number="13" hits="1" branch="false"/>
            <line number="14" hits="0" branch="false"/>
            <line number="15" hits="0" branch="false"/>
            <line number="19" hits="1" branch="false"/>
            <line number="20" hits="1" branch="true" condition-coverage="50% (3/6)">
              <conditions>
                <condition number="0" type="jump" coverage="50%"/>
              </conditions>
            </line>
            <line number="21" hits="1" branch="false"/>
            <line number="24" hits="0" branch="false"/>
            <line number="27" hits="1" branch="false"/>
          </lines>
        </class>
      </classes>
    </package>
  </packages>
</coverage>
