------------------------------------------------------------------------------
                           GCC Code Coverage Report
Directory: .
------------------------------------------------------------------------------
File                                       Lines    Exec  Cover   Missing
------------------------------------------------------------------------------
main.cpp                                      17      10    58%   7-10,13-14,23
------------------------------------------------------------------------------
TOTAL                                         17      10    58%
------------------------------------------------------------------------------
