TN:GCOVR report
SF:tests/excl-source-branch/main.cpp
VER:b8d1f46feca0e00addb24f4db2fc7b6d
FN:3,foo(int)
FNDA:2,foo(int)
FN:18,main
FNDA:1,main
FNF:2
FNH:2
BRDA:4,0,0,1
BRDA:4,0,1,-
BRDA:4,0,2,-
BRDA:4,0,3,1
BRDA:4,0,4,-
BRDA:19,0,0,1
BRDA:19,0,1,-
BRDA:19,1,2,1
BRDA:19,1,3,-
BRDA:19,4,4,1
BRDA:19,4,5,-
BRF:11
BRH:5
DA:3,2,bb4aae5e443f387349849f9a5a813e31
DA:4,2,2f75aa6a28200bafd87f531f56142cc9
DA:5,1,fb7e64b47dcfb3df6c2aaeddc9e95762
DA:6,1,50693ade9b664175e88de8e274c13f7c
DA:7,0,0bbd6ad156bec8e0cd1870e7b494cdcb
DA:8,0,c6a12444de573b2c2b7b0a174f0ebdcc
DA:9,0,c6196456969f23ce17bfbec1a8b970be
DA:10,0,56c3379ff05bc32bf6babb7ed531a8b1
DA:11,1,c7681c58561326a8e3f994a854c638d0
DA:12,1,b5e3841cc68726671ff96723b9908f65
DA:13,0,8f556dc5bac889fb0d6b398cc5f1d1a2
DA:14,0,b367dfc135d73e5d67008824d553c40e
DA:18,1,2a787a1309f19379bb0e3d8434d2a18d
DA:19,1,6062586c70805c0b5ba0188b4261aa8f
DA:20,1,08770eaa1cf66e1aa1474b46fccbcbba
DA:23,0,d015ff958fad6b368cc84408e7ff74a6
DA:26,1,7483dc5d2ba8642b2a3fed7915b6f508
LH:10
LF:17
end_of_record
