------------------------------------------------------------------------------
                           GCC Code Coverage Report
Directory: .
------------------------------------------------------------------------------
File                                       Lines    Exec  Cover   Missing
------------------------------------------------------------------------------
main.cpp                                      11       9    81%   5,11
------------------------------------------------------------------------------
TOTAL                                         11       9    81%
------------------------------------------------------------------------------
