TN:GCOVR report
SF:tests/no-markers/main.cpp
VER:058d6bcbb91973465139dfd011da6d89
FN:18,bar(int)
FNDA:1,bar(int)
FN:3,foo(int)
FNDA:1,foo(int)
FN:26,main
FNDA:1,main
FNF:3
FNH:3
BRDA:4,0,0,-
BRDA:4,0,1,1
BRDA:10,0,0,-
BRDA:10,0,1,1
BRDA:19,0,0,-
BRDA:19,0,1,1
BRF:6
BRH:3
DA:3,1,1da1cd97debf0f1f1611efcb978ecb25
DA:4,1,81fff94209b659e33b1459a477e1e747
DA:5,0,89f41aa2034ee1a649c881db918f21e3
DA:7,1,a19418b9987a4c14c00c52394588f7a0
DA:10,1,81fff94209b659e33b1459a477e1e747
DA:11,0,0b2fbaaf039f484e5e4dc8d1a3d62368
DA:13,1,a19418b9987a4c14c00c52394588f7a0
DA:16,1,cbb184dd8e05c9709e5dcaedaa0495cf
DA:18,1,f63ea3450eadb39d9c88dc5881b57fe5
DA:19,1,81fff94209b659e33b1459a477e1e747
DA:20,0,0b2fbaaf039f484e5e4dc8d1a3d62368
DA:22,1,a19418b9987a4c14c00c52394588f7a0
DA:24,1,cbb184dd8e05c9709e5dcaedaa0495cf
DA:26,1,2a787a1309f19379bb0e3d8434d2a18d
DA:27,1,12808cce914b7254afa3cb2f5d32ff17
DA:28,1,09b194e45a7a7208fec0c967f468e5bf
DA:29,1,c26ba559a5f34d46a49fafed87946fb7
LH:14
LF:17
end_of_record
