<?xml version='1.0' encoding='UTF-8'?>
<!DOCTYPE coverage SYSTEM 'http://cobertura.sourceforge.net/xml/coverage-04.dtd'>
<coverage line-rate="0.85714" branch-rate="0.5" lines-covered="6" lines-valid="7" branches-covered="3" branches-valid="6" complexity="0.0" timestamp="1737404287" version="gcovr 8.3+main">
  <sources>
    <source>tests/excl-line</source>
  </sources>
  <packages>
    <package name="" line-rate="0.85714" branch-rate="0.5" complexity="0.0">
      <classes>
        <class name="main_cpp" filename="main.cpp" line-rate="0.85714" branch-rate="0.5" complexity="0.0">
          <methods/>
          <lines>
            <line number="4" hits="1" branch="false"/>
            <line number="5" hits="1" branch="true" condition-coverage="50% (1/2)">
              <conditions>
                <condition number="0" type="jump" coverage="50%"/>
              </conditions>
            </line>
            <line number="6" hits="0" branch="false"/>
            <line number="25" hits="1" branch="false"/>
            <line number="26" hits="1" branch="false"/>
            <line number="29" hits="1" branch="false"/>
            <line number="30" hits="4" branch="true" condition-coverage="50% (2/4)">
              <conditions>
                <condition number="0" type="jump" coverage="50%"/>
              </conditions>
            </line>
          </lines>
        </class>
      </classes>
    </package>
  </packages>
</coverage>
